=====
Starting experiment stage1
ID: 40, PID 0/1
09_25_2018_18:55:33
=====
=====
Starting experiment stage1
ID: 40, PID 0/1
09_25_2018_18:56:05
=====
=====
Starting experiment stage1
ID: 40, PID 0/1
09_25_2018_18:57:10
=====
DCGANSize32Col3: {'netGkey': '', 'netGinstance': -1, 'ngpu': 0, 'netGclass': <class 'code.total.models.nnModels.NetG32'>, 'checkpointEvery': 10, 'ngf': 64, 'netDclass': <class 'code.total.models.nnModels.NetD32'>, 'nGANepochs': 1, 'netDexpNum': -1, 'nc': 3, 'nz': 100, 'ndf': 64, 'netGexpNum': -1, 'netDinstance': -1, 'lr': 0.0002, 'cuda': False, 'beta1': 0.5, 'netDkey': '', 'imSize': 32}
An exception occurred when running DCGANSize32Col3
<type 'exceptions.AttributeError'>
'DCGANSize32Col3' object has no attribute 'outShape'
Exiting early
=====
Starting experiment stage1
ID: 40, PID 0/1
09_25_2018_18:59:27
=====
DCGANSize32Col3: {'netGkey': '', 'netGinstance': -1, 'ngpu': 0, 'netGclass': <class 'code.total.models.nnModels.NetG32'>, 'checkpointEvery': 10, 'ngf': 64, 'netDclass': <class 'code.total.models.nnModels.NetD32'>, 'nGANepochs': 1, 'netDexpNum': -1, 'nc': 3, 'nz': 100, 'ndf': 64, 'netGexpNum': -1, 'netDinstance': -1, 'lr': 0.0002, 'cuda': False, 'beta1': 0.5, 'netDkey': '', 'imSize': 32}
DCGANSize32Col3: outShape is (3, 32, 32)
An exception occurred when running DCGANSize32Col3
<type 'exceptions.TypeError'>
__init__() got an unexpected keyword argument 'ngf'
Exiting early
=====
Starting experiment stage1
ID: 40, PID 0/1
09_26_2018_10:57:07
=====
DCGANSize32Col3: {'netGkey': '', 'netGinstance': -1, 'ngpu': 0, 'netGclass': <class 'code.total.models.nnModels.NetG32'>, 'checkpointEvery': 10, 'ngf': 64, 'netDclass': <class 'code.total.models.nnModels.NetD32'>, 'nGANepochs': 1, 'netDexpNum': -1, 'nc': 3, 'nz': 100, 'ndf': 64, 'netGexpNum': -1, 'netDinstance': -1, 'lr': 0.0002, 'cuda': False, 'beta1': 0.5, 'netDkey': '', 'imSize': 32}
DCGANSize32Col3: outShape is (3, 32, 32)
An exception occurred when running DCGANSize32Col3
<type 'exceptions.TypeError'>
__init__() got an unexpected keyword argument 'ngf'
Exiting early
=====
Starting experiment stage1
ID: 40, PID 0/1
09_26_2018_10:58:26
=====
DCGANSize32Col3: {'netGkey': '', 'netGinstance': -1, 'ngpu': 0, 'netGclass': <class 'code.total.models.nnModels.NetG32'>, 'checkpointEvery': 10, 'ngf': 64, 'netDclass': <class 'code.total.models.nnModels.NetD32'>, 'nGANepochs': 1, 'netDexpNum': -1, 'nc': 3, 'nz': 100, 'ndf': 64, 'netGexpNum': -1, 'netDinstance': -1, 'lr': 0.0002, 'cuda': False, 'beta1': 0.5, 'netDkey': '', 'imSize': 32}
DCGANSize32Col3: outShape is (3, 32, 32)
An exception occurred when running DCGANSize32Col3
<class 'bdb.BdbQuit'>

Exiting early
=====
Starting experiment stage1
ID: 40, PID 0/1
09_26_2018_11:00:50
=====
DCGANSize32Col3: {'netGkey': '', 'netGinstance': -1, 'ngpu': 0, 'netGclass': <class 'code.total.models.nnModels.NetG32'>, 'checkpointEvery': 10, 'ngf': 64, 'netDclass': <class 'code.total.models.nnModels.NetD32'>, 'nGANepochs': 1, 'netDexpNum': -1, 'nc': 3, 'nz': 100, 'ndf': 64, 'netGexpNum': -1, 'netDinstance': -1, 'lr': 0.0002, 'cuda': False, 'beta1': 0.5, 'netDkey': '', 'imSize': 32}
DCGANSize32Col3: outShape is (3, 32, 32)
An exception occurred when running GANTrain
<type 'exceptions.NameError'>
global name 'returnLabel' is not defined
Exiting early
=====
Starting experiment stage1
ID: 40, PID 0/1
09_26_2018_11:03:42
=====
DCGANSize32Col3: {'netGkey': '', 'netGinstance': -1, 'ngpu': 0, 'netGclass': <class 'code.total.models.nnModels.NetG32'>, 'checkpointEvery': 10, 'ngf': 64, 'netDclass': <class 'code.total.models.nnModels.NetD32'>, 'nGANepochs': 1, 'netDexpNum': -1, 'nc': 3, 'nz': 100, 'ndf': 64, 'netGexpNum': -1, 'netDinstance': -1, 'lr': 0.0002, 'cuda': False, 'beta1': 0.5, 'netDkey': '', 'imSize': 32}
DCGANSize32Col3: outShape is (3, 32, 32)
An exception occurred when running GANTrain
<type 'exceptions.NameError'>
global name 'returnLabel' is not defined
Exiting early
=====
Starting experiment stage1
ID: 40, PID 0/1
09_26_2018_11:04:44
=====
DCGANSize32Col3: {'netGkey': '', 'netGinstance': -1, 'ngpu': 0, 'netGclass': <class 'code.total.models.nnModels.NetG32'>, 'checkpointEvery': 10, 'ngf': 64, 'netDclass': <class 'code.total.models.nnModels.NetD32'>, 'nGANepochs': 1, 'netDexpNum': -1, 'nc': 3, 'nz': 100, 'ndf': 64, 'netGexpNum': -1, 'netDinstance': -1, 'lr': 0.0002, 'cuda': False, 'beta1': 0.5, 'netDkey': '', 'imSize': 32}
DCGANSize32Col3: outShape is (3, 32, 32)
An exception occurred when running GANTrain
<type 'exceptions.NameError'>
global name 'returnLabel' is not defined
Exiting early
=====
Starting experiment stage1
ID: 40, PID 0/1
09_26_2018_11:04:51
=====
DCGANSize32Col3: {'netGkey': '', 'netGinstance': -1, 'ngpu': 0, 'netGclass': <class 'code.total.models.nnModels.NetG32'>, 'checkpointEvery': 10, 'ngf': 64, 'netDclass': <class 'code.total.models.nnModels.NetD32'>, 'nGANepochs': 1, 'netDexpNum': -1, 'nc': 3, 'nz': 100, 'ndf': 64, 'netGexpNum': -1, 'netDinstance': -1, 'lr': 0.0002, 'cuda': False, 'beta1': 0.5, 'netDkey': '', 'imSize': 32}
DCGANSize32Col3: outShape is (3, 32, 32)
An exception occurred when running GANTrain
<type 'exceptions.TypeError'>
getDataloader() got an unexpected keyword argument 'returnClass'
Exiting early
=====
Starting experiment stage1
ID: 40, PID 0/1
09_26_2018_11:05:37
=====
DCGANSize32Col3: {'netGkey': '', 'netGinstance': -1, 'ngpu': 0, 'netGclass': <class 'code.total.models.nnModels.NetG32'>, 'checkpointEvery': 10, 'ngf': 64, 'netDclass': <class 'code.total.models.nnModels.NetD32'>, 'nGANepochs': 1, 'netDexpNum': -1, 'nc': 3, 'nz': 100, 'ndf': 64, 'netGexpNum': -1, 'netDinstance': -1, 'lr': 0.0002, 'cuda': False, 'beta1': 0.5, 'netDkey': '', 'imSize': 32}
DCGANSize32Col3: outShape is (3, 32, 32)
An exception occurred when running GANTrain
<type 'exceptions.NameError'>
global name 'matDirectory' is not defined
Exiting early
=====
Starting experiment stage1
ID: 40, PID 0/1
09_26_2018_11:06:43
=====
DCGANSize32Col3: {'netGkey': '', 'netGinstance': -1, 'ngpu': 0, 'netGclass': <class 'code.total.models.nnModels.NetG32'>, 'checkpointEvery': 10, 'ngf': 64, 'netDclass': <class 'code.total.models.nnModels.NetD32'>, 'nGANepochs': 1, 'netDexpNum': -1, 'nc': 3, 'nz': 100, 'ndf': 64, 'netGexpNum': -1, 'netDinstance': -1, 'lr': 0.0002, 'cuda': False, 'beta1': 0.5, 'netDkey': '', 'imSize': 32}
DCGANSize32Col3: outShape is (3, 32, 32)
An exception occurred when running GANTrain
<type 'exceptions.NameError'>
global name 'Y' is not defined
Exiting early
=====
Starting experiment stage1
ID: 40, PID 0/1
09_26_2018_11:08:15
=====
DCGANSize32Col3: {'netGkey': '', 'netGinstance': -1, 'ngpu': 0, 'netGclass': <class 'code.total.models.nnModels.NetG32'>, 'checkpointEvery': 10, 'ngf': 64, 'netDclass': <class 'code.total.models.nnModels.NetD32'>, 'nGANepochs': 1, 'netDexpNum': -1, 'nc': 3, 'nz': 100, 'ndf': 64, 'netGexpNum': -1, 'netDinstance': -1, 'lr': 0.0002, 'cuda': False, 'beta1': 0.5, 'netDkey': '', 'imSize': 32}
DCGANSize32Col3: outShape is (3, 32, 32)
DCGANSize32Col3: ===Begin epoch 0
DCGANSize32Col3: Iteration 0
An exception occurred when running GANTrain
<type 'exceptions.NameError'>
global name 'batchize' is not defined
Exiting early
=====
Starting experiment stage1
ID: 40, PID 0/1
09_26_2018_11:16:42
=====
DCGANSize32Col3: {'netGkey': '', 'netGinstance': -1, 'ngpu': 0, 'netGclass': <class 'code.total.models.nnModels.NetG32'>, 'checkpointEvery': 10, 'ngf': 64, 'netDclass': <class 'code.total.models.nnModels.NetD32'>, 'nGANepochs': 1, 'netDexpNum': -1, 'nc': 3, 'nz': 100, 'ndf': 64, 'netGexpNum': -1, 'netDinstance': -1, 'lr': 0.0002, 'cuda': True, 'beta1': 0.5, 'netDkey': '', 'imSize': 32}
DCGANSize32Col3: outShape is (3, 32, 32)
DCGANSize32Col3: ===Begin epoch 0
DCGANSize32Col3: Iteration 0
DCGANSize32Col3: Iteration 1
DCGANSize32Col3: Iteration 2
DCGANSize32Col3: Iteration 3
DCGANSize32Col3: Iteration 4
DCGANSize32Col3: Iteration 5
DCGANSize32Col3: Iteration 6
DCGANSize32Col3: Iteration 7
DCGANSize32Col3: Iteration 8
DCGANSize32Col3: Iteration 9
DCGANSize32Col3: Iteration 10
DCGANSize32Col3: Iteration 11
DCGANSize32Col3: Iteration 12
DCGANSize32Col3: Iteration 13
DCGANSize32Col3: Iteration 14
DCGANSize32Col3: Iteration 15
DCGANSize32Col3: Iteration 16
DCGANSize32Col3: Iteration 17
DCGANSize32Col3: Iteration 18
DCGANSize32Col3: Iteration 19
DCGANSize32Col3: Iteration 20
DCGANSize32Col3: Iteration 21
DCGANSize32Col3: Iteration 22
DCGANSize32Col3: Iteration 23
DCGANSize32Col3: Iteration 24
DCGANSize32Col3: Iteration 25
DCGANSize32Col3: Iteration 26
DCGANSize32Col3: Iteration 27
DCGANSize32Col3: Iteration 28
DCGANSize32Col3: Iteration 29
DCGANSize32Col3: Iteration 30
DCGANSize32Col3: Iteration 31
DCGANSize32Col3: Iteration 32
DCGANSize32Col3: Iteration 33
DCGANSize32Col3: Iteration 34
DCGANSize32Col3: Iteration 35
DCGANSize32Col3: Iteration 36
DCGANSize32Col3: Iteration 37
DCGANSize32Col3: Iteration 38
DCGANSize32Col3: Iteration 39
DCGANSize32Col3: Iteration 40
DCGANSize32Col3: Iteration 41
DCGANSize32Col3: Iteration 42
DCGANSize32Col3: Iteration 43
DCGANSize32Col3: Iteration 44
DCGANSize32Col3: Iteration 45
DCGANSize32Col3: Iteration 46
DCGANSize32Col3: Iteration 47
DCGANSize32Col3: Iteration 48
DCGANSize32Col3: Iteration 49
DCGANSize32Col3: Iteration 50
DCGANSize32Col3: Iteration 51
DCGANSize32Col3: Iteration 52
DCGANSize32Col3: Iteration 53
DCGANSize32Col3: Iteration 54
DCGANSize32Col3: Iteration 55
DCGANSize32Col3: Iteration 56
DCGANSize32Col3: Iteration 57
DCGANSize32Col3: Iteration 58
DCGANSize32Col3: Iteration 59
DCGANSize32Col3: Iteration 60
DCGANSize32Col3: Iteration 61
DCGANSize32Col3: Iteration 62
DCGANSize32Col3: Iteration 63
DCGANSize32Col3: Iteration 64
DCGANSize32Col3: Iteration 65
DCGANSize32Col3: Iteration 66
DCGANSize32Col3: Iteration 67
DCGANSize32Col3: Iteration 68
DCGANSize32Col3: Iteration 69
DCGANSize32Col3: Iteration 70
DCGANSize32Col3: Iteration 71
DCGANSize32Col3: Iteration 72
DCGANSize32Col3: Iteration 73
DCGANSize32Col3: Iteration 74
DCGANSize32Col3: Iteration 75
DCGANSize32Col3: Iteration 76
DCGANSize32Col3: Iteration 77
DCGANSize32Col3: Iteration 78
DCGANSize32Col3: Iteration 79
DCGANSize32Col3: Iteration 80
DCGANSize32Col3: Iteration 81
DCGANSize32Col3: Iteration 82
DCGANSize32Col3: Iteration 83
DCGANSize32Col3: Iteration 84
DCGANSize32Col3: Iteration 85
DCGANSize32Col3: Iteration 86
DCGANSize32Col3: Iteration 87
DCGANSize32Col3: Iteration 88
DCGANSize32Col3: Iteration 89
DCGANSize32Col3: Iteration 90
DCGANSize32Col3: Iteration 91
DCGANSize32Col3: Iteration 92
DCGANSize32Col3: Iteration 93
DCGANSize32Col3: Iteration 94
DCGANSize32Col3: Iteration 95
DCGANSize32Col3: Iteration 96
DCGANSize32Col3: Iteration 97
DCGANSize32Col3: Iteration 98
DCGANSize32Col3: Iteration 99
DCGANSize32Col3: Iteration 100
DCGANSize32Col3: Iteration 101
DCGANSize32Col3: Iteration 102
DCGANSize32Col3: Iteration 103
DCGANSize32Col3: Iteration 104
DCGANSize32Col3: Iteration 105
DCGANSize32Col3: Iteration 106
DCGANSize32Col3: Iteration 107
DCGANSize32Col3: Iteration 108
DCGANSize32Col3: Iteration 109
DCGANSize32Col3: Iteration 110
DCGANSize32Col3: Iteration 111
DCGANSize32Col3: Iteration 112
DCGANSize32Col3: Iteration 113
DCGANSize32Col3: Iteration 114
DCGANSize32Col3: Iteration 115
DCGANSize32Col3: Iteration 116
DCGANSize32Col3: Iteration 117
DCGANSize32Col3: Iteration 118
DCGANSize32Col3: Iteration 119
DCGANSize32Col3: Iteration 120
DCGANSize32Col3: Iteration 121
DCGANSize32Col3: Iteration 122
DCGANSize32Col3: Iteration 123
DCGANSize32Col3: Iteration 124
DCGANSize32Col3: Iteration 125
DCGANSize32Col3: Iteration 126
DCGANSize32Col3: Iteration 127
DCGANSize32Col3: Iteration 128
DCGANSize32Col3: Iteration 129
DCGANSize32Col3: Iteration 130
DCGANSize32Col3: Iteration 131
DCGANSize32Col3: Iteration 132
DCGANSize32Col3: Iteration 133
DCGANSize32Col3: Iteration 134
DCGANSize32Col3: Iteration 135
DCGANSize32Col3: Iteration 136
DCGANSize32Col3: Iteration 137
DCGANSize32Col3: Iteration 138
DCGANSize32Col3: Iteration 139
DCGANSize32Col3: Iteration 140
DCGANSize32Col3: Iteration 141
DCGANSize32Col3: Iteration 142
DCGANSize32Col3: Iteration 143
DCGANSize32Col3: Iteration 144
DCGANSize32Col3: Iteration 145
DCGANSize32Col3: Iteration 146
DCGANSize32Col3: Iteration 147
DCGANSize32Col3: Iteration 148
DCGANSize32Col3: Iteration 149
DCGANSize32Col3: Iteration 150
DCGANSize32Col3: Iteration 151
DCGANSize32Col3: Iteration 152
DCGANSize32Col3: Iteration 153
DCGANSize32Col3: Iteration 154
DCGANSize32Col3: Iteration 155
DCGANSize32Col3: Iteration 156
DCGANSize32Col3: Iteration 157
DCGANSize32Col3: Iteration 158
DCGANSize32Col3: Iteration 159
DCGANSize32Col3: Iteration 160
DCGANSize32Col3: Iteration 161
DCGANSize32Col3: Iteration 162
DCGANSize32Col3: Iteration 163
DCGANSize32Col3: Iteration 164
DCGANSize32Col3: Iteration 165
DCGANSize32Col3: Iteration 166
DCGANSize32Col3: Iteration 167
DCGANSize32Col3: Iteration 168
DCGANSize32Col3: Iteration 169
DCGANSize32Col3: Iteration 170
DCGANSize32Col3: Iteration 171
DCGANSize32Col3: Iteration 172
DCGANSize32Col3: Iteration 173
DCGANSize32Col3: Iteration 174
DCGANSize32Col3: Iteration 175
DCGANSize32Col3: Iteration 176
DCGANSize32Col3: Iteration 177
DCGANSize32Col3: Iteration 178
DCGANSize32Col3: Iteration 179
DCGANSize32Col3: Iteration 180
DCGANSize32Col3: Iteration 181
DCGANSize32Col3: Iteration 182
DCGANSize32Col3: Iteration 183
DCGANSize32Col3: Iteration 184
DCGANSize32Col3: Iteration 185
DCGANSize32Col3: Iteration 186
DCGANSize32Col3: Iteration 187
DCGANSize32Col3: Iteration 188
DCGANSize32Col3: Iteration 189
DCGANSize32Col3: Iteration 190
DCGANSize32Col3: Iteration 191
DCGANSize32Col3: Iteration 192
DCGANSize32Col3: Iteration 193
DCGANSize32Col3: Iteration 194
DCGANSize32Col3: Iteration 195
DCGANSize32Col3: Iteration 196
DCGANSize32Col3: Iteration 197
DCGANSize32Col3: Iteration 198
DCGANSize32Col3: Iteration 199
DCGANSize32Col3: Iteration 200
DCGANSize32Col3: Iteration 201
DCGANSize32Col3: Iteration 202
DCGANSize32Col3: Iteration 203
DCGANSize32Col3: Iteration 204
DCGANSize32Col3: Iteration 205
DCGANSize32Col3: Iteration 206
DCGANSize32Col3: Iteration 207
DCGANSize32Col3: Iteration 208
DCGANSize32Col3: Iteration 209
DCGANSize32Col3: Iteration 210
DCGANSize32Col3: Iteration 211
DCGANSize32Col3: Iteration 212
DCGANSize32Col3: Iteration 213
DCGANSize32Col3: Iteration 214
DCGANSize32Col3: Iteration 215
DCGANSize32Col3: Iteration 216
DCGANSize32Col3: Iteration 217
DCGANSize32Col3: Iteration 218
DCGANSize32Col3: Iteration 219
DCGANSize32Col3: Iteration 220
DCGANSize32Col3: Iteration 221
DCGANSize32Col3: Iteration 222
DCGANSize32Col3: Iteration 223
DCGANSize32Col3: Iteration 224
DCGANSize32Col3: Iteration 225
DCGANSize32Col3: Iteration 226
DCGANSize32Col3: Iteration 227
DCGANSize32Col3: Iteration 228
DCGANSize32Col3: Iteration 229
DCGANSize32Col3: Iteration 230
DCGANSize32Col3: Iteration 231
DCGANSize32Col3: Iteration 232
DCGANSize32Col3: Iteration 233
DCGANSize32Col3: Iteration 234
DCGANSize32Col3: Iteration 235
DCGANSize32Col3: Iteration 236
DCGANSize32Col3: Iteration 237
DCGANSize32Col3: Iteration 238
DCGANSize32Col3: Iteration 239
DCGANSize32Col3: Iteration 240
DCGANSize32Col3: Iteration 241
DCGANSize32Col3: Iteration 242
DCGANSize32Col3: Iteration 243
DCGANSize32Col3: Iteration 244
DCGANSize32Col3: Iteration 245
DCGANSize32Col3: Iteration 246
DCGANSize32Col3: Iteration 247
DCGANSize32Col3: Iteration 248
DCGANSize32Col3: Iteration 249
DCGANSize32Col3: Iteration 250
DCGANSize32Col3: Iteration 251
DCGANSize32Col3: Iteration 252
DCGANSize32Col3: Iteration 253
DCGANSize32Col3: Iteration 254
DCGANSize32Col3: Iteration 255
DCGANSize32Col3: Iteration 256
DCGANSize32Col3: Iteration 257
DCGANSize32Col3: Iteration 258
DCGANSize32Col3: Iteration 259
DCGANSize32Col3: Iteration 260
DCGANSize32Col3: Iteration 261
DCGANSize32Col3: Iteration 262
DCGANSize32Col3: Iteration 263
DCGANSize32Col3: Iteration 264
DCGANSize32Col3: Iteration 265
DCGANSize32Col3: Iteration 266
DCGANSize32Col3: Iteration 267
DCGANSize32Col3: Iteration 268
DCGANSize32Col3: Iteration 269
DCGANSize32Col3: Iteration 270
DCGANSize32Col3: Iteration 271
DCGANSize32Col3: Iteration 272
DCGANSize32Col3: Iteration 273
DCGANSize32Col3: Iteration 274
DCGANSize32Col3: Iteration 275
DCGANSize32Col3: Iteration 276
DCGANSize32Col3: Iteration 277
DCGANSize32Col3: Iteration 278
DCGANSize32Col3: Iteration 279
DCGANSize32Col3: Iteration 280
DCGANSize32Col3: Iteration 281
DCGANSize32Col3: Iteration 282
DCGANSize32Col3: Iteration 283
DCGANSize32Col3: Iteration 284
DCGANSize32Col3: Iteration 285
DCGANSize32Col3: Iteration 286
DCGANSize32Col3: Iteration 287
DCGANSize32Col3: Iteration 288
DCGANSize32Col3: Iteration 289
DCGANSize32Col3: Iteration 290
DCGANSize32Col3: Iteration 291
DCGANSize32Col3: Iteration 292
DCGANSize32Col3: Iteration 293
DCGANSize32Col3: Iteration 294
DCGANSize32Col3: Iteration 295
DCGANSize32Col3: Iteration 296
DCGANSize32Col3: Iteration 297
DCGANSize32Col3: Iteration 298
DCGANSize32Col3: Iteration 299
DCGANSize32Col3: Iteration 300
DCGANSize32Col3: Iteration 301
DCGANSize32Col3: Iteration 302
DCGANSize32Col3: Iteration 303
DCGANSize32Col3: Iteration 304
DCGANSize32Col3: Iteration 305
DCGANSize32Col3: Iteration 306
DCGANSize32Col3: Iteration 307
DCGANSize32Col3: Iteration 308
DCGANSize32Col3: Iteration 309
DCGANSize32Col3: Iteration 310
DCGANSize32Col3: Iteration 311
DCGANSize32Col3: Iteration 312
DCGANSize32Col3: Iteration 313
DCGANSize32Col3: Iteration 314
DCGANSize32Col3: Iteration 315
DCGANSize32Col3: Iteration 316
DCGANSize32Col3: Iteration 317
DCGANSize32Col3: Iteration 318
DCGANSize32Col3: Iteration 319
DCGANSize32Col3: Iteration 320
DCGANSize32Col3: Iteration 321
DCGANSize32Col3: Iteration 322
DCGANSize32Col3: Iteration 323
DCGANSize32Col3: Iteration 324
DCGANSize32Col3: Iteration 325
DCGANSize32Col3: Iteration 326
DCGANSize32Col3: Iteration 327
DCGANSize32Col3: Iteration 328
DCGANSize32Col3: Iteration 329
DCGANSize32Col3: Iteration 330
DCGANSize32Col3: Iteration 331
DCGANSize32Col3: Iteration 332
DCGANSize32Col3: Iteration 333
DCGANSize32Col3: Iteration 334
DCGANSize32Col3: Iteration 335
DCGANSize32Col3: Iteration 336
DCGANSize32Col3: Iteration 337
DCGANSize32Col3: Iteration 338
DCGANSize32Col3: Iteration 339
DCGANSize32Col3: Iteration 340
DCGANSize32Col3: Iteration 341
DCGANSize32Col3: Iteration 342
DCGANSize32Col3: Iteration 343
DCGANSize32Col3: Iteration 344
DCGANSize32Col3: Iteration 345
DCGANSize32Col3: Iteration 346
DCGANSize32Col3: Iteration 347
DCGANSize32Col3: Iteration 348
DCGANSize32Col3: Iteration 349
DCGANSize32Col3: Iteration 350
DCGANSize32Col3: Iteration 351
DCGANSize32Col3: Iteration 352
DCGANSize32Col3: Iteration 353
DCGANSize32Col3: Iteration 354
DCGANSize32Col3: Iteration 355
DCGANSize32Col3: Iteration 356
DCGANSize32Col3: Iteration 357
DCGANSize32Col3: Iteration 358
DCGANSize32Col3: Iteration 359
DCGANSize32Col3: Iteration 360
DCGANSize32Col3: Iteration 361
DCGANSize32Col3: Iteration 362
DCGANSize32Col3: Iteration 363
DCGANSize32Col3: Iteration 364
DCGANSize32Col3: Iteration 365
DCGANSize32Col3: Iteration 366
DCGANSize32Col3: Iteration 367
DCGANSize32Col3: Iteration 368
DCGANSize32Col3: Iteration 369
DCGANSize32Col3: Iteration 370
DCGANSize32Col3: Iteration 371
DCGANSize32Col3: Iteration 372
DCGANSize32Col3: Iteration 373
DCGANSize32Col3: Iteration 374
DCGANSize32Col3: Iteration 375
DCGANSize32Col3: Iteration 376
DCGANSize32Col3: Iteration 377
DCGANSize32Col3: Iteration 378
DCGANSize32Col3: Iteration 379
DCGANSize32Col3: Iteration 380
DCGANSize32Col3: Iteration 381
DCGANSize32Col3: Iteration 382
DCGANSize32Col3: Iteration 383
DCGANSize32Col3: Iteration 384
DCGANSize32Col3: Iteration 385
DCGANSize32Col3: Iteration 386
DCGANSize32Col3: Iteration 387
DCGANSize32Col3: Iteration 388
DCGANSize32Col3: Iteration 389
DCGANSize32Col3: Iteration 390
DCGANSize32Col3: Iteration 391
DCGANSize32Col3: Iteration 392
DCGANSize32Col3: Iteration 393
DCGANSize32Col3: Iteration 394
DCGANSize32Col3: Iteration 395
DCGANSize32Col3: Iteration 396
DCGANSize32Col3: Iteration 397
DCGANSize32Col3: Iteration 398
DCGANSize32Col3: Iteration 399
DCGANSize32Col3: Iteration 400
DCGANSize32Col3: Iteration 401
DCGANSize32Col3: Iteration 402
DCGANSize32Col3: Iteration 403
DCGANSize32Col3: Iteration 404
DCGANSize32Col3: Iteration 405
DCGANSize32Col3: Iteration 406
DCGANSize32Col3: Iteration 407
DCGANSize32Col3: Iteration 408
DCGANSize32Col3: Iteration 409
DCGANSize32Col3: Iteration 410
DCGANSize32Col3: Iteration 411
DCGANSize32Col3: Iteration 412
DCGANSize32Col3: Iteration 413
DCGANSize32Col3: Iteration 414
DCGANSize32Col3: Iteration 415
DCGANSize32Col3: Iteration 416
DCGANSize32Col3: Iteration 417
DCGANSize32Col3: Iteration 418
DCGANSize32Col3: Iteration 419
DCGANSize32Col3: Iteration 420
DCGANSize32Col3: Iteration 421
DCGANSize32Col3: Iteration 422
DCGANSize32Col3: Iteration 423
DCGANSize32Col3: Iteration 424
DCGANSize32Col3: Iteration 425
DCGANSize32Col3: Iteration 426
DCGANSize32Col3: Iteration 427
DCGANSize32Col3: Iteration 428
DCGANSize32Col3: Iteration 429
DCGANSize32Col3: Iteration 430
DCGANSize32Col3: Iteration 431
DCGANSize32Col3: Iteration 432
DCGANSize32Col3: Iteration 433
DCGANSize32Col3: Iteration 434
DCGANSize32Col3: Iteration 435
DCGANSize32Col3: Iteration 436
DCGANSize32Col3: Iteration 437
DCGANSize32Col3: Iteration 438
DCGANSize32Col3: Iteration 439
DCGANSize32Col3: Iteration 440
DCGANSize32Col3: Iteration 441
DCGANSize32Col3: Iteration 442
DCGANSize32Col3: Iteration 443
DCGANSize32Col3: Iteration 444
DCGANSize32Col3: Iteration 445
DCGANSize32Col3: Iteration 446
DCGANSize32Col3: Iteration 447
DCGANSize32Col3: Iteration 448
DCGANSize32Col3: Iteration 449
DCGANSize32Col3: Iteration 450
DCGANSize32Col3: Iteration 451
DCGANSize32Col3: Iteration 452
DCGANSize32Col3: Iteration 453
DCGANSize32Col3: Iteration 454
DCGANSize32Col3: Iteration 455
DCGANSize32Col3: Iteration 456
DCGANSize32Col3: Iteration 457
DCGANSize32Col3: Iteration 458
DCGANSize32Col3: Iteration 459
DCGANSize32Col3: Iteration 460
DCGANSize32Col3: Iteration 461
DCGANSize32Col3: Iteration 462
DCGANSize32Col3: Iteration 463
DCGANSize32Col3: Iteration 464
DCGANSize32Col3: Iteration 465
DCGANSize32Col3: Iteration 466
DCGANSize32Col3: Iteration 467
DCGANSize32Col3: Iteration 468
DCGANSize32Col3: Iteration 469
DCGANSize32Col3: Iteration 470
DCGANSize32Col3: Iteration 471
DCGANSize32Col3: Iteration 472
DCGANSize32Col3: Iteration 473
DCGANSize32Col3: Iteration 474
DCGANSize32Col3: Iteration 475
DCGANSize32Col3: Iteration 476
DCGANSize32Col3: Iteration 477
DCGANSize32Col3: Iteration 478
DCGANSize32Col3: Iteration 479
DCGANSize32Col3: Iteration 480
DCGANSize32Col3: Iteration 481
DCGANSize32Col3: Iteration 482
DCGANSize32Col3: Iteration 483
DCGANSize32Col3: Iteration 484
DCGANSize32Col3: Iteration 485
DCGANSize32Col3: Iteration 486
DCGANSize32Col3: Iteration 487
DCGANSize32Col3: Iteration 488
DCGANSize32Col3: Iteration 489
DCGANSize32Col3: Iteration 490
DCGANSize32Col3: Iteration 491
DCGANSize32Col3: Iteration 492
DCGANSize32Col3: Iteration 493
DCGANSize32Col3: Iteration 494
DCGANSize32Col3: Iteration 495
DCGANSize32Col3: Iteration 496
DCGANSize32Col3: Iteration 497
DCGANSize32Col3: Iteration 498
DCGANSize32Col3: Iteration 499
DCGANSize32Col3: Iteration 500
DCGANSize32Col3: Iteration 501
DCGANSize32Col3: Iteration 502
DCGANSize32Col3: Iteration 503
DCGANSize32Col3: Iteration 504
DCGANSize32Col3: Iteration 505
DCGANSize32Col3: Iteration 506
DCGANSize32Col3: Iteration 507
DCGANSize32Col3: Iteration 508
DCGANSize32Col3: Iteration 509
DCGANSize32Col3: Iteration 510
DCGANSize32Col3: Iteration 511
DCGANSize32Col3: Iteration 512
DCGANSize32Col3: Iteration 513
DCGANSize32Col3: Iteration 514
DCGANSize32Col3: Iteration 515
DCGANSize32Col3: Iteration 516
DCGANSize32Col3: Iteration 517
DCGANSize32Col3: Iteration 518
DCGANSize32Col3: Iteration 519
DCGANSize32Col3: Iteration 520
DCGANSize32Col3: Iteration 521
DCGANSize32Col3: Iteration 522
DCGANSize32Col3: Iteration 523
DCGANSize32Col3: Iteration 524
DCGANSize32Col3: Iteration 525
DCGANSize32Col3: Iteration 526
DCGANSize32Col3: Iteration 527
DCGANSize32Col3: Iteration 528
DCGANSize32Col3: Iteration 529
DCGANSize32Col3: Iteration 530
DCGANSize32Col3: Iteration 531
DCGANSize32Col3: Iteration 532
DCGANSize32Col3: Iteration 533
DCGANSize32Col3: Iteration 534
DCGANSize32Col3: Iteration 535
DCGANSize32Col3: Iteration 536
DCGANSize32Col3: Iteration 537
DCGANSize32Col3: Iteration 538
DCGANSize32Col3: Iteration 539
DCGANSize32Col3: Iteration 540
DCGANSize32Col3: Iteration 541
DCGANSize32Col3: Iteration 542
DCGANSize32Col3: Iteration 543
DCGANSize32Col3: Iteration 544
DCGANSize32Col3: Iteration 545
DCGANSize32Col3: Iteration 546
DCGANSize32Col3: Iteration 547
DCGANSize32Col3: Iteration 548
DCGANSize32Col3: Iteration 549
DCGANSize32Col3: Iteration 550
DCGANSize32Col3: Iteration 551
DCGANSize32Col3: Iteration 552
DCGANSize32Col3: Iteration 553
DCGANSize32Col3: Iteration 554
DCGANSize32Col3: Iteration 555
DCGANSize32Col3: Iteration 556
DCGANSize32Col3: Iteration 557
DCGANSize32Col3: Iteration 558
DCGANSize32Col3: Iteration 559
DCGANSize32Col3: Iteration 560
DCGANSize32Col3: Iteration 561
DCGANSize32Col3: Iteration 562
DCGANSize32Col3: Iteration 563
DCGANSize32Col3: Iteration 564
DCGANSize32Col3: Iteration 565
DCGANSize32Col3: Iteration 566
DCGANSize32Col3: Iteration 567
DCGANSize32Col3: Iteration 568
DCGANSize32Col3: Iteration 569
DCGANSize32Col3: Iteration 570
DCGANSize32Col3: Iteration 571
DCGANSize32Col3: Iteration 572
DCGANSize32Col3: Iteration 573
DCGANSize32Col3: Iteration 574
DCGANSize32Col3: Iteration 575
DCGANSize32Col3: Iteration 576
DCGANSize32Col3: Iteration 577
DCGANSize32Col3: Iteration 578
DCGANSize32Col3: Iteration 579
DCGANSize32Col3: Iteration 580
DCGANSize32Col3: Iteration 581
DCGANSize32Col3: Iteration 582
DCGANSize32Col3: Iteration 583
DCGANSize32Col3: Iteration 584
DCGANSize32Col3: Iteration 585
DCGANSize32Col3: Iteration 586
DCGANSize32Col3: Iteration 587
DCGANSize32Col3: Iteration 588
DCGANSize32Col3: Iteration 589
DCGANSize32Col3: Iteration 590
DCGANSize32Col3: Iteration 591
DCGANSize32Col3: Iteration 592
DCGANSize32Col3: Iteration 593
DCGANSize32Col3: Iteration 594
DCGANSize32Col3: Iteration 595
DCGANSize32Col3: Iteration 596
DCGANSize32Col3: Iteration 597
DCGANSize32Col3: Iteration 598
DCGANSize32Col3: Iteration 599
DCGANSize32Col3: Iteration 600
DCGANSize32Col3: Iteration 601
DCGANSize32Col3: Iteration 602
DCGANSize32Col3: Iteration 603
DCGANSize32Col3: Iteration 604
DCGANSize32Col3: Iteration 605
DCGANSize32Col3: Iteration 606
DCGANSize32Col3: Iteration 607
DCGANSize32Col3: Iteration 608
DCGANSize32Col3: Iteration 609
DCGANSize32Col3: Iteration 610
DCGANSize32Col3: Iteration 611
DCGANSize32Col3: Iteration 612
DCGANSize32Col3: Iteration 613
DCGANSize32Col3: Iteration 614
DCGANSize32Col3: Iteration 615
DCGANSize32Col3: Iteration 616
DCGANSize32Col3: Iteration 617
DCGANSize32Col3: Iteration 618
DCGANSize32Col3: Iteration 619
DCGANSize32Col3: Iteration 620
DCGANSize32Col3: Iteration 621
DCGANSize32Col3: Iteration 622
DCGANSize32Col3: Iteration 623
DCGANSize32Col3: Iteration 624
DCGANSize32Col3: Iteration 625
DCGANSize32Col3: Iteration 626
DCGANSize32Col3: Iteration 627
DCGANSize32Col3: Iteration 628
DCGANSize32Col3: Iteration 629
DCGANSize32Col3: Iteration 630
DCGANSize32Col3: Iteration 631
DCGANSize32Col3: Iteration 632
DCGANSize32Col3: Iteration 633
DCGANSize32Col3: Iteration 634
DCGANSize32Col3: Iteration 635
DCGANSize32Col3: Iteration 636
DCGANSize32Col3: Iteration 637
DCGANSize32Col3: Iteration 638
DCGANSize32Col3: Iteration 639
DCGANSize32Col3: Iteration 640
DCGANSize32Col3: Iteration 641
DCGANSize32Col3: Iteration 642
DCGANSize32Col3: Iteration 643
DCGANSize32Col3: Iteration 644
DCGANSize32Col3: Iteration 645
DCGANSize32Col3: Iteration 646
DCGANSize32Col3: Iteration 647
DCGANSize32Col3: Iteration 648
DCGANSize32Col3: Iteration 649
DCGANSize32Col3: Iteration 650
DCGANSize32Col3: Iteration 651
DCGANSize32Col3: Iteration 652
DCGANSize32Col3: Iteration 653
DCGANSize32Col3: Iteration 654
DCGANSize32Col3: Iteration 655
DCGANSize32Col3: Iteration 656
DCGANSize32Col3: Iteration 657
DCGANSize32Col3: Iteration 658
DCGANSize32Col3: Iteration 659
DCGANSize32Col3: Iteration 660
DCGANSize32Col3: Iteration 661
DCGANSize32Col3: Iteration 662
DCGANSize32Col3: Iteration 663
DCGANSize32Col3: Iteration 664
DCGANSize32Col3: Iteration 665
DCGANSize32Col3: Iteration 666
DCGANSize32Col3: Iteration 667
DCGANSize32Col3: Iteration 668
DCGANSize32Col3: Iteration 669
DCGANSize32Col3: Iteration 670
DCGANSize32Col3: Iteration 671
DCGANSize32Col3: Iteration 672
DCGANSize32Col3: Iteration 673
DCGANSize32Col3: Iteration 674
DCGANSize32Col3: Iteration 675
DCGANSize32Col3: Iteration 676
DCGANSize32Col3: Iteration 677
DCGANSize32Col3: Iteration 678
DCGANSize32Col3: Iteration 679
DCGANSize32Col3: Iteration 680
DCGANSize32Col3: Iteration 681
DCGANSize32Col3: Iteration 682
DCGANSize32Col3: Iteration 683
DCGANSize32Col3: Iteration 684
DCGANSize32Col3: Iteration 685
DCGANSize32Col3: Iteration 686
DCGANSize32Col3: Iteration 687
DCGANSize32Col3: Iteration 688
DCGANSize32Col3: Iteration 689
DCGANSize32Col3: Iteration 690
DCGANSize32Col3: Iteration 691
DCGANSize32Col3: Iteration 692
DCGANSize32Col3: Iteration 693
DCGANSize32Col3: Iteration 694
DCGANSize32Col3: Iteration 695
DCGANSize32Col3: Iteration 696
DCGANSize32Col3: Iteration 697
DCGANSize32Col3: Iteration 698
DCGANSize32Col3: Iteration 699
DCGANSize32Col3: Iteration 700
DCGANSize32Col3: Iteration 701
DCGANSize32Col3: Iteration 702
DCGANSize32Col3: Iteration 703
DCGANSize32Col3: Iteration 704
DCGANSize32Col3: Iteration 705
DCGANSize32Col3: Iteration 706
DCGANSize32Col3: Iteration 707
DCGANSize32Col3: Iteration 708
DCGANSize32Col3: Iteration 709
DCGANSize32Col3: Iteration 710
DCGANSize32Col3: Iteration 711
DCGANSize32Col3: Iteration 712
DCGANSize32Col3: Iteration 713
DCGANSize32Col3: Iteration 714
DCGANSize32Col3: Iteration 715
DCGANSize32Col3: Iteration 716
DCGANSize32Col3: Iteration 717
DCGANSize32Col3: Iteration 718
DCGANSize32Col3: Iteration 719
DCGANSize32Col3: Iteration 720
DCGANSize32Col3: Iteration 721
DCGANSize32Col3: Iteration 722
DCGANSize32Col3: Iteration 723
DCGANSize32Col3: Iteration 724
DCGANSize32Col3: Iteration 725
DCGANSize32Col3: Iteration 726
DCGANSize32Col3: Iteration 727
DCGANSize32Col3: Iteration 728
DCGANSize32Col3: Iteration 729
DCGANSize32Col3: Iteration 730
DCGANSize32Col3: Iteration 731
DCGANSize32Col3: Iteration 732
DCGANSize32Col3: Iteration 733
DCGANSize32Col3: Iteration 734
DCGANSize32Col3: Iteration 735
DCGANSize32Col3: Iteration 736
DCGANSize32Col3: Iteration 737
DCGANSize32Col3: Iteration 738
DCGANSize32Col3: Iteration 739
DCGANSize32Col3: Iteration 740
DCGANSize32Col3: Iteration 741
DCGANSize32Col3: Iteration 742
DCGANSize32Col3: Iteration 743
DCGANSize32Col3: Iteration 744
DCGANSize32Col3: Iteration 745
DCGANSize32Col3: Iteration 746
DCGANSize32Col3: Iteration 747
DCGANSize32Col3: Iteration 748
DCGANSize32Col3: Iteration 749
DCGANSize32Col3: Iteration 750
DCGANSize32Col3: Iteration 751
DCGANSize32Col3: Iteration 752
DCGANSize32Col3: Iteration 753
DCGANSize32Col3: Iteration 754
DCGANSize32Col3: Iteration 755
DCGANSize32Col3: Iteration 756
DCGANSize32Col3: Iteration 757
DCGANSize32Col3: Iteration 758
DCGANSize32Col3: Iteration 759
DCGANSize32Col3: Iteration 760
DCGANSize32Col3: Iteration 761
DCGANSize32Col3: Iteration 762
DCGANSize32Col3: Iteration 763
DCGANSize32Col3: Iteration 764
DCGANSize32Col3: Iteration 765
DCGANSize32Col3: Iteration 766
DCGANSize32Col3: Iteration 767
DCGANSize32Col3: Iteration 768
DCGANSize32Col3: Iteration 769
DCGANSize32Col3: Iteration 770
DCGANSize32Col3: Iteration 771
DCGANSize32Col3: Iteration 772
DCGANSize32Col3: Iteration 773
DCGANSize32Col3: Iteration 774
DCGANSize32Col3: Iteration 775
DCGANSize32Col3: Iteration 776
DCGANSize32Col3: Iteration 777
DCGANSize32Col3: Iteration 778
DCGANSize32Col3: Iteration 779
DCGANSize32Col3: Iteration 780
DCGANSize32Col3: Iteration 781
DCGANSize32Col3: Saving /fs/vulcan-scratch/krusinga/projects/ganProbability/generated/e40/models/netG.pth
DCGANSize32Col3: Saving /fs/vulcan-scratch/krusinga/projects/ganProbability/generated/e40/models/netD.pth
Analyzer: Obtaining data for analysis
An exception occurred when running Analyzer
<type 'exceptions.NameError'>
global name 'Data' is not defined
Exiting early
=====
Starting experiment stage1
ID: 40, PID 0/1
09_26_2018_11:21:22
=====
DCGANSize32Col3: {'netGkey': '', 'netGinstance': -1, 'ngpu': 0, 'netGclass': <class 'code.total.models.nnModels.NetG32'>, 'checkpointEvery': 10, 'ngf': 64, 'netDclass': <class 'code.total.models.nnModels.NetD32'>, 'nGANepochs': 1, 'netDexpNum': -1, 'nc': 3, 'nz': 100, 'ndf': 64, 'netGexpNum': -1, 'netDinstance': -1, 'lr': 0.0002, 'cuda': True, 'beta1': 0.5, 'netDkey': '', 'imSize': 32}
DCGANSize32Col3: outShape is (3, 32, 32)
DCGANSize32Col3: ===Begin epoch 0
DCGANSize32Col3: Iteration 0
DCGANSize32Col3: Iteration 1
DCGANSize32Col3: Iteration 2
DCGANSize32Col3: Iteration 3
DCGANSize32Col3: Iteration 4
DCGANSize32Col3: Iteration 5
DCGANSize32Col3: Iteration 6
DCGANSize32Col3: Iteration 7
DCGANSize32Col3: Iteration 8
DCGANSize32Col3: Iteration 9
DCGANSize32Col3: Iteration 10
DCGANSize32Col3: Iteration 11
DCGANSize32Col3: Iteration 12
DCGANSize32Col3: Iteration 13
DCGANSize32Col3: Iteration 14
DCGANSize32Col3: Iteration 15
DCGANSize32Col3: Iteration 16
DCGANSize32Col3: Iteration 17
DCGANSize32Col3: Iteration 18
DCGANSize32Col3: Iteration 19
DCGANSize32Col3: Iteration 20
DCGANSize32Col3: Iteration 21
DCGANSize32Col3: Iteration 22
DCGANSize32Col3: Iteration 23
DCGANSize32Col3: Iteration 24
DCGANSize32Col3: Iteration 25
DCGANSize32Col3: Iteration 26
DCGANSize32Col3: Iteration 27
DCGANSize32Col3: Iteration 28
DCGANSize32Col3: Iteration 29
DCGANSize32Col3: Iteration 30
DCGANSize32Col3: Iteration 31
DCGANSize32Col3: Iteration 32
DCGANSize32Col3: Iteration 33
DCGANSize32Col3: Iteration 34
DCGANSize32Col3: Iteration 35
DCGANSize32Col3: Iteration 36
DCGANSize32Col3: Iteration 37
DCGANSize32Col3: Iteration 38
DCGANSize32Col3: Iteration 39
DCGANSize32Col3: Iteration 40
DCGANSize32Col3: Iteration 41
DCGANSize32Col3: Iteration 42
DCGANSize32Col3: Iteration 43
DCGANSize32Col3: Iteration 44
DCGANSize32Col3: Iteration 45
DCGANSize32Col3: Iteration 46
DCGANSize32Col3: Iteration 47
DCGANSize32Col3: Iteration 48
DCGANSize32Col3: Iteration 49
DCGANSize32Col3: Iteration 50
DCGANSize32Col3: Iteration 51
DCGANSize32Col3: Iteration 52
DCGANSize32Col3: Iteration 53
DCGANSize32Col3: Iteration 54
DCGANSize32Col3: Iteration 55
DCGANSize32Col3: Iteration 56
DCGANSize32Col3: Iteration 57
DCGANSize32Col3: Iteration 58
DCGANSize32Col3: Iteration 59
DCGANSize32Col3: Iteration 60
DCGANSize32Col3: Iteration 61
DCGANSize32Col3: Iteration 62
DCGANSize32Col3: Iteration 63
DCGANSize32Col3: Iteration 64
DCGANSize32Col3: Iteration 65
DCGANSize32Col3: Iteration 66
DCGANSize32Col3: Iteration 67
DCGANSize32Col3: Iteration 68
DCGANSize32Col3: Iteration 69
DCGANSize32Col3: Iteration 70
DCGANSize32Col3: Iteration 71
DCGANSize32Col3: Iteration 72
DCGANSize32Col3: Iteration 73
DCGANSize32Col3: Iteration 74
DCGANSize32Col3: Iteration 75
DCGANSize32Col3: Iteration 76
DCGANSize32Col3: Iteration 77
DCGANSize32Col3: Iteration 78
DCGANSize32Col3: Iteration 79
DCGANSize32Col3: Iteration 80
DCGANSize32Col3: Iteration 81
DCGANSize32Col3: Iteration 82
DCGANSize32Col3: Iteration 83
DCGANSize32Col3: Iteration 84
DCGANSize32Col3: Iteration 85
DCGANSize32Col3: Iteration 86
DCGANSize32Col3: Iteration 87
DCGANSize32Col3: Iteration 88
DCGANSize32Col3: Iteration 89
DCGANSize32Col3: Iteration 90
DCGANSize32Col3: Iteration 91
DCGANSize32Col3: Iteration 92
DCGANSize32Col3: Iteration 93
DCGANSize32Col3: Iteration 94
DCGANSize32Col3: Iteration 95
DCGANSize32Col3: Iteration 96
DCGANSize32Col3: Iteration 97
DCGANSize32Col3: Iteration 98
DCGANSize32Col3: Iteration 99
DCGANSize32Col3: Iteration 100
DCGANSize32Col3: Iteration 101
DCGANSize32Col3: Iteration 102
DCGANSize32Col3: Iteration 103
DCGANSize32Col3: Iteration 104
DCGANSize32Col3: Iteration 105
DCGANSize32Col3: Iteration 106
DCGANSize32Col3: Iteration 107
DCGANSize32Col3: Iteration 108
DCGANSize32Col3: Iteration 109
DCGANSize32Col3: Iteration 110
DCGANSize32Col3: Iteration 111
DCGANSize32Col3: Iteration 112
DCGANSize32Col3: Iteration 113
DCGANSize32Col3: Iteration 114
DCGANSize32Col3: Iteration 115
DCGANSize32Col3: Iteration 116
DCGANSize32Col3: Iteration 117
DCGANSize32Col3: Iteration 118
DCGANSize32Col3: Iteration 119
DCGANSize32Col3: Iteration 120
DCGANSize32Col3: Iteration 121
DCGANSize32Col3: Iteration 122
DCGANSize32Col3: Iteration 123
DCGANSize32Col3: Iteration 124
DCGANSize32Col3: Iteration 125
DCGANSize32Col3: Iteration 126
DCGANSize32Col3: Iteration 127
DCGANSize32Col3: Iteration 128
DCGANSize32Col3: Iteration 129
DCGANSize32Col3: Iteration 130
DCGANSize32Col3: Iteration 131
DCGANSize32Col3: Iteration 132
DCGANSize32Col3: Iteration 133
DCGANSize32Col3: Iteration 134
DCGANSize32Col3: Iteration 135
DCGANSize32Col3: Iteration 136
DCGANSize32Col3: Iteration 137
DCGANSize32Col3: Iteration 138
DCGANSize32Col3: Iteration 139
DCGANSize32Col3: Iteration 140
DCGANSize32Col3: Iteration 141
DCGANSize32Col3: Iteration 142
DCGANSize32Col3: Iteration 143
DCGANSize32Col3: Iteration 144
DCGANSize32Col3: Iteration 145
DCGANSize32Col3: Iteration 146
DCGANSize32Col3: Iteration 147
DCGANSize32Col3: Iteration 148
DCGANSize32Col3: Iteration 149
DCGANSize32Col3: Iteration 150
DCGANSize32Col3: Iteration 151
DCGANSize32Col3: Iteration 152
DCGANSize32Col3: Iteration 153
DCGANSize32Col3: Iteration 154
DCGANSize32Col3: Iteration 155
DCGANSize32Col3: Iteration 156
DCGANSize32Col3: Iteration 157
DCGANSize32Col3: Iteration 158
DCGANSize32Col3: Iteration 159
DCGANSize32Col3: Iteration 160
DCGANSize32Col3: Iteration 161
DCGANSize32Col3: Iteration 162
DCGANSize32Col3: Iteration 163
DCGANSize32Col3: Iteration 164
DCGANSize32Col3: Iteration 165
DCGANSize32Col3: Iteration 166
DCGANSize32Col3: Iteration 167
DCGANSize32Col3: Iteration 168
DCGANSize32Col3: Iteration 169
DCGANSize32Col3: Iteration 170
DCGANSize32Col3: Iteration 171
DCGANSize32Col3: Iteration 172
DCGANSize32Col3: Iteration 173
DCGANSize32Col3: Iteration 174
DCGANSize32Col3: Iteration 175
DCGANSize32Col3: Iteration 176
DCGANSize32Col3: Iteration 177
DCGANSize32Col3: Iteration 178
DCGANSize32Col3: Iteration 179
DCGANSize32Col3: Iteration 180
DCGANSize32Col3: Iteration 181
DCGANSize32Col3: Iteration 182
DCGANSize32Col3: Iteration 183
DCGANSize32Col3: Iteration 184
DCGANSize32Col3: Iteration 185
DCGANSize32Col3: Iteration 186
DCGANSize32Col3: Iteration 187
DCGANSize32Col3: Iteration 188
DCGANSize32Col3: Iteration 189
DCGANSize32Col3: Iteration 190
DCGANSize32Col3: Iteration 191
DCGANSize32Col3: Iteration 192
DCGANSize32Col3: Iteration 193
DCGANSize32Col3: Iteration 194
DCGANSize32Col3: Iteration 195
DCGANSize32Col3: Iteration 196
DCGANSize32Col3: Iteration 197
DCGANSize32Col3: Iteration 198
DCGANSize32Col3: Iteration 199
DCGANSize32Col3: Iteration 200
DCGANSize32Col3: Iteration 201
DCGANSize32Col3: Iteration 202
DCGANSize32Col3: Iteration 203
DCGANSize32Col3: Iteration 204
DCGANSize32Col3: Iteration 205
DCGANSize32Col3: Iteration 206
DCGANSize32Col3: Iteration 207
DCGANSize32Col3: Iteration 208
DCGANSize32Col3: Iteration 209
DCGANSize32Col3: Iteration 210
DCGANSize32Col3: Iteration 211
DCGANSize32Col3: Iteration 212
DCGANSize32Col3: Iteration 213
DCGANSize32Col3: Iteration 214
DCGANSize32Col3: Iteration 215
DCGANSize32Col3: Iteration 216
DCGANSize32Col3: Iteration 217
DCGANSize32Col3: Iteration 218
DCGANSize32Col3: Iteration 219
DCGANSize32Col3: Iteration 220
DCGANSize32Col3: Iteration 221
DCGANSize32Col3: Iteration 222
DCGANSize32Col3: Iteration 223
DCGANSize32Col3: Iteration 224
DCGANSize32Col3: Iteration 225
DCGANSize32Col3: Iteration 226
DCGANSize32Col3: Iteration 227
DCGANSize32Col3: Iteration 228
DCGANSize32Col3: Iteration 229
DCGANSize32Col3: Iteration 230
DCGANSize32Col3: Iteration 231
DCGANSize32Col3: Iteration 232
DCGANSize32Col3: Iteration 233
DCGANSize32Col3: Iteration 234
DCGANSize32Col3: Iteration 235
DCGANSize32Col3: Iteration 236
DCGANSize32Col3: Iteration 237
DCGANSize32Col3: Iteration 238
DCGANSize32Col3: Iteration 239
DCGANSize32Col3: Iteration 240
DCGANSize32Col3: Iteration 241
DCGANSize32Col3: Iteration 242
DCGANSize32Col3: Iteration 243
DCGANSize32Col3: Iteration 244
DCGANSize32Col3: Iteration 245
DCGANSize32Col3: Iteration 246
DCGANSize32Col3: Iteration 247
DCGANSize32Col3: Iteration 248
DCGANSize32Col3: Iteration 249
DCGANSize32Col3: Iteration 250
DCGANSize32Col3: Iteration 251
DCGANSize32Col3: Iteration 252
DCGANSize32Col3: Iteration 253
DCGANSize32Col3: Iteration 254
DCGANSize32Col3: Iteration 255
DCGANSize32Col3: Iteration 256
DCGANSize32Col3: Iteration 257
DCGANSize32Col3: Iteration 258
DCGANSize32Col3: Iteration 259
DCGANSize32Col3: Iteration 260
DCGANSize32Col3: Iteration 261
DCGANSize32Col3: Iteration 262
DCGANSize32Col3: Iteration 263
DCGANSize32Col3: Iteration 264
DCGANSize32Col3: Iteration 265
DCGANSize32Col3: Iteration 266
DCGANSize32Col3: Iteration 267
DCGANSize32Col3: Iteration 268
DCGANSize32Col3: Iteration 269
DCGANSize32Col3: Iteration 270
DCGANSize32Col3: Iteration 271
DCGANSize32Col3: Iteration 272
DCGANSize32Col3: Iteration 273
DCGANSize32Col3: Iteration 274
DCGANSize32Col3: Iteration 275
DCGANSize32Col3: Iteration 276
DCGANSize32Col3: Iteration 277
DCGANSize32Col3: Iteration 278
DCGANSize32Col3: Iteration 279
DCGANSize32Col3: Iteration 280
DCGANSize32Col3: Iteration 281
DCGANSize32Col3: Iteration 282
DCGANSize32Col3: Iteration 283
DCGANSize32Col3: Iteration 284
DCGANSize32Col3: Iteration 285
DCGANSize32Col3: Iteration 286
DCGANSize32Col3: Iteration 287
DCGANSize32Col3: Iteration 288
DCGANSize32Col3: Iteration 289
DCGANSize32Col3: Iteration 290
DCGANSize32Col3: Iteration 291
DCGANSize32Col3: Iteration 292
DCGANSize32Col3: Iteration 293
DCGANSize32Col3: Iteration 294
DCGANSize32Col3: Iteration 295
DCGANSize32Col3: Iteration 296
DCGANSize32Col3: Iteration 297
DCGANSize32Col3: Iteration 298
DCGANSize32Col3: Iteration 299
DCGANSize32Col3: Iteration 300
DCGANSize32Col3: Iteration 301
DCGANSize32Col3: Iteration 302
DCGANSize32Col3: Iteration 303
DCGANSize32Col3: Iteration 304
DCGANSize32Col3: Iteration 305
DCGANSize32Col3: Iteration 306
DCGANSize32Col3: Iteration 307
DCGANSize32Col3: Iteration 308
DCGANSize32Col3: Iteration 309
DCGANSize32Col3: Iteration 310
DCGANSize32Col3: Iteration 311
DCGANSize32Col3: Iteration 312
DCGANSize32Col3: Iteration 313
DCGANSize32Col3: Iteration 314
DCGANSize32Col3: Iteration 315
DCGANSize32Col3: Iteration 316
DCGANSize32Col3: Iteration 317
DCGANSize32Col3: Iteration 318
DCGANSize32Col3: Iteration 319
DCGANSize32Col3: Iteration 320
DCGANSize32Col3: Iteration 321
DCGANSize32Col3: Iteration 322
DCGANSize32Col3: Iteration 323
DCGANSize32Col3: Iteration 324
DCGANSize32Col3: Iteration 325
DCGANSize32Col3: Iteration 326
DCGANSize32Col3: Iteration 327
DCGANSize32Col3: Iteration 328
DCGANSize32Col3: Iteration 329
DCGANSize32Col3: Iteration 330
DCGANSize32Col3: Iteration 331
DCGANSize32Col3: Iteration 332
DCGANSize32Col3: Iteration 333
DCGANSize32Col3: Iteration 334
DCGANSize32Col3: Iteration 335
DCGANSize32Col3: Iteration 336
DCGANSize32Col3: Iteration 337
DCGANSize32Col3: Iteration 338
DCGANSize32Col3: Iteration 339
DCGANSize32Col3: Iteration 340
DCGANSize32Col3: Iteration 341
DCGANSize32Col3: Iteration 342
DCGANSize32Col3: Iteration 343
DCGANSize32Col3: Iteration 344
DCGANSize32Col3: Iteration 345
DCGANSize32Col3: Iteration 346
DCGANSize32Col3: Iteration 347
DCGANSize32Col3: Iteration 348
DCGANSize32Col3: Iteration 349
DCGANSize32Col3: Iteration 350
DCGANSize32Col3: Iteration 351
DCGANSize32Col3: Iteration 352
DCGANSize32Col3: Iteration 353
DCGANSize32Col3: Iteration 354
DCGANSize32Col3: Iteration 355
DCGANSize32Col3: Iteration 356
DCGANSize32Col3: Iteration 357
DCGANSize32Col3: Iteration 358
DCGANSize32Col3: Iteration 359
DCGANSize32Col3: Iteration 360
DCGANSize32Col3: Iteration 361
DCGANSize32Col3: Iteration 362
DCGANSize32Col3: Iteration 363
DCGANSize32Col3: Iteration 364
DCGANSize32Col3: Iteration 365
DCGANSize32Col3: Iteration 366
DCGANSize32Col3: Iteration 367
DCGANSize32Col3: Iteration 368
DCGANSize32Col3: Iteration 369
DCGANSize32Col3: Iteration 370
DCGANSize32Col3: Iteration 371
DCGANSize32Col3: Iteration 372
DCGANSize32Col3: Iteration 373
DCGANSize32Col3: Iteration 374
DCGANSize32Col3: Iteration 375
DCGANSize32Col3: Iteration 376
DCGANSize32Col3: Iteration 377
DCGANSize32Col3: Iteration 378
DCGANSize32Col3: Iteration 379
DCGANSize32Col3: Iteration 380
DCGANSize32Col3: Iteration 381
DCGANSize32Col3: Iteration 382
DCGANSize32Col3: Iteration 383
DCGANSize32Col3: Iteration 384
DCGANSize32Col3: Iteration 385
DCGANSize32Col3: Iteration 386
DCGANSize32Col3: Iteration 387
DCGANSize32Col3: Iteration 388
DCGANSize32Col3: Iteration 389
DCGANSize32Col3: Iteration 390
DCGANSize32Col3: Iteration 391
DCGANSize32Col3: Iteration 392
DCGANSize32Col3: Iteration 393
DCGANSize32Col3: Iteration 394
DCGANSize32Col3: Iteration 395
DCGANSize32Col3: Iteration 396
DCGANSize32Col3: Iteration 397
DCGANSize32Col3: Iteration 398
DCGANSize32Col3: Iteration 399
DCGANSize32Col3: Iteration 400
DCGANSize32Col3: Iteration 401
DCGANSize32Col3: Iteration 402
DCGANSize32Col3: Iteration 403
DCGANSize32Col3: Iteration 404
DCGANSize32Col3: Iteration 405
DCGANSize32Col3: Iteration 406
DCGANSize32Col3: Iteration 407
DCGANSize32Col3: Iteration 408
DCGANSize32Col3: Iteration 409
DCGANSize32Col3: Iteration 410
DCGANSize32Col3: Iteration 411
DCGANSize32Col3: Iteration 412
DCGANSize32Col3: Iteration 413
DCGANSize32Col3: Iteration 414
DCGANSize32Col3: Iteration 415
DCGANSize32Col3: Iteration 416
DCGANSize32Col3: Iteration 417
DCGANSize32Col3: Iteration 418
DCGANSize32Col3: Iteration 419
DCGANSize32Col3: Iteration 420
DCGANSize32Col3: Iteration 421
DCGANSize32Col3: Iteration 422
DCGANSize32Col3: Iteration 423
DCGANSize32Col3: Iteration 424
DCGANSize32Col3: Iteration 425
DCGANSize32Col3: Iteration 426
DCGANSize32Col3: Iteration 427
DCGANSize32Col3: Iteration 428
DCGANSize32Col3: Iteration 429
DCGANSize32Col3: Iteration 430
DCGANSize32Col3: Iteration 431
DCGANSize32Col3: Iteration 432
DCGANSize32Col3: Iteration 433
DCGANSize32Col3: Iteration 434
DCGANSize32Col3: Iteration 435
DCGANSize32Col3: Iteration 436
DCGANSize32Col3: Iteration 437
DCGANSize32Col3: Iteration 438
DCGANSize32Col3: Iteration 439
DCGANSize32Col3: Iteration 440
DCGANSize32Col3: Iteration 441
DCGANSize32Col3: Iteration 442
DCGANSize32Col3: Iteration 443
DCGANSize32Col3: Iteration 444
DCGANSize32Col3: Iteration 445
DCGANSize32Col3: Iteration 446
DCGANSize32Col3: Iteration 447
DCGANSize32Col3: Iteration 448
DCGANSize32Col3: Iteration 449
DCGANSize32Col3: Iteration 450
DCGANSize32Col3: Iteration 451
DCGANSize32Col3: Iteration 452
DCGANSize32Col3: Iteration 453
DCGANSize32Col3: Iteration 454
DCGANSize32Col3: Iteration 455
DCGANSize32Col3: Iteration 456
DCGANSize32Col3: Iteration 457
DCGANSize32Col3: Iteration 458
DCGANSize32Col3: Iteration 459
DCGANSize32Col3: Iteration 460
DCGANSize32Col3: Iteration 461
DCGANSize32Col3: Iteration 462
DCGANSize32Col3: Iteration 463
DCGANSize32Col3: Iteration 464
DCGANSize32Col3: Iteration 465
DCGANSize32Col3: Iteration 466
DCGANSize32Col3: Iteration 467
DCGANSize32Col3: Iteration 468
DCGANSize32Col3: Iteration 469
DCGANSize32Col3: Iteration 470
DCGANSize32Col3: Iteration 471
DCGANSize32Col3: Iteration 472
DCGANSize32Col3: Iteration 473
DCGANSize32Col3: Iteration 474
DCGANSize32Col3: Iteration 475
DCGANSize32Col3: Iteration 476
DCGANSize32Col3: Iteration 477
DCGANSize32Col3: Iteration 478
DCGANSize32Col3: Iteration 479
DCGANSize32Col3: Iteration 480
DCGANSize32Col3: Iteration 481
DCGANSize32Col3: Iteration 482
DCGANSize32Col3: Iteration 483
DCGANSize32Col3: Iteration 484
DCGANSize32Col3: Iteration 485
DCGANSize32Col3: Iteration 486
DCGANSize32Col3: Iteration 487
DCGANSize32Col3: Iteration 488
DCGANSize32Col3: Iteration 489
DCGANSize32Col3: Iteration 490
DCGANSize32Col3: Iteration 491
DCGANSize32Col3: Iteration 492
DCGANSize32Col3: Iteration 493
DCGANSize32Col3: Iteration 494
DCGANSize32Col3: Iteration 495
DCGANSize32Col3: Iteration 496
DCGANSize32Col3: Iteration 497
DCGANSize32Col3: Iteration 498
DCGANSize32Col3: Iteration 499
DCGANSize32Col3: Iteration 500
DCGANSize32Col3: Iteration 501
DCGANSize32Col3: Iteration 502
DCGANSize32Col3: Iteration 503
DCGANSize32Col3: Iteration 504
DCGANSize32Col3: Iteration 505
DCGANSize32Col3: Iteration 506
DCGANSize32Col3: Iteration 507
DCGANSize32Col3: Iteration 508
DCGANSize32Col3: Iteration 509
DCGANSize32Col3: Iteration 510
DCGANSize32Col3: Iteration 511
DCGANSize32Col3: Iteration 512
DCGANSize32Col3: Iteration 513
DCGANSize32Col3: Iteration 514
DCGANSize32Col3: Iteration 515
DCGANSize32Col3: Iteration 516
DCGANSize32Col3: Iteration 517
DCGANSize32Col3: Iteration 518
DCGANSize32Col3: Iteration 519
DCGANSize32Col3: Iteration 520
DCGANSize32Col3: Iteration 521
DCGANSize32Col3: Iteration 522
DCGANSize32Col3: Iteration 523
DCGANSize32Col3: Iteration 524
DCGANSize32Col3: Iteration 525
DCGANSize32Col3: Iteration 526
DCGANSize32Col3: Iteration 527
DCGANSize32Col3: Iteration 528
DCGANSize32Col3: Iteration 529
DCGANSize32Col3: Iteration 530
DCGANSize32Col3: Iteration 531
DCGANSize32Col3: Iteration 532
DCGANSize32Col3: Iteration 533
DCGANSize32Col3: Iteration 534
DCGANSize32Col3: Iteration 535
DCGANSize32Col3: Iteration 536
DCGANSize32Col3: Iteration 537
DCGANSize32Col3: Iteration 538
DCGANSize32Col3: Iteration 539
DCGANSize32Col3: Iteration 540
DCGANSize32Col3: Iteration 541
DCGANSize32Col3: Iteration 542
DCGANSize32Col3: Iteration 543
DCGANSize32Col3: Iteration 544
DCGANSize32Col3: Iteration 545
DCGANSize32Col3: Iteration 546
DCGANSize32Col3: Iteration 547
DCGANSize32Col3: Iteration 548
DCGANSize32Col3: Iteration 549
DCGANSize32Col3: Iteration 550
DCGANSize32Col3: Iteration 551
DCGANSize32Col3: Iteration 552
DCGANSize32Col3: Iteration 553
DCGANSize32Col3: Iteration 554
DCGANSize32Col3: Iteration 555
DCGANSize32Col3: Iteration 556
DCGANSize32Col3: Iteration 557
DCGANSize32Col3: Iteration 558
DCGANSize32Col3: Iteration 559
DCGANSize32Col3: Iteration 560
DCGANSize32Col3: Iteration 561
DCGANSize32Col3: Iteration 562
DCGANSize32Col3: Iteration 563
DCGANSize32Col3: Iteration 564
DCGANSize32Col3: Iteration 565
DCGANSize32Col3: Iteration 566
DCGANSize32Col3: Iteration 567
DCGANSize32Col3: Iteration 568
DCGANSize32Col3: Iteration 569
DCGANSize32Col3: Iteration 570
DCGANSize32Col3: Iteration 571
DCGANSize32Col3: Iteration 572
DCGANSize32Col3: Iteration 573
DCGANSize32Col3: Iteration 574
DCGANSize32Col3: Iteration 575
DCGANSize32Col3: Iteration 576
DCGANSize32Col3: Iteration 577
DCGANSize32Col3: Iteration 578
DCGANSize32Col3: Iteration 579
DCGANSize32Col3: Iteration 580
DCGANSize32Col3: Iteration 581
DCGANSize32Col3: Iteration 582
DCGANSize32Col3: Iteration 583
DCGANSize32Col3: Iteration 584
DCGANSize32Col3: Iteration 585
DCGANSize32Col3: Iteration 586
DCGANSize32Col3: Iteration 587
DCGANSize32Col3: Iteration 588
DCGANSize32Col3: Iteration 589
DCGANSize32Col3: Iteration 590
DCGANSize32Col3: Iteration 591
DCGANSize32Col3: Iteration 592
DCGANSize32Col3: Iteration 593
DCGANSize32Col3: Iteration 594
DCGANSize32Col3: Iteration 595
DCGANSize32Col3: Iteration 596
DCGANSize32Col3: Iteration 597
DCGANSize32Col3: Iteration 598
DCGANSize32Col3: Iteration 599
DCGANSize32Col3: Iteration 600
DCGANSize32Col3: Iteration 601
DCGANSize32Col3: Iteration 602
DCGANSize32Col3: Iteration 603
DCGANSize32Col3: Iteration 604
DCGANSize32Col3: Iteration 605
DCGANSize32Col3: Iteration 606
DCGANSize32Col3: Iteration 607
DCGANSize32Col3: Iteration 608
DCGANSize32Col3: Iteration 609
DCGANSize32Col3: Iteration 610
DCGANSize32Col3: Iteration 611
DCGANSize32Col3: Iteration 612
DCGANSize32Col3: Iteration 613
DCGANSize32Col3: Iteration 614
DCGANSize32Col3: Iteration 615
DCGANSize32Col3: Iteration 616
DCGANSize32Col3: Iteration 617
DCGANSize32Col3: Iteration 618
DCGANSize32Col3: Iteration 619
DCGANSize32Col3: Iteration 620
DCGANSize32Col3: Iteration 621
DCGANSize32Col3: Iteration 622
DCGANSize32Col3: Iteration 623
DCGANSize32Col3: Iteration 624
DCGANSize32Col3: Iteration 625
DCGANSize32Col3: Iteration 626
DCGANSize32Col3: Iteration 627
DCGANSize32Col3: Iteration 628
DCGANSize32Col3: Iteration 629
DCGANSize32Col3: Iteration 630
DCGANSize32Col3: Iteration 631
DCGANSize32Col3: Iteration 632
DCGANSize32Col3: Iteration 633
DCGANSize32Col3: Iteration 634
DCGANSize32Col3: Iteration 635
DCGANSize32Col3: Iteration 636
DCGANSize32Col3: Iteration 637
DCGANSize32Col3: Iteration 638
DCGANSize32Col3: Iteration 639
DCGANSize32Col3: Iteration 640
DCGANSize32Col3: Iteration 641
DCGANSize32Col3: Iteration 642
DCGANSize32Col3: Iteration 643
DCGANSize32Col3: Iteration 644
DCGANSize32Col3: Iteration 645
DCGANSize32Col3: Iteration 646
DCGANSize32Col3: Iteration 647
DCGANSize32Col3: Iteration 648
DCGANSize32Col3: Iteration 649
DCGANSize32Col3: Iteration 650
DCGANSize32Col3: Iteration 651
DCGANSize32Col3: Iteration 652
DCGANSize32Col3: Iteration 653
DCGANSize32Col3: Iteration 654
DCGANSize32Col3: Iteration 655
DCGANSize32Col3: Iteration 656
DCGANSize32Col3: Iteration 657
DCGANSize32Col3: Iteration 658
DCGANSize32Col3: Iteration 659
DCGANSize32Col3: Iteration 660
DCGANSize32Col3: Iteration 661
DCGANSize32Col3: Iteration 662
DCGANSize32Col3: Iteration 663
DCGANSize32Col3: Iteration 664
DCGANSize32Col3: Iteration 665
DCGANSize32Col3: Iteration 666
DCGANSize32Col3: Iteration 667
DCGANSize32Col3: Iteration 668
DCGANSize32Col3: Iteration 669
DCGANSize32Col3: Iteration 670
DCGANSize32Col3: Iteration 671
DCGANSize32Col3: Iteration 672
DCGANSize32Col3: Iteration 673
DCGANSize32Col3: Iteration 674
DCGANSize32Col3: Iteration 675
DCGANSize32Col3: Iteration 676
DCGANSize32Col3: Iteration 677
DCGANSize32Col3: Iteration 678
DCGANSize32Col3: Iteration 679
DCGANSize32Col3: Iteration 680
DCGANSize32Col3: Iteration 681
DCGANSize32Col3: Iteration 682
DCGANSize32Col3: Iteration 683
DCGANSize32Col3: Iteration 684
DCGANSize32Col3: Iteration 685
DCGANSize32Col3: Iteration 686
DCGANSize32Col3: Iteration 687
DCGANSize32Col3: Iteration 688
DCGANSize32Col3: Iteration 689
DCGANSize32Col3: Iteration 690
DCGANSize32Col3: Iteration 691
DCGANSize32Col3: Iteration 692
DCGANSize32Col3: Iteration 693
DCGANSize32Col3: Iteration 694
DCGANSize32Col3: Iteration 695
DCGANSize32Col3: Iteration 696
DCGANSize32Col3: Iteration 697
DCGANSize32Col3: Iteration 698
DCGANSize32Col3: Iteration 699
DCGANSize32Col3: Iteration 700
DCGANSize32Col3: Iteration 701
DCGANSize32Col3: Iteration 702
DCGANSize32Col3: Iteration 703
DCGANSize32Col3: Iteration 704
DCGANSize32Col3: Iteration 705
DCGANSize32Col3: Iteration 706
DCGANSize32Col3: Iteration 707
DCGANSize32Col3: Iteration 708
DCGANSize32Col3: Iteration 709
DCGANSize32Col3: Iteration 710
DCGANSize32Col3: Iteration 711
DCGANSize32Col3: Iteration 712
DCGANSize32Col3: Iteration 713
DCGANSize32Col3: Iteration 714
DCGANSize32Col3: Iteration 715
DCGANSize32Col3: Iteration 716
DCGANSize32Col3: Iteration 717
DCGANSize32Col3: Iteration 718
DCGANSize32Col3: Iteration 719
DCGANSize32Col3: Iteration 720
DCGANSize32Col3: Iteration 721
DCGANSize32Col3: Iteration 722
DCGANSize32Col3: Iteration 723
DCGANSize32Col3: Iteration 724
DCGANSize32Col3: Iteration 725
DCGANSize32Col3: Iteration 726
DCGANSize32Col3: Iteration 727
DCGANSize32Col3: Iteration 728
DCGANSize32Col3: Iteration 729
DCGANSize32Col3: Iteration 730
DCGANSize32Col3: Iteration 731
DCGANSize32Col3: Iteration 732
DCGANSize32Col3: Iteration 733
DCGANSize32Col3: Iteration 734
DCGANSize32Col3: Iteration 735
DCGANSize32Col3: Iteration 736
DCGANSize32Col3: Iteration 737
DCGANSize32Col3: Iteration 738
DCGANSize32Col3: Iteration 739
DCGANSize32Col3: Iteration 740
DCGANSize32Col3: Iteration 741
DCGANSize32Col3: Iteration 742
DCGANSize32Col3: Iteration 743
DCGANSize32Col3: Iteration 744
DCGANSize32Col3: Iteration 745
DCGANSize32Col3: Iteration 746
DCGANSize32Col3: Iteration 747
DCGANSize32Col3: Iteration 748
DCGANSize32Col3: Iteration 749
DCGANSize32Col3: Iteration 750
DCGANSize32Col3: Iteration 751
DCGANSize32Col3: Iteration 752
DCGANSize32Col3: Iteration 753
DCGANSize32Col3: Iteration 754
DCGANSize32Col3: Iteration 755
DCGANSize32Col3: Iteration 756
DCGANSize32Col3: Iteration 757
DCGANSize32Col3: Iteration 758
DCGANSize32Col3: Iteration 759
DCGANSize32Col3: Iteration 760
DCGANSize32Col3: Iteration 761
DCGANSize32Col3: Iteration 762
DCGANSize32Col3: Iteration 763
DCGANSize32Col3: Iteration 764
DCGANSize32Col3: Iteration 765
DCGANSize32Col3: Iteration 766
DCGANSize32Col3: Iteration 767
DCGANSize32Col3: Iteration 768
DCGANSize32Col3: Iteration 769
DCGANSize32Col3: Iteration 770
DCGANSize32Col3: Iteration 771
DCGANSize32Col3: Iteration 772
DCGANSize32Col3: Iteration 773
DCGANSize32Col3: Iteration 774
DCGANSize32Col3: Iteration 775
DCGANSize32Col3: Iteration 776
DCGANSize32Col3: Iteration 777
DCGANSize32Col3: Iteration 778
DCGANSize32Col3: Iteration 779
DCGANSize32Col3: Iteration 780
DCGANSize32Col3: Iteration 781
DCGANSize32Col3: Saving /fs/vulcan-scratch/krusinga/projects/ganProbability/generated/e40/models/netG.pth
DCGANSize32Col3: Saving /fs/vulcan-scratch/krusinga/projects/ganProbability/generated/e40/models/netD.pth
Analyzer: Obtaining data for analysis
Analyzer: Generating /fs/vulcan-scratch/krusinga/projects/ganProbability/experiments/e40/analysis/ganTrainPlot.png with handler for lineplot
Analyzer: Saving data in /fs/vulcan-scratch/krusinga/projects/ganProbability/experiments/e40/analysis/ganTrainPlot.pickle
Module times: [5.698204040527344e-05, 3.319456100463867, 20.070919036865234, 0.4813849925994873]
Total time: 23.871847868
=====
Starting experiment stage2
ID: 40, PID 0/1
09_26_2018_11:38:09
=====
=====
Starting experiment stage2
ID: 40, PID 0/1
09_26_2018_11:39:34
=====
DCGANSize32Col3: {'samples': 10, 'netGkey': 'netG', 'netGinstance': -1, 'ngpu': 0, 'take': 4, 'netGclass': <class 'code.total.models.nnModels.NetG32'>, 'checkpointEvery': 10, 'ngf': 64, 'netDclass': <class 'code.total.models.nnModels.NetD32'>, 'nGANepochs': 1, 'netDexpNum': -1, 'nc': 3, 'nz': 100, 'ndf': 64, 'netGexpNum': -1, 'netDinstance': -1, 'lr': 0.0002, 'cuda': True, 'beta1': 0.5, 'netDkey': 'netD', 'imSize': 32}
DCGANSize32Col3: outShape is (3, 32, 32)
An exception occurred when running DCGANSize32Col3
<type 'exceptions.TypeError'>
load() takes exactly 1 argument (4 given)
Exiting early
=====
Starting experiment stage2
ID: 40, PID 0/1
09_26_2018_11:41:38
=====
DCGANSize32Col3: {'samples': 10, 'netGkey': 'netG', 'netGinstance': -1, 'ngpu': 0, 'take': 4, 'netGclass': <class 'code.total.models.nnModels.NetG32'>, 'checkpointEvery': 10, 'ngf': 64, 'netDclass': <class 'code.total.models.nnModels.NetD32'>, 'nGANepochs': 1, 'netDexpNum': -1, 'nc': 3, 'nz': 100, 'ndf': 64, 'netGexpNum': -1, 'netDinstance': -1, 'lr': 0.0002, 'cuda': True, 'beta1': 0.5, 'netDkey': 'netD', 'imSize': 32}
DCGANSize32Col3: outShape is (3, 32, 32)
An exception occurred when running DCGANSize32Col3
<class 'bdb.BdbQuit'>

Exiting early
=====
Starting experiment stage2
ID: 40, PID 0/1
09_26_2018_11:42:45
=====
DCGANSize32Col3: {'samples': 10, 'netGkey': 'netG', 'netGinstance': -1, 'ngpu': 0, 'take': 4, 'netGclass': <class 'code.total.models.nnModels.NetG32'>, 'checkpointEvery': 10, 'ngf': 64, 'netDclass': <class 'code.total.models.nnModels.NetD32'>, 'nGANepochs': 1, 'netDexpNum': -1, 'nc': 3, 'nz': 100, 'ndf': 64, 'netGexpNum': -1, 'netDinstance': -1, 'lr': 0.0002, 'cuda': True, 'beta1': 0.5, 'netDkey': 'netD', 'imSize': 32}
DCGANSize32Col3: outShape is (3, 32, 32)
DCGANSize32Col3: Loading /fs/vulcan-scratch/krusinga/projects/ganProbability/generated/e40/models/netG.pth
An exception occurred when running DCGANSize32Col3
<type 'exceptions.AttributeError'>
'str' object has no attribute 'items'
Exiting early
=====
Starting experiment stage2
ID: 40, PID 0/1
09_26_2018_11:43:58
=====
DCGANSize32Col3: {'samples': 10, 'netGkey': 'netG', 'netGinstance': -1, 'ngpu': 0, 'take': 4, 'netGclass': <class 'code.total.models.nnModels.NetG32'>, 'checkpointEvery': 10, 'ngf': 64, 'netDclass': <class 'code.total.models.nnModels.NetD32'>, 'nGANepochs': 1, 'netDexpNum': -1, 'nc': 3, 'nz': 100, 'ndf': 64, 'netGexpNum': -1, 'netDinstance': -1, 'lr': 0.0002, 'cuda': True, 'beta1': 0.5, 'netDkey': 'netD', 'imSize': 32}
DCGANSize32Col3: outShape is (3, 32, 32)
DCGANSize32Col3: Loading /fs/vulcan-scratch/krusinga/projects/ganProbability/generated/e40/models/netG.pth
An exception occurred when running DCGANSize32Col3
<type 'exceptions.AttributeError'>
'str' object has no attribute 'items'
Exiting early
=====
Starting experiment stage2
ID: 40, PID 0/1
09_26_2018_11:44:06
=====
DCGANSize32Col3: {'samples': 10, 'netGkey': 'netG', 'netGinstance': -1, 'ngpu': 0, 'take': 4, 'netGclass': <class 'code.total.models.nnModels.NetG32'>, 'checkpointEvery': 10, 'ngf': 64, 'netDclass': <class 'code.total.models.nnModels.NetD32'>, 'nGANepochs': 1, 'netDexpNum': -1, 'nc': 3, 'nz': 100, 'ndf': 64, 'netGexpNum': -1, 'netDinstance': -1, 'lr': 0.0002, 'cuda': True, 'beta1': 0.5, 'netDkey': 'netD', 'imSize': 32}
DCGANSize32Col3: outShape is (3, 32, 32)
DCGANSize32Col3: Loading /fs/vulcan-scratch/krusinga/projects/ganProbability/generated/e40/models/netG.pth
An exception occurred when running DCGANSize32Col3
<type 'exceptions.AttributeError'>
'str' object has no attribute 'items'
Exiting early
=====
Starting experiment stage2
ID: 40, PID 0/1
09_26_2018_11:45:46
=====
DCGANSize32Col3: {'samples': 10, 'netGkey': 'netG', 'netGinstance': -1, 'ngpu': 0, 'take': 4, 'netGclass': <class 'code.total.models.nnModels.NetG32'>, 'checkpointEvery': 10, 'ngf': 64, 'netDclass': <class 'code.total.models.nnModels.NetD32'>, 'nGANepochs': 1, 'netDexpNum': -1, 'nc': 3, 'nz': 100, 'ndf': 64, 'netGexpNum': -1, 'netDinstance': -1, 'lr': 0.0002, 'cuda': True, 'beta1': 0.5, 'netDkey': 'netD', 'imSize': 32}
DCGANSize32Col3: outShape is (3, 32, 32)
DCGANSize32Col3: Loading /fs/vulcan-scratch/krusinga/projects/ganProbability/generated/e40/models/netG.pth
An exception occurred when running DCGANSize32Col3
<class 'bdb.BdbQuit'>

Exiting early
=====
Starting experiment stage2
ID: 40, PID 0/1
09_26_2018_11:49:48
=====
DCGANSize32Col3: {'samples': 10, 'netGkey': 'netG', 'netGinstance': -1, 'ngpu': 0, 'take': 4, 'netGclass': <class 'code.total.models.nnModels.NetG32'>, 'checkpointEvery': 10, 'ngf': 64, 'netDclass': <class 'code.total.models.nnModels.NetD32'>, 'nGANepochs': 1, 'netDexpNum': -1, 'nc': 3, 'nz': 100, 'ndf': 64, 'netGexpNum': -1, 'netDinstance': -1, 'lr': 0.0002, 'cuda': True, 'beta1': 0.5, 'netDkey': 'netD', 'imSize': 32}
DCGANSize32Col3: outShape is (3, 32, 32)
DCGANSize32Col3: Loading /fs/vulcan-scratch/krusinga/projects/ganProbability/generated/e40/models/netG.pth
DCGANSize32Col3: Loading /fs/vulcan-scratch/krusinga/projects/ganProbability/generated/e40/models/netD.pth
DCGANSize32Col3: Probability sampling 0
An exception occurred when running SampleGAN
<type 'exceptions.RuntimeError'>
Expected object of type torch.FloatTensor but found type torch.cuda.FloatTensor for argument #2 'weight'
Exiting early
=====
Starting experiment stage2
ID: 40, PID 0/1
09_26_2018_11:52:10
=====
DCGANSize32Col3: {'samples': 10, 'netGkey': 'netG', 'netGinstance': -1, 'ngpu': 0, 'take': 4, 'netGclass': <class 'code.total.models.nnModels.NetG32'>, 'checkpointEvery': 10, 'ngf': 64, 'netDclass': <class 'code.total.models.nnModels.NetD32'>, 'nGANepochs': 1, 'netDexpNum': -1, 'nc': 3, 'nz': 100, 'ndf': 64, 'netGexpNum': -1, 'netDinstance': -1, 'lr': 0.0002, 'cuda': True, 'beta1': 0.5, 'netDkey': 'netD', 'imSize': 32}
DCGANSize32Col3: outShape is (3, 32, 32)
DCGANSize32Col3: Loading /fs/vulcan-scratch/krusinga/projects/ganProbability/generated/e40/models/netG.pth
DCGANSize32Col3: Loading /fs/vulcan-scratch/krusinga/projects/ganProbability/generated/e40/models/netD.pth
DCGANSize32Col3: Probability sampling 0
An exception occurred when running SampleGAN
<type 'exceptions.RuntimeError'>
Expected object of type torch.FloatTensor but found type torch.cuda.FloatTensor for argument #2 'weight'
Exiting early
=====
Starting experiment stage2
ID: 40, PID 0/1
09_26_2018_11:52:34
=====
DCGANSize32Col3: {'samples': 10, 'netGkey': 'netG', 'netGinstance': -1, 'ngpu': 0, 'take': 4, 'netGclass': <class 'code.total.models.nnModels.NetG32'>, 'checkpointEvery': 10, 'ngf': 64, 'netDclass': <class 'code.total.models.nnModels.NetD32'>, 'nGANepochs': 1, 'netDexpNum': -1, 'nc': 3, 'nz': 100, 'ndf': 64, 'netGexpNum': -1, 'netDinstance': -1, 'lr': 0.0002, 'cuda': True, 'beta1': 0.5, 'netDkey': 'netD', 'imSize': 32}
DCGANSize32Col3: outShape is (3, 32, 32)
DCGANSize32Col3: Loading /fs/vulcan-scratch/krusinga/projects/ganProbability/generated/e40/models/netG.pth
An exception occurred when running DCGANSize32Col3
<type 'exceptions.AttributeError'>
'str' object has no attribute '__module__'
Exiting early
=====
Starting experiment stage2
ID: 40, PID 0/1
09_26_2018_11:53:59
=====
DCGANSize32Col3: {'samples': 10, 'netGkey': 'netG', 'netGinstance': -1, 'ngpu': 0, 'take': 4, 'netGclass': <class 'code.total.models.nnModels.NetG32'>, 'checkpointEvery': 10, 'ngf': 64, 'netDclass': <class 'code.total.models.nnModels.NetD32'>, 'nGANepochs': 1, 'netDexpNum': -1, 'nc': 3, 'nz': 100, 'ndf': 64, 'netGexpNum': -1, 'netDinstance': -1, 'lr': 0.0002, 'cuda': True, 'beta1': 0.5, 'netDkey': 'netD', 'imSize': 32}
DCGANSize32Col3: outShape is (3, 32, 32)
DCGANSize32Col3: Loading /fs/vulcan-scratch/krusinga/projects/ganProbability/generated/e40/models/netG.pth
DCGANSize32Col3: Loading /fs/vulcan-scratch/krusinga/projects/ganProbability/generated/e40/models/netD.pth
DCGANSize32Col3: Probability sampling 0
An exception occurred when running SampleGAN
<type 'exceptions.RuntimeError'>
Expected object of type torch.FloatTensor but found type torch.cuda.FloatTensor for argument #2 'weight'
Exiting early
=====
Starting experiment stage2
ID: 40, PID 0/1
09_26_2018_11:56:04
=====
DCGANSize32Col3: {'samples': 10, 'netGkey': 'netG', 'netGinstance': -1, 'ngpu': 0, 'take': 4, 'netGclass': <class 'code.total.models.nnModels.NetG32'>, 'checkpointEvery': 10, 'ngf': 64, 'netDclass': <class 'code.total.models.nnModels.NetD32'>, 'nGANepochs': 1, 'netDexpNum': -1, 'nc': 3, 'nz': 100, 'ndf': 64, 'netGexpNum': -1, 'netDinstance': -1, 'lr': 0.0002, 'cuda': True, 'beta1': 0.5, 'netDkey': 'netD', 'imSize': 32}
DCGANSize32Col3: outShape is (3, 32, 32)
DCGANSize32Col3: Loading /fs/vulcan-scratch/krusinga/projects/ganProbability/generated/e40/models/netG.pth
DCGANSize32Col3: Loading /fs/vulcan-scratch/krusinga/projects/ganProbability/generated/e40/models/netD.pth
DCGANSize32Col3: Probability sampling 0
An exception occurred when running SampleGAN
<type 'exceptions.RuntimeError'>
Expected object of type torch.FloatTensor but found type torch.cuda.FloatTensor for argument #2 'weight'
Exiting early
=====
Starting experiment stage2
ID: 40, PID 0/1
09_26_2018_11:58:33
=====
DCGANSize32Col3: {'samples': 10, 'netGkey': 'netG', 'netGinstance': -1, 'ngpu': 0, 'take': 4, 'netGclass': <class 'code.total.models.nnModels.NetG32'>, 'checkpointEvery': 10, 'ngf': 64, 'netDclass': <class 'code.total.models.nnModels.NetD32'>, 'nGANepochs': 1, 'netDexpNum': -1, 'nc': 3, 'nz': 100, 'ndf': 64, 'netGexpNum': -1, 'netDinstance': -1, 'lr': 0.0002, 'cuda': True, 'beta1': 0.5, 'netDkey': 'netD', 'imSize': 32}
DCGANSize32Col3: outShape is (3, 32, 32)
DCGANSize32Col3: Loading /fs/vulcan-scratch/krusinga/projects/ganProbability/generated/e40/models/netG.pth
DCGANSize32Col3: Loading /fs/vulcan-scratch/krusinga/projects/ganProbability/generated/e40/models/netD.pth
DCGANSize32Col3: Probability sampling 0
An exception occurred when running SampleGAN
<type 'exceptions.RuntimeError'>
Expected object of type torch.FloatTensor but found type torch.cuda.FloatTensor for argument #2 'weight'
Exiting early
=====
Starting experiment stage2
ID: 40, PID 0/1
09_26_2018_11:59:46
=====
DCGANSize32Col3: {'samples': 10, 'netGkey': 'netG', 'netGinstance': -1, 'ngpu': 0, 'take': 4, 'netGclass': <class 'code.total.models.nnModels.NetG32'>, 'checkpointEvery': 10, 'ngf': 64, 'netDclass': <class 'code.total.models.nnModels.NetD32'>, 'nGANepochs': 1, 'netDexpNum': -1, 'nc': 3, 'nz': 100, 'ndf': 64, 'netGexpNum': -1, 'netDinstance': -1, 'lr': 0.0002, 'cuda': True, 'beta1': 0.5, 'netDkey': 'netD', 'imSize': 32}
DCGANSize32Col3: outShape is (3, 32, 32)
DCGANSize32Col3: Loading /fs/vulcan-scratch/krusinga/projects/ganProbability/generated/e40/models/netG.pth
DCGANSize32Col3: Loading /fs/vulcan-scratch/krusinga/projects/ganProbability/generated/e40/models/netD.pth
DCGANSize32Col3: Probability sampling 0
An exception occurred when running SampleGAN
<class 'bdb.BdbQuit'>

Exiting early
=====
Starting experiment stage2
ID: 40, PID 0/1
09_26_2018_12:01:13
=====
DCGANSize32Col3: {'samples': 10, 'netGkey': 'netG', 'netGinstance': -1, 'ngpu': 0, 'take': 4, 'netGclass': <class 'code.total.models.nnModels.NetG32'>, 'checkpointEvery': 10, 'ngf': 64, 'netDclass': <class 'code.total.models.nnModels.NetD32'>, 'nGANepochs': 1, 'netDexpNum': -1, 'nc': 3, 'nz': 100, 'ndf': 64, 'netGexpNum': -1, 'netDinstance': -1, 'lr': 0.0002, 'cuda': True, 'beta1': 0.5, 'netDkey': 'netD', 'imSize': 32}
DCGANSize32Col3: outShape is (3, 32, 32)
DCGANSize32Col3: Loading /fs/vulcan-scratch/krusinga/projects/ganProbability/generated/e40/models/netG.pth
DCGANSize32Col3: Loading /fs/vulcan-scratch/krusinga/projects/ganProbability/generated/e40/models/netD.pth
DCGANSize32Col3: Probability sampling 0
An exception occurred when running SampleGAN
<type 'exceptions.TypeError'>
add received an invalid combination of arguments - got (torch.FloatTensor), but expected one of:
 * (float value)
      didn't match because some of the arguments have invalid types: ([31;1mtorch.FloatTensor[0m)
 * (torch.cuda.FloatTensor other)
      didn't match because some of the arguments have invalid types: ([31;1mtorch.FloatTensor[0m)
 * (torch.cuda.sparse.FloatTensor other)
      didn't match because some of the arguments have invalid types: ([31;1mtorch.FloatTensor[0m)
 * (float value, torch.cuda.FloatTensor other)
 * (float value, torch.cuda.sparse.FloatTensor other)

Exiting early
=====
Starting experiment stage2
ID: 40, PID 0/1
09_26_2018_12:02:52
=====
DCGANSize32Col3: {'samples': 10, 'netGkey': 'netG', 'netGinstance': -1, 'ngpu': 0, 'take': 4, 'netGclass': <class 'code.total.models.nnModels.NetG32'>, 'checkpointEvery': 10, 'ngf': 64, 'netDclass': <class 'code.total.models.nnModels.NetD32'>, 'nGANepochs': 1, 'netDexpNum': -1, 'nc': 3, 'nz': 100, 'ndf': 64, 'netGexpNum': -1, 'netDinstance': -1, 'lr': 0.0002, 'cuda': True, 'beta1': 0.5, 'netDkey': 'netD', 'imSize': 32}
DCGANSize32Col3: outShape is (3, 32, 32)
DCGANSize32Col3: Loading /fs/vulcan-scratch/krusinga/projects/ganProbability/generated/e40/models/netG.pth
DCGANSize32Col3: Loading /fs/vulcan-scratch/krusinga/projects/ganProbability/generated/e40/models/netD.pth
DCGANSize32Col3: Probability sampling 0
An exception occurred when running SampleGAN
<type 'exceptions.NameError'>
global name 'nz' is not defined
Exiting early
=====
Starting experiment stage2
ID: 40, PID 0/1
09_26_2018_12:03:37
=====
DCGANSize32Col3: {'samples': 10, 'netGkey': 'netG', 'netGinstance': -1, 'ngpu': 0, 'take': 4, 'netGclass': <class 'code.total.models.nnModels.NetG32'>, 'checkpointEvery': 10, 'ngf': 64, 'netDclass': <class 'code.total.models.nnModels.NetD32'>, 'nGANepochs': 1, 'netDexpNum': -1, 'nc': 3, 'nz': 100, 'ndf': 64, 'netGexpNum': -1, 'netDinstance': -1, 'lr': 0.0002, 'cuda': True, 'beta1': 0.5, 'netDkey': 'netD', 'imSize': 32}
DCGANSize32Col3: outShape is (3, 32, 32)
DCGANSize32Col3: Loading /fs/vulcan-scratch/krusinga/projects/ganProbability/generated/e40/models/netG.pth
DCGANSize32Col3: Loading /fs/vulcan-scratch/krusinga/projects/ganProbability/generated/e40/models/netD.pth
DCGANSize32Col3: Probability sampling 0
An exception occurred when running SampleGAN
<type 'exceptions.NameError'>
global name 'Z' is not defined
Exiting early
=====
Starting experiment stage2
ID: 40, PID 0/1
09_26_2018_12:05:30
=====
DCGANSize32Col3: {'samples': 10, 'netGkey': 'netG', 'netGinstance': -1, 'ngpu': 0, 'take': 4, 'netGclass': <class 'code.total.models.nnModels.NetG32'>, 'checkpointEvery': 10, 'ngf': 64, 'netDclass': <class 'code.total.models.nnModels.NetD32'>, 'nGANepochs': 1, 'netDexpNum': -1, 'nc': 3, 'nz': 100, 'ndf': 64, 'netGexpNum': -1, 'netDinstance': -1, 'lr': 0.0002, 'cuda': True, 'beta1': 0.5, 'netDkey': 'netD', 'imSize': 32}
DCGANSize32Col3: outShape is (3, 32, 32)
DCGANSize32Col3: Loading /fs/vulcan-scratch/krusinga/projects/ganProbability/generated/e40/models/netG.pth
DCGANSize32Col3: Loading /fs/vulcan-scratch/krusinga/projects/ganProbability/generated/e40/models/netD.pth
DCGANSize32Col3: Probability sampling 0
DCGANSize32Col3: Probability sampling 1
DCGANSize32Col3: Probability sampling 2
DCGANSize32Col3: Probability sampling 3
DCGANSize32Col3: Probability sampling 4
DCGANSize32Col3: Probability sampling 5
DCGANSize32Col3: Probability sampling 6
DCGANSize32Col3: Probability sampling 7
DCGANSize32Col3: Probability sampling 8
DCGANSize32Col3: Probability sampling 9
SampleGAN: Saving /fs/vulcan-scratch/krusinga/projects/ganProbability/generated/e40/data/samples_0.mat
ZipSamples: Collapsing to process 0
ZipSamples: In Process 0 (this should not be seen by other processes)
ZipSamples: Loading mats
An exception occurred when running ZipSamples
<type 'exceptions.KeyError'>
'code'
Exiting early
=====
Starting experiment stage2
ID: 40, PID 0/1
09_26_2018_12:07:31
=====
DCGANSize32Col3: {'samples': 10, 'netGkey': 'netG', 'netGinstance': -1, 'ngpu': 0, 'take': 4, 'netGclass': <class 'code.total.models.nnModels.NetG32'>, 'checkpointEvery': 10, 'ngf': 64, 'netDclass': <class 'code.total.models.nnModels.NetD32'>, 'nGANepochs': 1, 'netDexpNum': -1, 'nc': 3, 'nz': 100, 'ndf': 64, 'netGexpNum': -1, 'netDinstance': -1, 'lr': 0.0002, 'cuda': True, 'beta1': 0.5, 'netDkey': 'netD', 'imSize': 32}
DCGANSize32Col3: outShape is (3, 32, 32)
DCGANSize32Col3: Loading /fs/vulcan-scratch/krusinga/projects/ganProbability/generated/e40/models/netG.pth
DCGANSize32Col3: Loading /fs/vulcan-scratch/krusinga/projects/ganProbability/generated/e40/models/netD.pth
DCGANSize32Col3: Probability sampling 0
DCGANSize32Col3: Probability sampling 1
DCGANSize32Col3: Probability sampling 2
DCGANSize32Col3: Probability sampling 3
DCGANSize32Col3: Probability sampling 4
DCGANSize32Col3: Probability sampling 5
DCGANSize32Col3: Probability sampling 6
DCGANSize32Col3: Probability sampling 7
DCGANSize32Col3: Probability sampling 8
DCGANSize32Col3: Probability sampling 9
SampleGAN: Saving /fs/vulcan-scratch/krusinga/projects/ganProbability/generated/e40/data/samples_0.mat
ZipSamples: Collapsing to process 0
ZipSamples: In Process 0 (this should not be seen by other processes)
ZipSamples: Loading mats
ZipSamples: Saving samples
An exception occurred when running RegressorSize32Col3
<type 'exceptions.NameError'>
global name 'Regressor' is not defined
Exiting early
=====
Starting experiment stage2
ID: 40, PID 0/1
09_26_2018_12:08:43
=====
DCGANSize32Col3: {'samples': 10, 'netGkey': 'netG', 'netGinstance': -1, 'ngpu': 0, 'take': 4, 'netGclass': <class 'code.total.models.nnModels.NetG32'>, 'checkpointEvery': 10, 'ngf': 64, 'netDclass': <class 'code.total.models.nnModels.NetD32'>, 'nGANepochs': 1, 'netDexpNum': -1, 'nc': 3, 'nz': 100, 'ndf': 64, 'netGexpNum': -1, 'netDinstance': -1, 'lr': 0.0002, 'cuda': True, 'beta1': 0.5, 'netDkey': 'netD', 'imSize': 32}
DCGANSize32Col3: outShape is (3, 32, 32)
DCGANSize32Col3: Loading /fs/vulcan-scratch/krusinga/projects/ganProbability/generated/e40/models/netG.pth
DCGANSize32Col3: Loading /fs/vulcan-scratch/krusinga/projects/ganProbability/generated/e40/models/netD.pth
DCGANSize32Col3: Probability sampling 0
DCGANSize32Col3: Probability sampling 1
DCGANSize32Col3: Probability sampling 2
DCGANSize32Col3: Probability sampling 3
DCGANSize32Col3: Probability sampling 4
DCGANSize32Col3: Probability sampling 5
DCGANSize32Col3: Probability sampling 6
DCGANSize32Col3: Probability sampling 7
DCGANSize32Col3: Probability sampling 8
DCGANSize32Col3: Probability sampling 9
SampleGAN: Saving /fs/vulcan-scratch/krusinga/projects/ganProbability/generated/e40/data/samples_0.mat
ZipSamples: Collapsing to process 0
ZipSamples: In Process 0 (this should not be seen by other processes)
ZipSamples: Loading mats
ZipSamples: Saving samples
RegressorSize32Col3: {'netPclass': <class 'code.total.models.nnModels.NetP32'>, 'beta1': 0.5, 'netGkey': 'netG', 'npf': 64, 'ngpu': 0, 'take': 4, 'checkpointEvery': 10, 'netDkey': 'netD', 'netPinstance': -1, 'nGANepochs': 1, 'nc': 3, 'samples': 10, 'lr': 0.0002, 'cuda': True, 'netPexpNum': -1, 'imSize': 32, 'netPkey': ''}
An exception occurred when running RegressorSize32Col3
<type 'exceptions.AttributeError'>
'RegressorSize32Col3' object has no attribute 'outShape'
Exiting early
=====
Starting experiment stage2
ID: 40, PID 0/1
09_26_2018_12:10:04
=====
DCGANSize32Col3: {'samples': 10, 'netGkey': 'netG', 'netGinstance': -1, 'ngpu': 0, 'take': 4, 'netGclass': <class 'code.total.models.nnModels.NetG32'>, 'checkpointEvery': 10, 'ngf': 64, 'netDclass': <class 'code.total.models.nnModels.NetD32'>, 'nGANepochs': 1, 'netDexpNum': -1, 'nc': 3, 'nz': 100, 'ndf': 64, 'netGexpNum': -1, 'netDinstance': -1, 'lr': 0.0002, 'cuda': True, 'beta1': 0.5, 'netDkey': 'netD', 'imSize': 32}
DCGANSize32Col3: outShape is (3, 32, 32)
DCGANSize32Col3: Loading /fs/vulcan-scratch/krusinga/projects/ganProbability/generated/e40/models/netG.pth
DCGANSize32Col3: Loading /fs/vulcan-scratch/krusinga/projects/ganProbability/generated/e40/models/netD.pth
DCGANSize32Col3: Probability sampling 0
DCGANSize32Col3: Probability sampling 1
DCGANSize32Col3: Probability sampling 2
DCGANSize32Col3: Probability sampling 3
DCGANSize32Col3: Probability sampling 4
DCGANSize32Col3: Probability sampling 5
DCGANSize32Col3: Probability sampling 6
DCGANSize32Col3: Probability sampling 7
DCGANSize32Col3: Probability sampling 8
DCGANSize32Col3: Probability sampling 9
SampleGAN: Saving /fs/vulcan-scratch/krusinga/projects/ganProbability/generated/e40/data/samples_0.mat
ZipSamples: Collapsing to process 0
ZipSamples: In Process 0 (this should not be seen by other processes)
ZipSamples: Loading mats
ZipSamples: Saving samples
RegressorSize32Col3: {'netPclass': <class 'code.total.models.nnModels.NetP32'>, 'beta1': 0.5, 'netGkey': 'netG', 'npf': 64, 'ngpu': 0, 'take': 4, 'checkpointEvery': 10, 'netDkey': 'netD', 'netPinstance': -1, 'nGANepochs': 1, 'nc': 3, 'samples': 10, 'lr': 0.0002, 'cuda': True, 'netPexpNum': -1, 'imSize': 32, 'netPkey': ''}
RegressorSize32Col3: inShape is (3, 32, 32)
An exception occurred when running RegressorSize32Col3
<type 'exceptions.AttributeError'>
'RegressorSize32Col3' object has no attribute 'netG'
Exiting early
=====
Starting experiment stage2
ID: 40, PID 0/1
09_26_2018_12:10:44
=====
DCGANSize32Col3: {'samples': 10, 'netGkey': 'netG', 'netGinstance': -1, 'ngpu': 0, 'take': 4, 'netGclass': <class 'code.total.models.nnModels.NetG32'>, 'checkpointEvery': 10, 'ngf': 64, 'netDclass': <class 'code.total.models.nnModels.NetD32'>, 'nGANepochs': 1, 'netDexpNum': -1, 'nc': 3, 'nz': 100, 'ndf': 64, 'netGexpNum': -1, 'netDinstance': -1, 'lr': 0.0002, 'cuda': True, 'beta1': 0.5, 'netDkey': 'netD', 'imSize': 32}
DCGANSize32Col3: outShape is (3, 32, 32)
DCGANSize32Col3: Loading /fs/vulcan-scratch/krusinga/projects/ganProbability/generated/e40/models/netG.pth
DCGANSize32Col3: Loading /fs/vulcan-scratch/krusinga/projects/ganProbability/generated/e40/models/netD.pth
DCGANSize32Col3: Probability sampling 0
DCGANSize32Col3: Probability sampling 1
DCGANSize32Col3: Probability sampling 2
DCGANSize32Col3: Probability sampling 3
DCGANSize32Col3: Probability sampling 4
DCGANSize32Col3: Probability sampling 5
DCGANSize32Col3: Probability sampling 6
DCGANSize32Col3: Probability sampling 7
DCGANSize32Col3: Probability sampling 8
DCGANSize32Col3: Probability sampling 9
SampleGAN: Saving /fs/vulcan-scratch/krusinga/projects/ganProbability/generated/e40/data/samples_0.mat
ZipSamples: Collapsing to process 0
ZipSamples: In Process 0 (this should not be seen by other processes)
ZipSamples: Loading mats
ZipSamples: Saving samples
RegressorSize32Col3: {'netPclass': <class 'code.total.models.nnModels.NetP32'>, 'beta1': 0.5, 'netGkey': 'netG', 'npf': 64, 'ngpu': 0, 'take': 4, 'checkpointEvery': 10, 'netDkey': 'netD', 'netPinstance': -1, 'nGANepochs': 1, 'nc': 3, 'samples': 10, 'lr': 0.0002, 'cuda': True, 'netPexpNum': -1, 'imSize': 32, 'netPkey': ''}
RegressorSize32Col3: inShape is (3, 32, 32)
An exception occurred when running RegressorTrain
<type 'exceptions.TypeError'>
getDataloader() got an unexpected keyword argument 'outShape'
Exiting early
=====
Starting experiment stage2
ID: 40, PID 0/1
09_26_2018_12:14:34
=====
DCGANSize32Col3: {'samples': 10, 'netGkey': 'netG', 'netGinstance': -1, 'ngpu': 0, 'take': 4, 'netGclass': <class 'code.total.models.nnModels.NetG32'>, 'checkpointEvery': 10, 'ngf': 64, 'netDclass': <class 'code.total.models.nnModels.NetD32'>, 'nGANepochs': 1, 'netDexpNum': -1, 'nc': 3, 'nz': 100, 'ndf': 64, 'netGexpNum': -1, 'netDinstance': -1, 'lr': 0.0002, 'cuda': True, 'beta1': 0.5, 'nRegressorEpochs': 1, 'netDkey': 'netD', 'imSize': 32}
DCGANSize32Col3: outShape is (3, 32, 32)
DCGANSize32Col3: Loading /fs/vulcan-scratch/krusinga/projects/ganProbability/generated/e40/models/netG.pth
DCGANSize32Col3: Loading /fs/vulcan-scratch/krusinga/projects/ganProbability/generated/e40/models/netD.pth
DCGANSize32Col3: Probability sampling 0
DCGANSize32Col3: Probability sampling 1
DCGANSize32Col3: Probability sampling 2
DCGANSize32Col3: Probability sampling 3
DCGANSize32Col3: Probability sampling 4
DCGANSize32Col3: Probability sampling 5
DCGANSize32Col3: Probability sampling 6
DCGANSize32Col3: Probability sampling 7
DCGANSize32Col3: Probability sampling 8
DCGANSize32Col3: Probability sampling 9
SampleGAN: Saving /fs/vulcan-scratch/krusinga/projects/ganProbability/generated/e40/data/samples_0.mat
ZipSamples: Collapsing to process 0
ZipSamples: In Process 0 (this should not be seen by other processes)
ZipSamples: Loading mats
ZipSamples: Saving samples
RegressorSize32Col3: {'netPclass': <class 'code.total.models.nnModels.NetP32'>, 'beta1': 0.5, 'netGkey': 'netG', 'npf': 64, 'ngpu': 0, 'take': 4, 'checkpointEvery': 10, 'netDkey': 'netD', 'netPinstance': -1, 'nGANepochs': 1, 'nc': 3, 'samples': 10, 'lr': 0.0002, 'cuda': True, 'netPexpNum': -1, 'nRegressorEpochs': 1, 'imSize': 32, 'netPkey': ''}
RegressorSize32Col3: inShape is (3, 32, 32)
An exception occurred when running RegressorTrain
<type 'exceptions.TypeError'>
getDataloader() got an unexpected keyword argument 'returnClass'
Exiting early
=====
Starting experiment stage2
ID: 40, PID 0/1
09_26_2018_12:16:27
=====
DCGANSize32Col3: {'samples': 10, 'netGkey': 'netG', 'netGinstance': -1, 'ngpu': 0, 'take': 4, 'netGclass': <class 'code.total.models.nnModels.NetG32'>, 'checkpointEvery': 10, 'ngf': 64, 'netDclass': <class 'code.total.models.nnModels.NetD32'>, 'nGANepochs': 1, 'netDexpNum': -1, 'nc': 3, 'nz': 100, 'ndf': 64, 'netGexpNum': -1, 'netDinstance': -1, 'lr': 0.0002, 'cuda': True, 'beta1': 0.5, 'nRegressorEpochs': 1, 'netDkey': 'netD', 'imSize': 32}
DCGANSize32Col3: outShape is (3, 32, 32)
DCGANSize32Col3: Loading /fs/vulcan-scratch/krusinga/projects/ganProbability/generated/e40/models/netG.pth
DCGANSize32Col3: Loading /fs/vulcan-scratch/krusinga/projects/ganProbability/generated/e40/models/netD.pth
DCGANSize32Col3: Probability sampling 0
DCGANSize32Col3: Probability sampling 1
DCGANSize32Col3: Probability sampling 2
DCGANSize32Col3: Probability sampling 3
DCGANSize32Col3: Probability sampling 4
DCGANSize32Col3: Probability sampling 5
DCGANSize32Col3: Probability sampling 6
DCGANSize32Col3: Probability sampling 7
DCGANSize32Col3: Probability sampling 8
DCGANSize32Col3: Probability sampling 9
SampleGAN: Saving /fs/vulcan-scratch/krusinga/projects/ganProbability/generated/e40/data/samples_0.mat
ZipSamples: Collapsing to process 0
ZipSamples: In Process 0 (this should not be seen by other processes)
ZipSamples: Loading mats
ZipSamples: Saving samples
RegressorSize32Col3: {'netPclass': <class 'code.total.models.nnModels.NetP32'>, 'beta1': 0.5, 'netGkey': 'netG', 'npf': 64, 'ngpu': 0, 'take': 4, 'checkpointEvery': 10, 'netDkey': 'netD', 'netPinstance': -1, 'nGANepochs': 1, 'nc': 3, 'samples': 10, 'lr': 0.0002, 'cuda': True, 'netPexpNum': -1, 'nRegressorEpochs': 1, 'imSize': 32, 'netPkey': ''}
RegressorSize32Col3: inShape is (3, 32, 32)
An exception occurred when running RegressorTrain
<type 'exceptions.AttributeError'>
'module' object has no attribute 'Dataloader'
Exiting early
=====
Starting experiment stage2
ID: 40, PID 0/1
09_26_2018_12:17:46
=====
DCGANSize32Col3: {'samples': 10, 'netGkey': 'netG', 'netGinstance': -1, 'ngpu': 0, 'take': 4, 'netGclass': <class 'code.total.models.nnModels.NetG32'>, 'checkpointEvery': 10, 'ngf': 64, 'netDclass': <class 'code.total.models.nnModels.NetD32'>, 'nGANepochs': 1, 'netDexpNum': -1, 'nc': 3, 'nz': 100, 'ndf': 64, 'netGexpNum': -1, 'netDinstance': -1, 'lr': 0.0002, 'cuda': True, 'beta1': 0.5, 'nRegressorEpochs': 1, 'netDkey': 'netD', 'imSize': 32}
DCGANSize32Col3: outShape is (3, 32, 32)
DCGANSize32Col3: Loading /fs/vulcan-scratch/krusinga/projects/ganProbability/generated/e40/models/netG.pth
DCGANSize32Col3: Loading /fs/vulcan-scratch/krusinga/projects/ganProbability/generated/e40/models/netD.pth
DCGANSize32Col3: Probability sampling 0
DCGANSize32Col3: Probability sampling 1
DCGANSize32Col3: Probability sampling 2
DCGANSize32Col3: Probability sampling 3
DCGANSize32Col3: Probability sampling 4
DCGANSize32Col3: Probability sampling 5
DCGANSize32Col3: Probability sampling 6
DCGANSize32Col3: Probability sampling 7
DCGANSize32Col3: Probability sampling 8
DCGANSize32Col3: Probability sampling 9
SampleGAN: Saving /fs/vulcan-scratch/krusinga/projects/ganProbability/generated/e40/data/samples_0.mat
ZipSamples: Collapsing to process 0
ZipSamples: In Process 0 (this should not be seen by other processes)
ZipSamples: Loading mats
ZipSamples: Saving samples
RegressorSize32Col3: {'netPclass': <class 'code.total.models.nnModels.NetP32'>, 'beta1': 0.5, 'netGkey': 'netG', 'npf': 64, 'ngpu': 0, 'take': 4, 'checkpointEvery': 10, 'netDkey': 'netD', 'netPinstance': -1, 'nGANepochs': 1, 'nc': 3, 'samples': 10, 'lr': 0.0002, 'cuda': True, 'netPexpNum': -1, 'nRegressorEpochs': 1, 'imSize': 32, 'netPkey': ''}
RegressorSize32Col3: inShape is (3, 32, 32)
An exception occurred when running RegressorTrain
<type 'exceptions.NameError'>
global name 'matpath' is not defined
Exiting early
=====
Starting experiment stage2
ID: 40, PID 0/1
09_26_2018_12:19:47
=====
DCGANSize32Col3: {'samples': 10, 'netGkey': 'netG', 'netGinstance': -1, 'ngpu': 0, 'take': 4, 'netGclass': <class 'code.total.models.nnModels.NetG32'>, 'checkpointEvery': 10, 'ngf': 64, 'netDclass': <class 'code.total.models.nnModels.NetD32'>, 'nGANepochs': 1, 'netDexpNum': -1, 'nc': 3, 'nz': 100, 'ndf': 64, 'netGexpNum': -1, 'netDinstance': -1, 'lr': 0.0002, 'cuda': True, 'beta1': 0.5, 'nRegressorEpochs': 1, 'netDkey': 'netD', 'imSize': 32}
DCGANSize32Col3: outShape is (3, 32, 32)
DCGANSize32Col3: Loading /fs/vulcan-scratch/krusinga/projects/ganProbability/generated/e40/models/netG.pth
DCGANSize32Col3: Loading /fs/vulcan-scratch/krusinga/projects/ganProbability/generated/e40/models/netD.pth
DCGANSize32Col3: Probability sampling 0
DCGANSize32Col3: Probability sampling 1
DCGANSize32Col3: Probability sampling 2
DCGANSize32Col3: Probability sampling 3
DCGANSize32Col3: Probability sampling 4
DCGANSize32Col3: Probability sampling 5
DCGANSize32Col3: Probability sampling 6
DCGANSize32Col3: Probability sampling 7
DCGANSize32Col3: Probability sampling 8
DCGANSize32Col3: Probability sampling 9
SampleGAN: Saving /fs/vulcan-scratch/krusinga/projects/ganProbability/generated/e40/data/samples_0.mat
ZipSamples: Collapsing to process 0
ZipSamples: In Process 0 (this should not be seen by other processes)
ZipSamples: Loading mats
ZipSamples: Saving samples
RegressorSize32Col3: {'netPclass': <class 'code.total.models.nnModels.NetP32'>, 'beta1': 0.5, 'netGkey': 'netG', 'npf': 64, 'ngpu': 0, 'take': 4, 'checkpointEvery': 10, 'netDkey': 'netD', 'netPinstance': -1, 'nGANepochs': 1, 'nc': 3, 'samples': 10, 'lr': 0.0002, 'cuda': True, 'netPexpNum': -1, 'nRegressorEpochs': 1, 'imSize': 32, 'netPkey': ''}
RegressorSize32Col3: inShape is (3, 32, 32)
An exception occurred when running RegressorTrain
<type 'exceptions.AttributeError'>
'ProbLoader' object has no attribute 'originalSize'
Exiting early
=====
Starting experiment stage2
ID: 40, PID 0/1
09_26_2018_12:20:57
=====
DCGANSize32Col3: {'samples': 10, 'netGkey': 'netG', 'netGinstance': -1, 'ngpu': 0, 'take': 4, 'netGclass': <class 'code.total.models.nnModels.NetG32'>, 'checkpointEvery': 10, 'ngf': 64, 'netDclass': <class 'code.total.models.nnModels.NetD32'>, 'nGANepochs': 1, 'netDexpNum': -1, 'nc': 3, 'nz': 100, 'ndf': 64, 'netGexpNum': -1, 'netDinstance': -1, 'lr': 0.0002, 'cuda': True, 'beta1': 0.5, 'nRegressorEpochs': 1, 'netDkey': 'netD', 'imSize': 32}
DCGANSize32Col3: outShape is (3, 32, 32)
DCGANSize32Col3: Loading /fs/vulcan-scratch/krusinga/projects/ganProbability/generated/e40/models/netG.pth
DCGANSize32Col3: Loading /fs/vulcan-scratch/krusinga/projects/ganProbability/generated/e40/models/netD.pth
DCGANSize32Col3: Probability sampling 0
DCGANSize32Col3: Probability sampling 1
DCGANSize32Col3: Probability sampling 2
DCGANSize32Col3: Probability sampling 3
DCGANSize32Col3: Probability sampling 4
DCGANSize32Col3: Probability sampling 5
DCGANSize32Col3: Probability sampling 6
DCGANSize32Col3: Probability sampling 7
DCGANSize32Col3: Probability sampling 8
DCGANSize32Col3: Probability sampling 9
SampleGAN: Saving /fs/vulcan-scratch/krusinga/projects/ganProbability/generated/e40/data/samples_0.mat
ZipSamples: Collapsing to process 0
ZipSamples: In Process 0 (this should not be seen by other processes)
ZipSamples: Loading mats
ZipSamples: Saving samples
RegressorSize32Col3: {'netPclass': <class 'code.total.models.nnModels.NetP32'>, 'beta1': 0.5, 'netGkey': 'netG', 'npf': 64, 'ngpu': 0, 'take': 4, 'checkpointEvery': 10, 'netDkey': 'netD', 'netPinstance': -1, 'nGANepochs': 1, 'nc': 3, 'samples': 10, 'lr': 0.0002, 'cuda': True, 'netPexpNum': -1, 'nRegressorEpochs': 1, 'imSize': 32, 'netPkey': ''}
RegressorSize32Col3: inShape is (3, 32, 32)
RegressorSize32Col3: ===Begin epoch 0
An exception occurred when running RegressorTrain
<type 'exceptions.NameError'>
global name 'scheduler' is not defined
Exiting early
=====
Starting experiment stage2
ID: 40, PID 0/1
09_26_2018_12:21:40
=====
DCGANSize32Col3: {'samples': 10, 'netGkey': 'netG', 'netGinstance': -1, 'ngpu': 0, 'take': 4, 'netGclass': <class 'code.total.models.nnModels.NetG32'>, 'checkpointEvery': 10, 'ngf': 64, 'netDclass': <class 'code.total.models.nnModels.NetD32'>, 'nGANepochs': 1, 'netDexpNum': -1, 'nc': 3, 'nz': 100, 'ndf': 64, 'netGexpNum': -1, 'netDinstance': -1, 'lr': 0.0002, 'cuda': True, 'beta1': 0.5, 'nRegressorEpochs': 1, 'netDkey': 'netD', 'imSize': 32}
DCGANSize32Col3: outShape is (3, 32, 32)
DCGANSize32Col3: Loading /fs/vulcan-scratch/krusinga/projects/ganProbability/generated/e40/models/netG.pth
DCGANSize32Col3: Loading /fs/vulcan-scratch/krusinga/projects/ganProbability/generated/e40/models/netD.pth
DCGANSize32Col3: Probability sampling 0
DCGANSize32Col3: Probability sampling 1
DCGANSize32Col3: Probability sampling 2
DCGANSize32Col3: Probability sampling 3
DCGANSize32Col3: Probability sampling 4
DCGANSize32Col3: Probability sampling 5
DCGANSize32Col3: Probability sampling 6
DCGANSize32Col3: Probability sampling 7
DCGANSize32Col3: Probability sampling 8
DCGANSize32Col3: Probability sampling 9
SampleGAN: Saving /fs/vulcan-scratch/krusinga/projects/ganProbability/generated/e40/data/samples_0.mat
ZipSamples: Collapsing to process 0
ZipSamples: In Process 0 (this should not be seen by other processes)
ZipSamples: Loading mats
ZipSamples: Saving samples
RegressorSize32Col3: {'netPclass': <class 'code.total.models.nnModels.NetP32'>, 'beta1': 0.5, 'netGkey': 'netG', 'npf': 64, 'ngpu': 0, 'take': 4, 'checkpointEvery': 10, 'netDkey': 'netD', 'netPinstance': -1, 'nGANepochs': 1, 'nc': 3, 'samples': 10, 'lr': 0.0002, 'cuda': True, 'netPexpNum': -1, 'nRegressorEpochs': 1, 'imSize': 32, 'netPkey': ''}
RegressorSize32Col3: inShape is (3, 32, 32)
RegressorSize32Col3: ===Begin epoch 0
An exception occurred when running RegressorTrain
<type 'exceptions.NameError'>
global name 'dataLoaderTrain' is not defined
Exiting early
=====
Starting experiment stage2
ID: 40, PID 0/1
09_26_2018_12:22:10
=====
DCGANSize32Col3: {'samples': 10, 'netGkey': 'netG', 'netGinstance': -1, 'ngpu': 0, 'take': 4, 'netGclass': <class 'code.total.models.nnModels.NetG32'>, 'checkpointEvery': 10, 'ngf': 64, 'netDclass': <class 'code.total.models.nnModels.NetD32'>, 'nGANepochs': 1, 'netDexpNum': -1, 'nc': 3, 'nz': 100, 'ndf': 64, 'netGexpNum': -1, 'netDinstance': -1, 'lr': 0.0002, 'cuda': True, 'beta1': 0.5, 'nRegressorEpochs': 1, 'netDkey': 'netD', 'imSize': 32}
DCGANSize32Col3: outShape is (3, 32, 32)
DCGANSize32Col3: Loading /fs/vulcan-scratch/krusinga/projects/ganProbability/generated/e40/models/netG.pth
DCGANSize32Col3: Loading /fs/vulcan-scratch/krusinga/projects/ganProbability/generated/e40/models/netD.pth
DCGANSize32Col3: Probability sampling 0
DCGANSize32Col3: Probability sampling 1
DCGANSize32Col3: Probability sampling 2
DCGANSize32Col3: Probability sampling 3
DCGANSize32Col3: Probability sampling 4
DCGANSize32Col3: Probability sampling 5
DCGANSize32Col3: Probability sampling 6
DCGANSize32Col3: Probability sampling 7
DCGANSize32Col3: Probability sampling 8
DCGANSize32Col3: Probability sampling 9
SampleGAN: Saving /fs/vulcan-scratch/krusinga/projects/ganProbability/generated/e40/data/samples_0.mat
ZipSamples: Collapsing to process 0
ZipSamples: In Process 0 (this should not be seen by other processes)
ZipSamples: Loading mats
ZipSamples: Saving samples
RegressorSize32Col3: {'netPclass': <class 'code.total.models.nnModels.NetP32'>, 'beta1': 0.5, 'netGkey': 'netG', 'npf': 64, 'ngpu': 0, 'take': 4, 'checkpointEvery': 10, 'netDkey': 'netD', 'netPinstance': -1, 'nGANepochs': 1, 'nc': 3, 'samples': 10, 'lr': 0.0002, 'cuda': True, 'netPexpNum': -1, 'nRegressorEpochs': 1, 'imSize': 32, 'netPkey': ''}
RegressorSize32Col3: inShape is (3, 32, 32)
RegressorSize32Col3: ===Begin epoch 0
An exception occurred when running RegressorTrain
<type 'exceptions.IndexError'>
Traceback (most recent call last):
  File "/fs/vulcan-scratch/krusinga/anaconda2/lib/python2.7/site-packages/torch/utils/data/dataloader.py", line 55, in _worker_loop
    samples = collate_fn([dataset[i] for i in batch_indices])
  File "/fs/vulcan-scratch/krusinga/projects/ganProbability/code/total/loaders/MatLoaders.py", line 244, in __getitem__
    return torch.from_numpy(self.Xtrain[item]), self.Ytrain[item]
IndexError: index 2 is out of bounds for axis 0 with size 1

Exiting early
=====
Starting experiment stage2
ID: 40, PID 0/1
09_26_2018_12:23:52
=====
DCGANSize32Col3: {'samples': 10, 'netGkey': 'netG', 'netGinstance': -1, 'ngpu': 0, 'take': 4, 'netGclass': <class 'code.total.models.nnModels.NetG32'>, 'checkpointEvery': 10, 'ngf': 64, 'netDclass': <class 'code.total.models.nnModels.NetD32'>, 'nGANepochs': 1, 'netDexpNum': -1, 'nc': 3, 'nz': 100, 'ndf': 64, 'netGexpNum': -1, 'netDinstance': -1, 'lr': 0.0002, 'cuda': True, 'beta1': 0.5, 'nRegressorEpochs': 1, 'netDkey': 'netD', 'imSize': 32}
DCGANSize32Col3: outShape is (3, 32, 32)
DCGANSize32Col3: Loading /fs/vulcan-scratch/krusinga/projects/ganProbability/generated/e40/models/netG.pth
DCGANSize32Col3: Loading /fs/vulcan-scratch/krusinga/projects/ganProbability/generated/e40/models/netD.pth
DCGANSize32Col3: Probability sampling 0
DCGANSize32Col3: Probability sampling 1
DCGANSize32Col3: Probability sampling 2
DCGANSize32Col3: Probability sampling 3
DCGANSize32Col3: Probability sampling 4
DCGANSize32Col3: Probability sampling 5
DCGANSize32Col3: Probability sampling 6
DCGANSize32Col3: Probability sampling 7
DCGANSize32Col3: Probability sampling 8
DCGANSize32Col3: Probability sampling 9
SampleGAN: Saving /fs/vulcan-scratch/krusinga/projects/ganProbability/generated/e40/data/samples_0.mat
ZipSamples: Collapsing to process 0
ZipSamples: In Process 0 (this should not be seen by other processes)
ZipSamples: Loading mats
ZipSamples: Saving samples
RegressorSize32Col3: {'netPclass': <class 'code.total.models.nnModels.NetP32'>, 'beta1': 0.5, 'netGkey': 'netG', 'npf': 64, 'ngpu': 0, 'take': 4, 'checkpointEvery': 10, 'netDkey': 'netD', 'netPinstance': -1, 'nGANepochs': 1, 'nc': 3, 'samples': 10, 'lr': 0.0002, 'cuda': True, 'netPexpNum': -1, 'nRegressorEpochs': 1, 'imSize': 32, 'netPkey': ''}
RegressorSize32Col3: inShape is (3, 32, 32)
RegressorSize32Col3: ===Begin epoch 0
An exception occurred when running RegressorTrain
<type 'exceptions.IndexError'>
Traceback (most recent call last):
  File "/fs/vulcan-scratch/krusinga/anaconda2/lib/python2.7/site-packages/torch/utils/data/dataloader.py", line 55, in _worker_loop
    samples = collate_fn([dataset[i] for i in batch_indices])
  File "code/total/loaders/MatLoaders.py", line 244, in __getitem__
    return torch.from_numpy(self.Xtrain[item]), self.Ytrain[item]
IndexError: index 1 is out of bounds for axis 0 with size 1

Exiting early
=====
Starting experiment stage2
ID: 40, PID 0/1
09_26_2018_12:26:07
=====
DCGANSize32Col3: {'samples': 10, 'netGkey': 'netG', 'netGinstance': -1, 'ngpu': 0, 'take': 4, 'netGclass': <class 'code.total.models.nnModels.NetG32'>, 'checkpointEvery': 10, 'ngf': 64, 'netDclass': <class 'code.total.models.nnModels.NetD32'>, 'nGANepochs': 1, 'netDexpNum': -1, 'nc': 3, 'nz': 100, 'ndf': 64, 'netGexpNum': -1, 'netDinstance': -1, 'lr': 0.0002, 'cuda': True, 'beta1': 0.5, 'nRegressorEpochs': 1, 'netDkey': 'netD', 'imSize': 32}
DCGANSize32Col3: outShape is (3, 32, 32)
DCGANSize32Col3: Loading /fs/vulcan-scratch/krusinga/projects/ganProbability/generated/e40/models/netG.pth
DCGANSize32Col3: Loading /fs/vulcan-scratch/krusinga/projects/ganProbability/generated/e40/models/netD.pth
DCGANSize32Col3: Probability sampling 0
DCGANSize32Col3: Probability sampling 1
DCGANSize32Col3: Probability sampling 2
DCGANSize32Col3: Probability sampling 3
DCGANSize32Col3: Probability sampling 4
DCGANSize32Col3: Probability sampling 5
DCGANSize32Col3: Probability sampling 6
DCGANSize32Col3: Probability sampling 7
DCGANSize32Col3: Probability sampling 8
DCGANSize32Col3: Probability sampling 9
SampleGAN: Saving /fs/vulcan-scratch/krusinga/projects/ganProbability/generated/e40/data/samples_0.mat
ZipSamples: Collapsing to process 0
ZipSamples: In Process 0 (this should not be seen by other processes)
ZipSamples: Loading mats
ZipSamples: Saving samples
RegressorSize32Col3: {'netPclass': <class 'code.total.models.nnModels.NetP32'>, 'beta1': 0.5, 'netGkey': 'netG', 'npf': 64, 'ngpu': 0, 'take': 4, 'checkpointEvery': 10, 'netDkey': 'netD', 'netPinstance': -1, 'nGANepochs': 1, 'nc': 3, 'samples': 10, 'lr': 0.0002, 'cuda': True, 'netPexpNum': -1, 'nRegressorEpochs': 1, 'imSize': 32, 'netPkey': ''}
RegressorSize32Col3: inShape is (3, 32, 32)
RegressorSize32Col3: ===Begin epoch 0
An exception occurred when running RegressorTrain
<type 'exceptions.IndexError'>
Traceback (most recent call last):
  File "/fs/vulcan-scratch/krusinga/anaconda2/lib/python2.7/site-packages/torch/utils/data/dataloader.py", line 55, in _worker_loop
    samples = collate_fn([dataset[i] for i in batch_indices])
  File "code/total/loaders/MatLoaders.py", line 244, in __getitem__
    return torch.from_numpy(self.Xtrain[item]), self.Ytrain[item]
IndexError: index 6 is out of bounds for axis 0 with size 1

Exiting early
=====
Starting experiment stage2
ID: 40, PID 0/1
09_26_2018_12:29:57
=====
DCGANSize32Col3: {'samples': 10, 'netGkey': 'netG', 'netGinstance': -1, 'ngpu': 0, 'take': 4, 'netGclass': <class 'code.total.models.nnModels.NetG32'>, 'checkpointEvery': 10, 'ngf': 64, 'netDclass': <class 'code.total.models.nnModels.NetD32'>, 'nGANepochs': 1, 'netDexpNum': -1, 'nc': 3, 'nz': 100, 'ndf': 64, 'netGexpNum': -1, 'netDinstance': -1, 'lr': 0.0002, 'cuda': True, 'beta1': 0.5, 'nRegressorEpochs': 1, 'netDkey': 'netD', 'imSize': 32}
DCGANSize32Col3: outShape is (3, 32, 32)
DCGANSize32Col3: Loading /fs/vulcan-scratch/krusinga/projects/ganProbability/generated/e40/models/netG.pth
DCGANSize32Col3: Loading /fs/vulcan-scratch/krusinga/projects/ganProbability/generated/e40/models/netD.pth
DCGANSize32Col3: Probability sampling 0
DCGANSize32Col3: Probability sampling 1
DCGANSize32Col3: Probability sampling 2
DCGANSize32Col3: Probability sampling 3
DCGANSize32Col3: Probability sampling 4
DCGANSize32Col3: Probability sampling 5
DCGANSize32Col3: Probability sampling 6
DCGANSize32Col3: Probability sampling 7
DCGANSize32Col3: Probability sampling 8
DCGANSize32Col3: Probability sampling 9
SampleGAN: Saving /fs/vulcan-scratch/krusinga/projects/ganProbability/generated/e40/data/samples_0.mat
ZipSamples: Collapsing to process 0
ZipSamples: In Process 0 (this should not be seen by other processes)
ZipSamples: Loading mats
ZipSamples: Saving samples
RegressorSize32Col3: {'netPclass': <class 'code.total.models.nnModels.NetP32'>, 'beta1': 0.5, 'netGkey': 'netG', 'npf': 64, 'ngpu': 0, 'take': 4, 'checkpointEvery': 10, 'netDkey': 'netD', 'netPinstance': -1, 'nGANepochs': 1, 'nc': 3, 'samples': 10, 'lr': 0.0002, 'cuda': True, 'netPexpNum': -1, 'nRegressorEpochs': 1, 'imSize': 32, 'netPkey': ''}
RegressorSize32Col3: inShape is (3, 32, 32)
An exception occurred when running RegressorTrain
<class 'bdb.BdbQuit'>

Exiting early
=====
Starting experiment stage2
ID: 40, PID 0/1
09_26_2018_12:31:10
=====
DCGANSize32Col3: {'samples': 10, 'netGkey': 'netG', 'netGinstance': -1, 'ngpu': 0, 'take': 4, 'netGclass': <class 'code.total.models.nnModels.NetG32'>, 'checkpointEvery': 10, 'ngf': 64, 'netDclass': <class 'code.total.models.nnModels.NetD32'>, 'nGANepochs': 1, 'netDexpNum': -1, 'nc': 3, 'nz': 100, 'ndf': 64, 'netGexpNum': -1, 'netDinstance': -1, 'lr': 0.0002, 'cuda': True, 'beta1': 0.5, 'nRegressorEpochs': 1, 'netDkey': 'netD', 'batchSize': 2, 'imSize': 32}
DCGANSize32Col3: outShape is (3, 32, 32)
DCGANSize32Col3: Loading /fs/vulcan-scratch/krusinga/projects/ganProbability/generated/e40/models/netG.pth
DCGANSize32Col3: Loading /fs/vulcan-scratch/krusinga/projects/ganProbability/generated/e40/models/netD.pth
DCGANSize32Col3: Probability sampling 0
DCGANSize32Col3: Probability sampling 1
DCGANSize32Col3: Probability sampling 2
DCGANSize32Col3: Probability sampling 3
DCGANSize32Col3: Probability sampling 4
DCGANSize32Col3: Probability sampling 5
DCGANSize32Col3: Probability sampling 6
DCGANSize32Col3: Probability sampling 7
DCGANSize32Col3: Probability sampling 8
DCGANSize32Col3: Probability sampling 9
SampleGAN: Saving /fs/vulcan-scratch/krusinga/projects/ganProbability/generated/e40/data/samples_0.mat
ZipSamples: Collapsing to process 0
ZipSamples: In Process 0 (this should not be seen by other processes)
ZipSamples: Loading mats
ZipSamples: Saving samples
RegressorSize32Col3: {'netPclass': <class 'code.total.models.nnModels.NetP32'>, 'beta1': 0.5, 'netGkey': 'netG', 'npf': 64, 'ngpu': 0, 'take': 4, 'checkpointEvery': 10, 'netDkey': 'netD', 'netPinstance': -1, 'nGANepochs': 1, 'batchSize': 2, 'nc': 3, 'samples': 10, 'lr': 0.0002, 'cuda': True, 'netPexpNum': -1, 'nRegressorEpochs': 1, 'imSize': 32, 'netPkey': ''}
RegressorSize32Col3: inShape is (3, 32, 32)
RegressorSize32Col3: ===Begin epoch 0
An exception occurred when running RegressorTrain
<type 'exceptions.IndexError'>
Traceback (most recent call last):
  File "/fs/vulcan-scratch/krusinga/anaconda2/lib/python2.7/site-packages/torch/utils/data/dataloader.py", line 55, in _worker_loop
    samples = collate_fn([dataset[i] for i in batch_indices])
  File "/fs/vulcan-scratch/krusinga/projects/ganProbability/code/total/loaders/MatLoaders.py", line 244, in __getitem__
    return torch.from_numpy(self.Xtrain[item]), self.Ytrain[item]
IndexError: index 2 is out of bounds for axis 0 with size 1

Exiting early
=====
Starting experiment stage2
ID: 40, PID 0/1
09_26_2018_12:33:42
=====
DCGANSize32Col3: {'samples': 10, 'netGkey': 'netG', 'netGinstance': -1, 'ngpu': 0, 'take': 4, 'netGclass': <class 'code.total.models.nnModels.NetG32'>, 'checkpointEvery': 10, 'ngf': 64, 'netDclass': <class 'code.total.models.nnModels.NetD32'>, 'nGANepochs': 1, 'netDexpNum': -1, 'nc': 3, 'nz': 100, 'ndf': 64, 'netGexpNum': -1, 'netDinstance': -1, 'lr': 0.0002, 'cuda': True, 'beta1': 0.5, 'nRegressorEpochs': 1, 'netDkey': 'netD', 'batchSize': 1, 'imSize': 32}
DCGANSize32Col3: outShape is (3, 32, 32)
DCGANSize32Col3: Loading /fs/vulcan-scratch/krusinga/projects/ganProbability/generated/e40/models/netG.pth
DCGANSize32Col3: Loading /fs/vulcan-scratch/krusinga/projects/ganProbability/generated/e40/models/netD.pth
DCGANSize32Col3: Probability sampling 0
DCGANSize32Col3: Probability sampling 1
DCGANSize32Col3: Probability sampling 2
DCGANSize32Col3: Probability sampling 3
DCGANSize32Col3: Probability sampling 4
DCGANSize32Col3: Probability sampling 5
DCGANSize32Col3: Probability sampling 6
DCGANSize32Col3: Probability sampling 7
DCGANSize32Col3: Probability sampling 8
DCGANSize32Col3: Probability sampling 9
SampleGAN: Saving /fs/vulcan-scratch/krusinga/projects/ganProbability/generated/e40/data/samples_0.mat
ZipSamples: Collapsing to process 0
ZipSamples: In Process 0 (this should not be seen by other processes)
ZipSamples: Loading mats
ZipSamples: Saving samples
RegressorSize32Col3: {'netPclass': <class 'code.total.models.nnModels.NetP32'>, 'beta1': 0.5, 'netGkey': 'netG', 'npf': 64, 'ngpu': 0, 'take': 4, 'checkpointEvery': 10, 'netDkey': 'netD', 'netPinstance': -1, 'nGANepochs': 1, 'batchSize': 1, 'nc': 3, 'samples': 10, 'lr': 0.0002, 'cuda': True, 'netPexpNum': -1, 'nRegressorEpochs': 1, 'imSize': 32, 'netPkey': ''}
RegressorSize32Col3: inShape is (3, 32, 32)
RegressorSize32Col3: ===Begin epoch 0
An exception occurred when running RegressorTrain
<type 'exceptions.IndexError'>
Traceback (most recent call last):
  File "/fs/vulcan-scratch/krusinga/anaconda2/lib/python2.7/site-packages/torch/utils/data/dataloader.py", line 55, in _worker_loop
    samples = collate_fn([dataset[i] for i in batch_indices])
  File "code/total/loaders/MatLoaders.py", line 245, in __getitem__
    return torch.from_numpy(self.Xtrain[item]), self.Ytrain[item]
IndexError: index 6 is out of bounds for axis 0 with size 1

Exiting early
=====
Starting experiment stage2
ID: 40, PID 0/1
09_26_2018_12:34:25
=====
DCGANSize32Col3: {'samples': 10, 'netGkey': 'netG', 'netGinstance': -1, 'ngpu': 0, 'take': 4, 'netGclass': <class 'code.total.models.nnModels.NetG32'>, 'checkpointEvery': 10, 'ngf': 64, 'netDclass': <class 'code.total.models.nnModels.NetD32'>, 'nGANepochs': 1, 'netDexpNum': -1, 'nc': 3, 'nz': 100, 'ndf': 64, 'netGexpNum': -1, 'netDinstance': -1, 'lr': 0.0002, 'cuda': True, 'beta1': 0.5, 'nRegressorEpochs': 1, 'netDkey': 'netD', 'batchSize': 1, 'imSize': 32}
DCGANSize32Col3: outShape is (3, 32, 32)
DCGANSize32Col3: Loading /fs/vulcan-scratch/krusinga/projects/ganProbability/generated/e40/models/netG.pth
DCGANSize32Col3: Loading /fs/vulcan-scratch/krusinga/projects/ganProbability/generated/e40/models/netD.pth
DCGANSize32Col3: Probability sampling 0
DCGANSize32Col3: Probability sampling 1
DCGANSize32Col3: Probability sampling 2
DCGANSize32Col3: Probability sampling 3
DCGANSize32Col3: Probability sampling 4
DCGANSize32Col3: Probability sampling 5
DCGANSize32Col3: Probability sampling 6
DCGANSize32Col3: Probability sampling 7
DCGANSize32Col3: Probability sampling 8
DCGANSize32Col3: Probability sampling 9
SampleGAN: Saving /fs/vulcan-scratch/krusinga/projects/ganProbability/generated/e40/data/samples_0.mat
ZipSamples: Collapsing to process 0
ZipSamples: In Process 0 (this should not be seen by other processes)
ZipSamples: Loading mats
ZipSamples: Saving samples
RegressorSize32Col3: {'netPclass': <class 'code.total.models.nnModels.NetP32'>, 'beta1': 0.5, 'netGkey': 'netG', 'npf': 64, 'ngpu': 0, 'take': 4, 'checkpointEvery': 10, 'netDkey': 'netD', 'netPinstance': -1, 'nGANepochs': 1, 'batchSize': 1, 'nc': 3, 'samples': 10, 'lr': 0.0002, 'cuda': True, 'netPexpNum': -1, 'nRegressorEpochs': 1, 'imSize': 32, 'netPkey': ''}
RegressorSize32Col3: inShape is (3, 32, 32)
RegressorSize32Col3: ===Begin epoch 0
An exception occurred when running RegressorTrain
<type 'exceptions.IndexError'>
Traceback (most recent call last):
  File "/fs/vulcan-scratch/krusinga/anaconda2/lib/python2.7/site-packages/torch/utils/data/dataloader.py", line 55, in _worker_loop
    samples = collate_fn([dataset[i] for i in batch_indices])
  File "code/total/loaders/MatLoaders.py", line 245, in __getitem__
    return torch.from_numpy(self.Xtrain[item]), self.Ytrain[item]
IndexError: index 7 is out of bounds for axis 0 with size 1

Exiting early
=====
Starting experiment stage2
ID: 40, PID 0/1
09_26_2018_12:35:25
=====
DCGANSize32Col3: {'samples': 10, 'netGkey': 'netG', 'netGinstance': -1, 'ngpu': 0, 'take': 4, 'netGclass': <class 'code.total.models.nnModels.NetG32'>, 'checkpointEvery': 10, 'ngf': 64, 'netDclass': <class 'code.total.models.nnModels.NetD32'>, 'nGANepochs': 1, 'netDexpNum': -1, 'nc': 3, 'nz': 100, 'ndf': 64, 'netGexpNum': -1, 'netDinstance': -1, 'lr': 0.0002, 'cuda': True, 'beta1': 0.5, 'nRegressorEpochs': 1, 'netDkey': 'netD', 'batchSize': 1, 'imSize': 32}
DCGANSize32Col3: outShape is (3, 32, 32)
DCGANSize32Col3: Loading /fs/vulcan-scratch/krusinga/projects/ganProbability/generated/e40/models/netG.pth
DCGANSize32Col3: Loading /fs/vulcan-scratch/krusinga/projects/ganProbability/generated/e40/models/netD.pth
DCGANSize32Col3: Probability sampling 0
DCGANSize32Col3: Probability sampling 1
DCGANSize32Col3: Probability sampling 2
DCGANSize32Col3: Probability sampling 3
DCGANSize32Col3: Probability sampling 4
DCGANSize32Col3: Probability sampling 5
DCGANSize32Col3: Probability sampling 6
DCGANSize32Col3: Probability sampling 7
DCGANSize32Col3: Probability sampling 8
DCGANSize32Col3: Probability sampling 9
SampleGAN: Saving /fs/vulcan-scratch/krusinga/projects/ganProbability/generated/e40/data/samples_0.mat
ZipSamples: Collapsing to process 0
ZipSamples: In Process 0 (this should not be seen by other processes)
ZipSamples: Loading mats
ZipSamples: Saving samples
RegressorSize32Col3: {'netPclass': <class 'code.total.models.nnModels.NetP32'>, 'beta1': 0.5, 'netGkey': 'netG', 'npf': 64, 'ngpu': 0, 'take': 4, 'checkpointEvery': 10, 'netDkey': 'netD', 'netPinstance': -1, 'nGANepochs': 1, 'batchSize': 1, 'nc': 3, 'samples': 10, 'lr': 0.0002, 'cuda': True, 'netPexpNum': -1, 'nRegressorEpochs': 1, 'imSize': 32, 'netPkey': ''}
RegressorSize32Col3: inShape is (3, 32, 32)
RegressorSize32Col3: ===Begin epoch 0
An exception occurred when running RegressorTrain
<type 'exceptions.IndexError'>
Traceback (most recent call last):
  File "/fs/vulcan-scratch/krusinga/anaconda2/lib/python2.7/site-packages/torch/utils/data/dataloader.py", line 55, in _worker_loop
    samples = collate_fn([dataset[i] for i in batch_indices])
  File "code/total/loaders/MatLoaders.py", line 245, in __getitem__
    return torch.from_numpy(self.Xtrain[item]), self.Ytrain[item]
IndexError: index 3 is out of bounds for axis 0 with size 1

Exiting early
=====
Starting experiment stage2
ID: 40, PID 0/1
09_26_2018_12:39:48
=====
DCGANSize32Col3: {'samples': 10, 'netGkey': 'netG', 'netGinstance': -1, 'ngpu': 0, 'take': 4, 'netGclass': <class 'code.total.models.nnModels.NetG32'>, 'checkpointEvery': 10, 'ngf': 64, 'netDclass': <class 'code.total.models.nnModels.NetD32'>, 'nGANepochs': 1, 'netDexpNum': -1, 'nc': 3, 'nz': 100, 'ndf': 64, 'netGexpNum': -1, 'netDinstance': -1, 'lr': 0.0002, 'cuda': True, 'beta1': 0.5, 'nRegressorEpochs': 1, 'netDkey': 'netD', 'batchSize': 1, 'imSize': 32}
DCGANSize32Col3: outShape is (3, 32, 32)
DCGANSize32Col3: Loading /fs/vulcan-scratch/krusinga/projects/ganProbability/generated/e40/models/netG.pth
DCGANSize32Col3: Loading /fs/vulcan-scratch/krusinga/projects/ganProbability/generated/e40/models/netD.pth
DCGANSize32Col3: Probability sampling 0
DCGANSize32Col3: Probability sampling 1
DCGANSize32Col3: Probability sampling 2
DCGANSize32Col3: Probability sampling 3
DCGANSize32Col3: Probability sampling 4
DCGANSize32Col3: Probability sampling 5
DCGANSize32Col3: Probability sampling 6
DCGANSize32Col3: Probability sampling 7
DCGANSize32Col3: Probability sampling 8
DCGANSize32Col3: Probability sampling 9
SampleGAN: Saving /fs/vulcan-scratch/krusinga/projects/ganProbability/generated/e40/data/samples_0.mat
ZipSamples: Collapsing to process 0
ZipSamples: In Process 0 (this should not be seen by other processes)
ZipSamples: Loading mats
ZipSamples: Saving samples
RegressorSize32Col3: {'netPclass': <class 'code.total.models.nnModels.NetP32'>, 'beta1': 0.5, 'netGkey': 'netG', 'npf': 64, 'ngpu': 0, 'take': 4, 'checkpointEvery': 10, 'netDkey': 'netD', 'netPinstance': -1, 'nGANepochs': 1, 'batchSize': 1, 'nc': 3, 'samples': 10, 'lr': 0.0002, 'cuda': True, 'netPexpNum': -1, 'nRegressorEpochs': 1, 'imSize': 32, 'netPkey': ''}
RegressorSize32Col3: inShape is (3, 32, 32)
RegressorSize32Col3: ===Begin epoch 0
An exception occurred when running RegressorTrain
<class 'bdb.BdbQuit'>
Traceback (most recent call last):
  File "/fs/vulcan-scratch/krusinga/anaconda2/lib/python2.7/site-packages/torch/utils/data/dataloader.py", line 55, in _worker_loop
    samples = collate_fn([dataset[i] for i in batch_indices])
  File "code/total/loaders/MatLoaders.py", line 244, in __getitem__
    if self.train:
  File "code/total/loaders/MatLoaders.py", line 244, in __getitem__
    if self.train:
  File "/fs/vulcan-scratch/krusinga/anaconda2/lib/python2.7/bdb.py", line 49, in trace_dispatch
    return self.dispatch_line(frame)
  File "/fs/vulcan-scratch/krusinga/anaconda2/lib/python2.7/bdb.py", line 68, in dispatch_line
    if self.quitting: raise BdbQuit
BdbQuit

Exiting early
=====
Starting experiment stage2
ID: 40, PID 0/1
09_26_2018_12:41:21
=====
DCGANSize32Col3: {'samples': 10, 'netGkey': 'netG', 'netGinstance': -1, 'ngpu': 0, 'take': 4, 'netGclass': <class 'code.total.models.nnModels.NetG32'>, 'checkpointEvery': 10, 'ngf': 64, 'netDclass': <class 'code.total.models.nnModels.NetD32'>, 'nGANepochs': 1, 'netDexpNum': -1, 'nc': 3, 'nz': 100, 'ndf': 64, 'netGexpNum': -1, 'netDinstance': -1, 'lr': 0.0002, 'cuda': True, 'beta1': 0.5, 'nRegressorEpochs': 1, 'netDkey': 'netD', 'batchSize': 1, 'imSize': 32}
DCGANSize32Col3: outShape is (3, 32, 32)
DCGANSize32Col3: Loading /fs/vulcan-scratch/krusinga/projects/ganProbability/generated/e40/models/netG.pth
DCGANSize32Col3: Loading /fs/vulcan-scratch/krusinga/projects/ganProbability/generated/e40/models/netD.pth
DCGANSize32Col3: Probability sampling 0
DCGANSize32Col3: Probability sampling 1
DCGANSize32Col3: Probability sampling 2
DCGANSize32Col3: Probability sampling 3
DCGANSize32Col3: Probability sampling 4
DCGANSize32Col3: Probability sampling 5
DCGANSize32Col3: Probability sampling 6
DCGANSize32Col3: Probability sampling 7
DCGANSize32Col3: Probability sampling 8
DCGANSize32Col3: Probability sampling 9
SampleGAN: Saving /fs/vulcan-scratch/krusinga/projects/ganProbability/generated/e40/data/samples_0.mat
ZipSamples: Collapsing to process 0
ZipSamples: In Process 0 (this should not be seen by other processes)
ZipSamples: Loading mats
ZipSamples: Saving samples
RegressorSize32Col3: {'netPclass': <class 'code.total.models.nnModels.NetP32'>, 'beta1': 0.5, 'netGkey': 'netG', 'npf': 64, 'ngpu': 0, 'take': 4, 'checkpointEvery': 10, 'netDkey': 'netD', 'netPinstance': -1, 'nGANepochs': 1, 'batchSize': 1, 'nc': 3, 'samples': 10, 'lr': 0.0002, 'cuda': True, 'netPexpNum': -1, 'nRegressorEpochs': 1, 'imSize': 32, 'netPkey': ''}
RegressorSize32Col3: inShape is (3, 32, 32)
RegressorSize32Col3: ===Begin epoch 0
An exception occurred when running RegressorTrain
<class 'bdb.BdbQuit'>
Traceback (most recent call last):
  File "/fs/vulcan-scratch/krusinga/anaconda2/lib/python2.7/site-packages/torch/utils/data/dataloader.py", line 55, in _worker_loop
    samples = collate_fn([dataset[i] for i in batch_indices])
  File "code/total/loaders/MatLoaders.py", line 244, in __getitem__
    if self.train:
  File "code/total/loaders/MatLoaders.py", line 244, in __getitem__
    if self.train:
  File "/fs/vulcan-scratch/krusinga/anaconda2/lib/python2.7/bdb.py", line 49, in trace_dispatch
    return self.dispatch_line(frame)
  File "/fs/vulcan-scratch/krusinga/anaconda2/lib/python2.7/bdb.py", line 68, in dispatch_line
    if self.quitting: raise BdbQuit
BdbQuit

Exiting early
=====
Starting experiment stage2
ID: 40, PID 0/1
09_26_2018_12:41:35
=====
DCGANSize32Col3: {'samples': 10, 'netGkey': 'netG', 'netGinstance': -1, 'ngpu': 0, 'take': 4, 'netGclass': <class 'code.total.models.nnModels.NetG32'>, 'checkpointEvery': 10, 'ngf': 64, 'netDclass': <class 'code.total.models.nnModels.NetD32'>, 'nGANepochs': 1, 'netDexpNum': -1, 'nc': 3, 'nz': 100, 'ndf': 64, 'netGexpNum': -1, 'netDinstance': -1, 'lr': 0.0002, 'cuda': True, 'beta1': 0.5, 'nRegressorEpochs': 1, 'netDkey': 'netD', 'batchSize': 1, 'imSize': 32}
DCGANSize32Col3: outShape is (3, 32, 32)
DCGANSize32Col3: Loading /fs/vulcan-scratch/krusinga/projects/ganProbability/generated/e40/models/netG.pth
DCGANSize32Col3: Loading /fs/vulcan-scratch/krusinga/projects/ganProbability/generated/e40/models/netD.pth
DCGANSize32Col3: Probability sampling 0
DCGANSize32Col3: Probability sampling 1
DCGANSize32Col3: Probability sampling 2
DCGANSize32Col3: Probability sampling 3
DCGANSize32Col3: Probability sampling 4
DCGANSize32Col3: Probability sampling 5
DCGANSize32Col3: Probability sampling 6
DCGANSize32Col3: Probability sampling 7
DCGANSize32Col3: Probability sampling 8
DCGANSize32Col3: Probability sampling 9
SampleGAN: Saving /fs/vulcan-scratch/krusinga/projects/ganProbability/generated/e40/data/samples_0.mat
ZipSamples: Collapsing to process 0
ZipSamples: In Process 0 (this should not be seen by other processes)
ZipSamples: Loading mats
ZipSamples: Saving samples
RegressorSize32Col3: {'netPclass': <class 'code.total.models.nnModels.NetP32'>, 'beta1': 0.5, 'netGkey': 'netG', 'npf': 64, 'ngpu': 0, 'take': 4, 'checkpointEvery': 10, 'netDkey': 'netD', 'netPinstance': -1, 'nGANepochs': 1, 'batchSize': 1, 'nc': 3, 'samples': 10, 'lr': 0.0002, 'cuda': True, 'netPexpNum': -1, 'nRegressorEpochs': 1, 'imSize': 32, 'netPkey': ''}
RegressorSize32Col3: inShape is (3, 32, 32)
RegressorSize32Col3: ===Begin epoch 0
An exception occurred when running RegressorTrain
<class 'bdb.BdbQuit'>
Traceback (most recent call last):
  File "/fs/vulcan-scratch/krusinga/anaconda2/lib/python2.7/site-packages/torch/utils/data/dataloader.py", line 55, in _worker_loop
    samples = collate_fn([dataset[i] for i in batch_indices])
  File "code/total/loaders/MatLoaders.py", line 244, in __getitem__
    if self.train:
  File "code/total/loaders/MatLoaders.py", line 244, in __getitem__
    if self.train:
  File "/fs/vulcan-scratch/krusinga/anaconda2/lib/python2.7/bdb.py", line 49, in trace_dispatch
    return self.dispatch_line(frame)
  File "/fs/vulcan-scratch/krusinga/anaconda2/lib/python2.7/bdb.py", line 68, in dispatch_line
    if self.quitting: raise BdbQuit
BdbQuit

Exiting early
=====
Starting experiment stage2
ID: 40, PID 0/1
09_26_2018_12:44:08
=====
DCGANSize32Col3: {'samples': 10, 'netGkey': 'netG', 'netGinstance': -1, 'ngpu': 0, 'take': 4, 'netGclass': <class 'code.total.models.nnModels.NetG32'>, 'checkpointEvery': 10, 'ngf': 64, 'netDclass': <class 'code.total.models.nnModels.NetD32'>, 'nGANepochs': 1, 'netDexpNum': -1, 'nc': 3, 'nz': 100, 'ndf': 64, 'netGexpNum': -1, 'netDinstance': -1, 'lr': 0.0002, 'cuda': True, 'beta1': 0.5, 'nRegressorEpochs': 1, 'netDkey': 'netD', 'batchSize': 1, 'imSize': 32}
DCGANSize32Col3: outShape is (3, 32, 32)
DCGANSize32Col3: Loading /fs/vulcan-scratch/krusinga/projects/ganProbability/generated/e40/models/netG.pth
DCGANSize32Col3: Loading /fs/vulcan-scratch/krusinga/projects/ganProbability/generated/e40/models/netD.pth
DCGANSize32Col3: Probability sampling 0
DCGANSize32Col3: Probability sampling 1
DCGANSize32Col3: Probability sampling 2
DCGANSize32Col3: Probability sampling 3
DCGANSize32Col3: Probability sampling 4
DCGANSize32Col3: Probability sampling 5
DCGANSize32Col3: Probability sampling 6
DCGANSize32Col3: Probability sampling 7
DCGANSize32Col3: Probability sampling 8
DCGANSize32Col3: Probability sampling 9
SampleGAN: Saving /fs/vulcan-scratch/krusinga/projects/ganProbability/generated/e40/data/samples_0.mat
ZipSamples: Collapsing to process 0
ZipSamples: In Process 0 (this should not be seen by other processes)
ZipSamples: Loading mats
ZipSamples: Saving samples
RegressorSize32Col3: {'netPclass': <class 'code.total.models.nnModels.NetP32'>, 'beta1': 0.5, 'netGkey': 'netG', 'npf': 64, 'ngpu': 0, 'take': 4, 'checkpointEvery': 10, 'netDkey': 'netD', 'netPinstance': -1, 'nGANepochs': 1, 'batchSize': 1, 'nc': 3, 'samples': 10, 'lr': 0.0002, 'cuda': True, 'netPexpNum': -1, 'nRegressorEpochs': 1, 'imSize': 32, 'netPkey': ''}
RegressorSize32Col3: inShape is (3, 32, 32)
RegressorSize32Col3: ===Begin epoch 0
An exception occurred when running RegressorTrain
<class 'bdb.BdbQuit'>
Traceback (most recent call last):
  File "/fs/vulcan-scratch/krusinga/anaconda2/lib/python2.7/site-packages/torch/utils/data/dataloader.py", line 55, in _worker_loop
    samples = collate_fn([dataset[i] for i in batch_indices])
  File "code/total/loaders/MatLoaders.py", line 244, in __getitem__
    if self.train:
  File "code/total/loaders/MatLoaders.py", line 244, in __getitem__
    if self.train:
  File "/fs/vulcan-scratch/krusinga/anaconda2/lib/python2.7/bdb.py", line 49, in trace_dispatch
    return self.dispatch_line(frame)
  File "/fs/vulcan-scratch/krusinga/anaconda2/lib/python2.7/bdb.py", line 68, in dispatch_line
    if self.quitting: raise BdbQuit
BdbQuit

Exiting early
=====
Starting experiment stage2
ID: 40, PID 0/1
09_26_2018_12:47:06
=====
DCGANSize32Col3: {'samples': 10, 'netGkey': 'netG', 'netGinstance': -1, 'ngpu': 0, 'take': 4, 'netGclass': <class 'code.total.models.nnModels.NetG32'>, 'checkpointEvery': 10, 'ngf': 64, 'netDclass': <class 'code.total.models.nnModels.NetD32'>, 'nGANepochs': 1, 'netDexpNum': -1, 'nc': 3, 'nz': 100, 'ndf': 64, 'netGexpNum': -1, 'netDinstance': -1, 'lr': 0.0002, 'cuda': True, 'beta1': 0.5, 'nRegressorEpochs': 1, 'netDkey': 'netD', 'batchSize': 1, 'imSize': 32}
DCGANSize32Col3: outShape is (3, 32, 32)
DCGANSize32Col3: Loading /fs/vulcan-scratch/krusinga/projects/ganProbability/generated/e40/models/netG.pth
DCGANSize32Col3: Loading /fs/vulcan-scratch/krusinga/projects/ganProbability/generated/e40/models/netD.pth
DCGANSize32Col3: Probability sampling 0
DCGANSize32Col3: Probability sampling 1
DCGANSize32Col3: Probability sampling 2
DCGANSize32Col3: Probability sampling 3
DCGANSize32Col3: Probability sampling 4
DCGANSize32Col3: Probability sampling 5
DCGANSize32Col3: Probability sampling 6
DCGANSize32Col3: Probability sampling 7
DCGANSize32Col3: Probability sampling 8
DCGANSize32Col3: Probability sampling 9
SampleGAN: Saving /fs/vulcan-scratch/krusinga/projects/ganProbability/generated/e40/data/samples_0.mat
ZipSamples: Collapsing to process 0
ZipSamples: In Process 0 (this should not be seen by other processes)
ZipSamples: Loading mats
ZipSamples: Saving samples
RegressorSize32Col3: {'netPclass': <class 'code.total.models.nnModels.NetP32'>, 'beta1': 0.5, 'netGkey': 'netG', 'npf': 64, 'ngpu': 0, 'take': 4, 'checkpointEvery': 10, 'netDkey': 'netD', 'netPinstance': -1, 'nGANepochs': 1, 'batchSize': 1, 'nc': 3, 'samples': 10, 'lr': 0.0002, 'cuda': True, 'netPexpNum': -1, 'nRegressorEpochs': 1, 'imSize': 32, 'netPkey': ''}
RegressorSize32Col3: inShape is (3, 32, 32)
An exception occurred when running RegressorTrain
<class 'bdb.BdbQuit'>

Exiting early
=====
Starting experiment stage2
ID: 40, PID 0/1
09_26_2018_12:48:47
=====
DCGANSize32Col3: {'samples': 10, 'netGkey': 'netG', 'netGinstance': -1, 'ngpu': 0, 'take': 4, 'netGclass': <class 'code.total.models.nnModels.NetG32'>, 'checkpointEvery': 10, 'ngf': 64, 'netDclass': <class 'code.total.models.nnModels.NetD32'>, 'nGANepochs': 1, 'netDexpNum': -1, 'nc': 3, 'nz': 100, 'ndf': 64, 'netGexpNum': -1, 'netDinstance': -1, 'lr': 0.0002, 'cuda': True, 'beta1': 0.5, 'nRegressorEpochs': 1, 'netDkey': 'netD', 'batchSize': 1, 'imSize': 32}
DCGANSize32Col3: outShape is (3, 32, 32)
DCGANSize32Col3: Loading /fs/vulcan-scratch/krusinga/projects/ganProbability/generated/e40/models/netG.pth
DCGANSize32Col3: Loading /fs/vulcan-scratch/krusinga/projects/ganProbability/generated/e40/models/netD.pth
DCGANSize32Col3: Probability sampling 0
DCGANSize32Col3: Probability sampling 1
DCGANSize32Col3: Probability sampling 2
DCGANSize32Col3: Probability sampling 3
DCGANSize32Col3: Probability sampling 4
DCGANSize32Col3: Probability sampling 5
DCGANSize32Col3: Probability sampling 6
DCGANSize32Col3: Probability sampling 7
DCGANSize32Col3: Probability sampling 8
DCGANSize32Col3: Probability sampling 9
SampleGAN: Saving /fs/vulcan-scratch/krusinga/projects/ganProbability/generated/e40/data/samples_0.mat
ZipSamples: Collapsing to process 0
ZipSamples: In Process 0 (this should not be seen by other processes)
ZipSamples: Loading mats
ZipSamples: Saving samples
RegressorSize32Col3: {'netPclass': <class 'code.total.models.nnModels.NetP32'>, 'beta1': 0.5, 'netGkey': 'netG', 'npf': 64, 'ngpu': 0, 'take': 4, 'checkpointEvery': 10, 'netDkey': 'netD', 'netPinstance': -1, 'nGANepochs': 1, 'batchSize': 1, 'nc': 3, 'samples': 10, 'lr': 0.0002, 'cuda': True, 'netPexpNum': -1, 'nRegressorEpochs': 1, 'imSize': 32, 'netPkey': ''}
RegressorSize32Col3: inShape is (3, 32, 32)
RegressorSize32Col3: ===Begin epoch 0
RegressorSize32Col3: Iteration 0
An exception occurred when running RegressorTrain
<type 'exceptions.TypeError'>
sub received an invalid combination of arguments - got (Variable), but expected one of:
 * (float value)
      didn't match because some of the arguments have invalid types: ([31;1mVariable[0m)
 * (torch.cuda.FloatTensor other)
      didn't match because some of the arguments have invalid types: ([31;1mVariable[0m)
 * (float value, torch.cuda.FloatTensor other)

Exiting early
=====
Starting experiment stage2
ID: 40, PID 0/1
09_26_2018_12:51:22
=====
DCGANSize32Col3: {'samples': 10, 'netGkey': 'netG', 'netGinstance': -1, 'ngpu': 0, 'take': 4, 'netGclass': <class 'code.total.models.nnModels.NetG32'>, 'checkpointEvery': 10, 'ngf': 64, 'netDclass': <class 'code.total.models.nnModels.NetD32'>, 'nGANepochs': 1, 'netDexpNum': -1, 'nc': 3, 'nz': 100, 'ndf': 64, 'netGexpNum': -1, 'netDinstance': -1, 'lr': 0.0002, 'cuda': True, 'beta1': 0.5, 'nRegressorEpochs': 1, 'netDkey': 'netD', 'batchSize': 1, 'imSize': 32}
DCGANSize32Col3: outShape is (3, 32, 32)
DCGANSize32Col3: Loading /fs/vulcan-scratch/krusinga/projects/ganProbability/generated/e40/models/netG.pth
DCGANSize32Col3: Loading /fs/vulcan-scratch/krusinga/projects/ganProbability/generated/e40/models/netD.pth
DCGANSize32Col3: Probability sampling 0
DCGANSize32Col3: Probability sampling 1
DCGANSize32Col3: Probability sampling 2
DCGANSize32Col3: Probability sampling 3
DCGANSize32Col3: Probability sampling 4
DCGANSize32Col3: Probability sampling 5
DCGANSize32Col3: Probability sampling 6
DCGANSize32Col3: Probability sampling 7
DCGANSize32Col3: Probability sampling 8
DCGANSize32Col3: Probability sampling 9
SampleGAN: Saving /fs/vulcan-scratch/krusinga/projects/ganProbability/generated/e40/data/samples_0.mat
ZipSamples: Collapsing to process 0
ZipSamples: In Process 0 (this should not be seen by other processes)
ZipSamples: Loading mats
ZipSamples: Saving samples
RegressorSize32Col3: {'netPclass': <class 'code.total.models.nnModels.NetP32'>, 'beta1': 0.5, 'netGkey': 'netG', 'npf': 64, 'ngpu': 0, 'take': 4, 'checkpointEvery': 10, 'netDkey': 'netD', 'netPinstance': -1, 'nGANepochs': 1, 'batchSize': 1, 'nc': 3, 'samples': 10, 'lr': 0.0002, 'cuda': True, 'netPexpNum': -1, 'nRegressorEpochs': 1, 'imSize': 32, 'netPkey': ''}
RegressorSize32Col3: inShape is (3, 32, 32)
RegressorSize32Col3: ===Begin epoch 0
RegressorSize32Col3: Iteration 0
An exception occurred when running RegressorTrain
<class 'bdb.BdbQuit'>

Exiting early
=====
Starting experiment stage2
ID: 40, PID 0/1
09_26_2018_12:53:53
=====
DCGANSize32Col3: {'samples': 10, 'netGkey': 'netG', 'netGinstance': -1, 'ngpu': 0, 'take': 4, 'netGclass': <class 'code.total.models.nnModels.NetG32'>, 'checkpointEvery': 10, 'ngf': 64, 'netDclass': <class 'code.total.models.nnModels.NetD32'>, 'nGANepochs': 1, 'netDexpNum': -1, 'nc': 3, 'nz': 100, 'ndf': 64, 'netGexpNum': -1, 'netDinstance': -1, 'lr': 0.0002, 'cuda': True, 'beta1': 0.5, 'nRegressorEpochs': 1, 'netDkey': 'netD', 'batchSize': 1, 'imSize': 32}
DCGANSize32Col3: outShape is (3, 32, 32)
DCGANSize32Col3: Loading /fs/vulcan-scratch/krusinga/projects/ganProbability/generated/e40/models/netG.pth
DCGANSize32Col3: Loading /fs/vulcan-scratch/krusinga/projects/ganProbability/generated/e40/models/netD.pth
DCGANSize32Col3: Probability sampling 0
DCGANSize32Col3: Probability sampling 1
DCGANSize32Col3: Probability sampling 2
DCGANSize32Col3: Probability sampling 3
DCGANSize32Col3: Probability sampling 4
DCGANSize32Col3: Probability sampling 5
DCGANSize32Col3: Probability sampling 6
DCGANSize32Col3: Probability sampling 7
DCGANSize32Col3: Probability sampling 8
DCGANSize32Col3: Probability sampling 9
SampleGAN: Saving /fs/vulcan-scratch/krusinga/projects/ganProbability/generated/e40/data/samples_0.mat
ZipSamples: Collapsing to process 0
ZipSamples: In Process 0 (this should not be seen by other processes)
ZipSamples: Loading mats
ZipSamples: Saving samples
RegressorSize32Col3: {'netPclass': <class 'code.total.models.nnModels.NetP32'>, 'beta1': 0.5, 'netGkey': 'netG', 'npf': 64, 'ngpu': 0, 'take': 4, 'checkpointEvery': 10, 'netDkey': 'netD', 'netPinstance': -1, 'nGANepochs': 1, 'batchSize': 1, 'nc': 3, 'samples': 10, 'lr': 0.0002, 'cuda': True, 'netPexpNum': -1, 'nRegressorEpochs': 1, 'imSize': 32, 'netPkey': ''}
RegressorSize32Col3: inShape is (3, 32, 32)
RegressorSize32Col3: ===Begin epoch 0
RegressorSize32Col3: Iteration 0
RegressorSize32Col3: Iteration 1
RegressorSize32Col3: Iteration 2
RegressorSize32Col3: Iteration 3
RegressorSize32Col3: Iteration 4
RegressorSize32Col3: Iteration 5
RegressorSize32Col3: Iteration 6
RegressorSize32Col3: Iteration 7
An exception occurred when running RegressorTrain
<type 'exceptions.NameError'>
global name 'epoch' is not defined
Exiting early
=====
Starting experiment stage2
ID: 40, PID 0/1
09_26_2018_12:55:46
=====
DCGANSize32Col3: {'samples': 10, 'netGkey': 'netG', 'netGinstance': -1, 'ngpu': 0, 'take': 4, 'netGclass': <class 'code.total.models.nnModels.NetG32'>, 'checkpointEvery': 10, 'ngf': 64, 'netDclass': <class 'code.total.models.nnModels.NetD32'>, 'nGANepochs': 1, 'netDexpNum': -1, 'nc': 3, 'nz': 100, 'ndf': 64, 'netGexpNum': -1, 'netDinstance': -1, 'lr': 0.0002, 'cuda': True, 'beta1': 0.5, 'nRegressorEpochs': 1, 'netDkey': 'netD', 'batchSize': 1, 'imSize': 32}
DCGANSize32Col3: outShape is (3, 32, 32)
DCGANSize32Col3: Loading /fs/vulcan-scratch/krusinga/projects/ganProbability/generated/e40/models/netG.pth
DCGANSize32Col3: Loading /fs/vulcan-scratch/krusinga/projects/ganProbability/generated/e40/models/netD.pth
DCGANSize32Col3: Probability sampling 0
DCGANSize32Col3: Probability sampling 1
DCGANSize32Col3: Probability sampling 2
DCGANSize32Col3: Probability sampling 3
DCGANSize32Col3: Probability sampling 4
DCGANSize32Col3: Probability sampling 5
DCGANSize32Col3: Probability sampling 6
DCGANSize32Col3: Probability sampling 7
DCGANSize32Col3: Probability sampling 8
DCGANSize32Col3: Probability sampling 9
SampleGAN: Saving /fs/vulcan-scratch/krusinga/projects/ganProbability/generated/e40/data/samples_0.mat
ZipSamples: Collapsing to process 0
ZipSamples: In Process 0 (this should not be seen by other processes)
ZipSamples: Loading mats
ZipSamples: Saving samples
RegressorSize32Col3: {'netPclass': <class 'code.total.models.nnModels.NetP32'>, 'beta1': 0.5, 'netGkey': 'netG', 'npf': 64, 'ngpu': 0, 'take': 4, 'checkpointEvery': 10, 'netDkey': 'netD', 'netPinstance': -1, 'nGANepochs': 1, 'batchSize': 1, 'nc': 3, 'samples': 10, 'lr': 0.0002, 'cuda': True, 'netPexpNum': -1, 'nRegressorEpochs': 1, 'imSize': 32, 'netPkey': ''}
RegressorSize32Col3: inShape is (3, 32, 32)
RegressorSize32Col3: ===Begin epoch 0
RegressorSize32Col3: Iteration 0
RegressorSize32Col3: Iteration 1
RegressorSize32Col3: Iteration 2
RegressorSize32Col3: Iteration 3
RegressorSize32Col3: Iteration 4
RegressorSize32Col3: Iteration 5
RegressorSize32Col3: Iteration 6
RegressorSize32Col3: Iteration 7
RegressorSize32Col3: Epoch 0, loss=85.8144836426, abserror=86.3144836426
An exception occurred when running RegressorTrain
<type 'exceptions.NameError'>
global name 'use_cuda' is not defined
Exiting early
=====
Starting experiment stage2
ID: 40, PID 0/1
09_26_2018_12:56:05
=====
DCGANSize32Col3: {'samples': 10, 'netGkey': 'netG', 'netGinstance': -1, 'ngpu': 0, 'take': 4, 'netGclass': <class 'code.total.models.nnModels.NetG32'>, 'checkpointEvery': 10, 'ngf': 64, 'netDclass': <class 'code.total.models.nnModels.NetD32'>, 'nGANepochs': 1, 'netDexpNum': -1, 'nc': 3, 'nz': 100, 'ndf': 64, 'netGexpNum': -1, 'netDinstance': -1, 'lr': 0.0002, 'cuda': True, 'beta1': 0.5, 'nRegressorEpochs': 1, 'netDkey': 'netD', 'batchSize': 1, 'imSize': 32}
DCGANSize32Col3: outShape is (3, 32, 32)
DCGANSize32Col3: Loading /fs/vulcan-scratch/krusinga/projects/ganProbability/generated/e40/models/netG.pth
DCGANSize32Col3: Loading /fs/vulcan-scratch/krusinga/projects/ganProbability/generated/e40/models/netD.pth
DCGANSize32Col3: Probability sampling 0
DCGANSize32Col3: Probability sampling 1
DCGANSize32Col3: Probability sampling 2
DCGANSize32Col3: Probability sampling 3
DCGANSize32Col3: Probability sampling 4
DCGANSize32Col3: Probability sampling 5
DCGANSize32Col3: Probability sampling 6
DCGANSize32Col3: Probability sampling 7
DCGANSize32Col3: Probability sampling 8
DCGANSize32Col3: Probability sampling 9
SampleGAN: Saving /fs/vulcan-scratch/krusinga/projects/ganProbability/generated/e40/data/samples_0.mat
ZipSamples: Collapsing to process 0
ZipSamples: In Process 0 (this should not be seen by other processes)
ZipSamples: Loading mats
ZipSamples: Saving samples
RegressorSize32Col3: {'netPclass': <class 'code.total.models.nnModels.NetP32'>, 'beta1': 0.5, 'netGkey': 'netG', 'npf': 64, 'ngpu': 0, 'take': 4, 'checkpointEvery': 10, 'netDkey': 'netD', 'netPinstance': -1, 'nGANepochs': 1, 'batchSize': 1, 'nc': 3, 'samples': 10, 'lr': 0.0002, 'cuda': True, 'netPexpNum': -1, 'nRegressorEpochs': 1, 'imSize': 32, 'netPkey': ''}
RegressorSize32Col3: inShape is (3, 32, 32)
RegressorSize32Col3: ===Begin epoch 0
RegressorSize32Col3: Iteration 0
RegressorSize32Col3: Iteration 1
RegressorSize32Col3: Iteration 2
RegressorSize32Col3: Iteration 3
RegressorSize32Col3: Iteration 4
RegressorSize32Col3: Iteration 5
RegressorSize32Col3: Iteration 6
RegressorSize32Col3: Iteration 7
RegressorSize32Col3: Epoch 0, loss=74.3249845505, abserror=74.8249845505
An exception occurred when running RegressorTrain
<type 'exceptions.NameError'>
global name 'criterion' is not defined
Exiting early
=====
Starting experiment stage2
ID: 40, PID 0/1
09_26_2018_12:56:22
=====
DCGANSize32Col3: {'samples': 10, 'netGkey': 'netG', 'netGinstance': -1, 'ngpu': 0, 'take': 4, 'netGclass': <class 'code.total.models.nnModels.NetG32'>, 'checkpointEvery': 10, 'ngf': 64, 'netDclass': <class 'code.total.models.nnModels.NetD32'>, 'nGANepochs': 1, 'netDexpNum': -1, 'nc': 3, 'nz': 100, 'ndf': 64, 'netGexpNum': -1, 'netDinstance': -1, 'lr': 0.0002, 'cuda': True, 'beta1': 0.5, 'nRegressorEpochs': 1, 'netDkey': 'netD', 'batchSize': 1, 'imSize': 32}
DCGANSize32Col3: outShape is (3, 32, 32)
DCGANSize32Col3: Loading /fs/vulcan-scratch/krusinga/projects/ganProbability/generated/e40/models/netG.pth
DCGANSize32Col3: Loading /fs/vulcan-scratch/krusinga/projects/ganProbability/generated/e40/models/netD.pth
DCGANSize32Col3: Probability sampling 0
DCGANSize32Col3: Probability sampling 1
DCGANSize32Col3: Probability sampling 2
DCGANSize32Col3: Probability sampling 3
DCGANSize32Col3: Probability sampling 4
DCGANSize32Col3: Probability sampling 5
DCGANSize32Col3: Probability sampling 6
DCGANSize32Col3: Probability sampling 7
DCGANSize32Col3: Probability sampling 8
DCGANSize32Col3: Probability sampling 9
SampleGAN: Saving /fs/vulcan-scratch/krusinga/projects/ganProbability/generated/e40/data/samples_0.mat
ZipSamples: Collapsing to process 0
ZipSamples: In Process 0 (this should not be seen by other processes)
ZipSamples: Loading mats
ZipSamples: Saving samples
RegressorSize32Col3: {'netPclass': <class 'code.total.models.nnModels.NetP32'>, 'beta1': 0.5, 'netGkey': 'netG', 'npf': 64, 'ngpu': 0, 'take': 4, 'checkpointEvery': 10, 'netDkey': 'netD', 'netPinstance': -1, 'nGANepochs': 1, 'batchSize': 1, 'nc': 3, 'samples': 10, 'lr': 0.0002, 'cuda': True, 'netPexpNum': -1, 'nRegressorEpochs': 1, 'imSize': 32, 'netPkey': ''}
RegressorSize32Col3: inShape is (3, 32, 32)
RegressorSize32Col3: ===Begin epoch 0
RegressorSize32Col3: Iteration 0
RegressorSize32Col3: Iteration 1
RegressorSize32Col3: Iteration 2
RegressorSize32Col3: Iteration 3
RegressorSize32Col3: Iteration 4
RegressorSize32Col3: Iteration 5
RegressorSize32Col3: Iteration 6
RegressorSize32Col3: Iteration 7
RegressorSize32Col3: Epoch 0, loss=64.4099359512, abserror=64.9099359512
An exception occurred when running RegressorTrain
<type 'exceptions.TypeError'>
sub received an invalid combination of arguments - got (Variable), but expected one of:
 * (float value)
      didn't match because some of the arguments have invalid types: ([31;1mVariable[0m)
 * (torch.cuda.FloatTensor other)
      didn't match because some of the arguments have invalid types: ([31;1mVariable[0m)
 * (float value, torch.cuda.FloatTensor other)

Exiting early
=====
Starting experiment stage2
ID: 40, PID 0/1
09_26_2018_12:56:36
=====
DCGANSize32Col3: {'samples': 10, 'netGkey': 'netG', 'netGinstance': -1, 'ngpu': 0, 'take': 4, 'netGclass': <class 'code.total.models.nnModels.NetG32'>, 'checkpointEvery': 10, 'ngf': 64, 'netDclass': <class 'code.total.models.nnModels.NetD32'>, 'nGANepochs': 1, 'netDexpNum': -1, 'nc': 3, 'nz': 100, 'ndf': 64, 'netGexpNum': -1, 'netDinstance': -1, 'lr': 0.0002, 'cuda': True, 'beta1': 0.5, 'nRegressorEpochs': 1, 'netDkey': 'netD', 'batchSize': 1, 'imSize': 32}
DCGANSize32Col3: outShape is (3, 32, 32)
DCGANSize32Col3: Loading /fs/vulcan-scratch/krusinga/projects/ganProbability/generated/e40/models/netG.pth
DCGANSize32Col3: Loading /fs/vulcan-scratch/krusinga/projects/ganProbability/generated/e40/models/netD.pth
DCGANSize32Col3: Probability sampling 0
DCGANSize32Col3: Probability sampling 1
DCGANSize32Col3: Probability sampling 2
DCGANSize32Col3: Probability sampling 3
DCGANSize32Col3: Probability sampling 4
DCGANSize32Col3: Probability sampling 5
DCGANSize32Col3: Probability sampling 6
DCGANSize32Col3: Probability sampling 7
DCGANSize32Col3: Probability sampling 8
DCGANSize32Col3: Probability sampling 9
SampleGAN: Saving /fs/vulcan-scratch/krusinga/projects/ganProbability/generated/e40/data/samples_0.mat
ZipSamples: Collapsing to process 0
ZipSamples: In Process 0 (this should not be seen by other processes)
ZipSamples: Loading mats
ZipSamples: Saving samples
RegressorSize32Col3: {'netPclass': <class 'code.total.models.nnModels.NetP32'>, 'beta1': 0.5, 'netGkey': 'netG', 'npf': 64, 'ngpu': 0, 'take': 4, 'checkpointEvery': 10, 'netDkey': 'netD', 'netPinstance': -1, 'nGANepochs': 1, 'batchSize': 1, 'nc': 3, 'samples': 10, 'lr': 0.0002, 'cuda': True, 'netPexpNum': -1, 'nRegressorEpochs': 1, 'imSize': 32, 'netPkey': ''}
RegressorSize32Col3: inShape is (3, 32, 32)
RegressorSize32Col3: ===Begin epoch 0
RegressorSize32Col3: Iteration 0
RegressorSize32Col3: Iteration 1
RegressorSize32Col3: Iteration 2
RegressorSize32Col3: Iteration 3
RegressorSize32Col3: Iteration 4
RegressorSize32Col3: Iteration 5
RegressorSize32Col3: Iteration 6
RegressorSize32Col3: Iteration 7
RegressorSize32Col3: Epoch 0, loss=56.8363976479, abserror=57.3363976479
An exception occurred when running RegressorTrain
<type 'exceptions.TypeError'>
sub received an invalid combination of arguments - got (Variable), but expected one of:
 * (float value)
      didn't match because some of the arguments have invalid types: ([31;1mVariable[0m)
 * (torch.cuda.FloatTensor other)
      didn't match because some of the arguments have invalid types: ([31;1mVariable[0m)
 * (float value, torch.cuda.FloatTensor other)

Exiting early
=====
Starting experiment stage2
ID: 40, PID 0/1
09_26_2018_13:02:54
=====
DCGANSize32Col3: {'samples': 10, 'netGkey': 'netG', 'netGinstance': -1, 'ngpu': 0, 'take': 4, 'netGclass': <class 'code.total.models.nnModels.NetG32'>, 'checkpointEvery': 10, 'ngf': 64, 'netDclass': <class 'code.total.models.nnModels.NetD32'>, 'nGANepochs': 1, 'netDexpNum': -1, 'nc': 3, 'nz': 100, 'ndf': 64, 'netGexpNum': -1, 'netDinstance': -1, 'lr': 0.0002, 'cuda': True, 'beta1': 0.5, 'nRegressorEpochs': 1, 'netDkey': 'netD', 'batchSize': 1, 'imSize': 32}
DCGANSize32Col3: outShape is (3, 32, 32)
DCGANSize32Col3: Loading /fs/vulcan-scratch/krusinga/projects/ganProbability/generated/e40/models/netG.pth
DCGANSize32Col3: Loading /fs/vulcan-scratch/krusinga/projects/ganProbability/generated/e40/models/netD.pth
DCGANSize32Col3: Probability sampling 0
DCGANSize32Col3: Probability sampling 1
DCGANSize32Col3: Probability sampling 2
DCGANSize32Col3: Probability sampling 3
DCGANSize32Col3: Probability sampling 4
DCGANSize32Col3: Probability sampling 5
DCGANSize32Col3: Probability sampling 6
DCGANSize32Col3: Probability sampling 7
DCGANSize32Col3: Probability sampling 8
DCGANSize32Col3: Probability sampling 9
SampleGAN: Saving /fs/vulcan-scratch/krusinga/projects/ganProbability/generated/e40/data/samples_0.mat
ZipSamples: Collapsing to process 0
ZipSamples: In Process 0 (this should not be seen by other processes)
ZipSamples: Loading mats
ZipSamples: Saving samples
RegressorSize32Col3: {'netPclass': <class 'code.total.models.nnModels.NetP32'>, 'beta1': 0.5, 'netGkey': 'netG', 'npf': 64, 'ngpu': 0, 'take': 4, 'checkpointEvery': 10, 'netDkey': 'netD', 'netPinstance': -1, 'nGANepochs': 1, 'batchSize': 1, 'nc': 3, 'samples': 10, 'lr': 0.0002, 'cuda': True, 'netPexpNum': -1, 'nRegressorEpochs': 1, 'imSize': 32, 'netPkey': ''}
RegressorSize32Col3: inShape is (3, 32, 32)
RegressorSize32Col3: ===Begin epoch 0
RegressorSize32Col3: Iteration 0
RegressorSize32Col3: Iteration 1
RegressorSize32Col3: Iteration 2
RegressorSize32Col3: Iteration 3
RegressorSize32Col3: Iteration 4
RegressorSize32Col3: Iteration 5
RegressorSize32Col3: Iteration 6
RegressorSize32Col3: Iteration 7
RegressorSize32Col3: Epoch 0, loss=100.210035324, abserror=100.710035324
RegressorSize32Col3: Testing epoch 0, loss = 114, abserror=114
An exception occurred when running RegressorTrain
<type 'exceptions.AttributeError'>
'RegressorSize32Col3' object has no attribute 'testCurve'
Exiting early
=====
Starting experiment stage2
ID: 40, PID 0/1
09_26_2018_13:04:20
=====
DCGANSize32Col3: {'samples': 10, 'netGkey': 'netG', 'netGinstance': -1, 'ngpu': 0, 'take': 4, 'netGclass': <class 'code.total.models.nnModels.NetG32'>, 'checkpointEvery': 10, 'ngf': 64, 'netDclass': <class 'code.total.models.nnModels.NetD32'>, 'nGANepochs': 1, 'netDexpNum': -1, 'nc': 3, 'nz': 100, 'ndf': 64, 'netGexpNum': -1, 'netDinstance': -1, 'lr': 0.0002, 'cuda': True, 'beta1': 0.5, 'nRegressorEpochs': 1, 'netDkey': 'netD', 'batchSize': 1, 'imSize': 32}
DCGANSize32Col3: outShape is (3, 32, 32)
DCGANSize32Col3: Loading /fs/vulcan-scratch/krusinga/projects/ganProbability/generated/e40/models/netG.pth
DCGANSize32Col3: Loading /fs/vulcan-scratch/krusinga/projects/ganProbability/generated/e40/models/netD.pth
DCGANSize32Col3: Probability sampling 0
DCGANSize32Col3: Probability sampling 1
DCGANSize32Col3: Probability sampling 2
DCGANSize32Col3: Probability sampling 3
DCGANSize32Col3: Probability sampling 4
DCGANSize32Col3: Probability sampling 5
DCGANSize32Col3: Probability sampling 6
DCGANSize32Col3: Probability sampling 7
DCGANSize32Col3: Probability sampling 8
DCGANSize32Col3: Probability sampling 9
SampleGAN: Saving /fs/vulcan-scratch/krusinga/projects/ganProbability/generated/e40/data/samples_0.mat
ZipSamples: Collapsing to process 0
ZipSamples: In Process 0 (this should not be seen by other processes)
ZipSamples: Loading mats
ZipSamples: Saving samples
RegressorSize32Col3: {'netPclass': <class 'code.total.models.nnModels.NetP32'>, 'beta1': 0.5, 'netGkey': 'netG', 'npf': 64, 'ngpu': 0, 'take': 4, 'checkpointEvery': 10, 'netDkey': 'netD', 'netPinstance': -1, 'nGANepochs': 1, 'batchSize': 1, 'nc': 3, 'samples': 10, 'lr': 0.0002, 'cuda': True, 'netPexpNum': -1, 'nRegressorEpochs': 1, 'imSize': 32, 'netPkey': ''}
RegressorSize32Col3: inShape is (3, 32, 32)
RegressorSize32Col3: ===Begin epoch 0
RegressorSize32Col3: Iteration 0
RegressorSize32Col3: Iteration 1
RegressorSize32Col3: Iteration 2
RegressorSize32Col3: Iteration 3
RegressorSize32Col3: Iteration 4
RegressorSize32Col3: Iteration 5
RegressorSize32Col3: Iteration 6
RegressorSize32Col3: Iteration 7
RegressorSize32Col3: Epoch 0, loss=79.0612611771, abserror=79.5612611771
RegressorSize32Col3: Testing epoch 0, loss = 92, abserror=93
An exception occurred when running RegressorTrain
<type 'exceptions.AttributeError'>
'RegressorSize32Col3' object has no attribute 'testCurve'
Exiting early
=====
Starting experiment stage2
ID: 40, PID 0/1
09_26_2018_13:04:34
=====
DCGANSize32Col3: {'samples': 10, 'netGkey': 'netG', 'netGinstance': -1, 'ngpu': 0, 'take': 4, 'netGclass': <class 'code.total.models.nnModels.NetG32'>, 'checkpointEvery': 10, 'ngf': 64, 'netDclass': <class 'code.total.models.nnModels.NetD32'>, 'nGANepochs': 1, 'netDexpNum': -1, 'nc': 3, 'nz': 100, 'ndf': 64, 'netGexpNum': -1, 'netDinstance': -1, 'lr': 0.0002, 'cuda': True, 'beta1': 0.5, 'nRegressorEpochs': 1, 'netDkey': 'netD', 'batchSize': 1, 'imSize': 32}
DCGANSize32Col3: outShape is (3, 32, 32)
DCGANSize32Col3: Loading /fs/vulcan-scratch/krusinga/projects/ganProbability/generated/e40/models/netG.pth
DCGANSize32Col3: Loading /fs/vulcan-scratch/krusinga/projects/ganProbability/generated/e40/models/netD.pth
DCGANSize32Col3: Probability sampling 0
DCGANSize32Col3: Probability sampling 1
DCGANSize32Col3: Probability sampling 2
DCGANSize32Col3: Probability sampling 3
DCGANSize32Col3: Probability sampling 4
DCGANSize32Col3: Probability sampling 5
DCGANSize32Col3: Probability sampling 6
DCGANSize32Col3: Probability sampling 7
DCGANSize32Col3: Probability sampling 8
DCGANSize32Col3: Probability sampling 9
SampleGAN: Saving /fs/vulcan-scratch/krusinga/projects/ganProbability/generated/e40/data/samples_0.mat
ZipSamples: Collapsing to process 0
ZipSamples: In Process 0 (this should not be seen by other processes)
ZipSamples: Loading mats
ZipSamples: Saving samples
RegressorSize32Col3: {'netPclass': <class 'code.total.models.nnModels.NetP32'>, 'beta1': 0.5, 'netGkey': 'netG', 'npf': 64, 'ngpu': 0, 'take': 4, 'checkpointEvery': 10, 'netDkey': 'netD', 'netPinstance': -1, 'nGANepochs': 1, 'batchSize': 1, 'nc': 3, 'samples': 10, 'lr': 0.0002, 'cuda': True, 'netPexpNum': -1, 'nRegressorEpochs': 1, 'imSize': 32, 'netPkey': ''}
RegressorSize32Col3: inShape is (3, 32, 32)
RegressorSize32Col3: ===Begin epoch 0
RegressorSize32Col3: Iteration 0
RegressorSize32Col3: Iteration 1
RegressorSize32Col3: Iteration 2
RegressorSize32Col3: Iteration 3
RegressorSize32Col3: Iteration 4
RegressorSize32Col3: Iteration 5
RegressorSize32Col3: Iteration 6
RegressorSize32Col3: Iteration 7
RegressorSize32Col3: Epoch 0, loss=66.9785342216, abserror=67.4785342216
RegressorSize32Col3: Testing epoch 0, loss = 81, abserror=81
An exception occurred when running RegressorTrain
<type 'exceptions.AttributeError'>
'RegressorSize32Col3' object has no attribute 'testCurve'
Exiting early
=====
Starting experiment stage2
ID: 40, PID 0/1
09_26_2018_13:05:16
=====
DCGANSize32Col3: {'samples': 10, 'netGkey': 'netG', 'netGinstance': -1, 'ngpu': 0, 'take': 4, 'netGclass': <class 'code.total.models.nnModels.NetG32'>, 'checkpointEvery': 10, 'ngf': 64, 'netDclass': <class 'code.total.models.nnModels.NetD32'>, 'nGANepochs': 1, 'netDexpNum': -1, 'nc': 3, 'nz': 100, 'ndf': 64, 'netGexpNum': -1, 'netDinstance': -1, 'lr': 0.0002, 'cuda': True, 'beta1': 0.5, 'nRegressorEpochs': 1, 'netDkey': 'netD', 'batchSize': 1, 'imSize': 32}
DCGANSize32Col3: outShape is (3, 32, 32)
DCGANSize32Col3: Loading /fs/vulcan-scratch/krusinga/projects/ganProbability/generated/e40/models/netG.pth
DCGANSize32Col3: Loading /fs/vulcan-scratch/krusinga/projects/ganProbability/generated/e40/models/netD.pth
DCGANSize32Col3: Probability sampling 0
DCGANSize32Col3: Probability sampling 1
DCGANSize32Col3: Probability sampling 2
DCGANSize32Col3: Probability sampling 3
DCGANSize32Col3: Probability sampling 4
DCGANSize32Col3: Probability sampling 5
DCGANSize32Col3: Probability sampling 6
DCGANSize32Col3: Probability sampling 7
DCGANSize32Col3: Probability sampling 8
DCGANSize32Col3: Probability sampling 9
SampleGAN: Saving /fs/vulcan-scratch/krusinga/projects/ganProbability/generated/e40/data/samples_0.mat
ZipSamples: Collapsing to process 0
ZipSamples: In Process 0 (this should not be seen by other processes)
ZipSamples: Loading mats
ZipSamples: Saving samples
RegressorSize32Col3: {'netPclass': <class 'code.total.models.nnModels.NetP32'>, 'beta1': 0.5, 'netGkey': 'netG', 'npf': 64, 'ngpu': 0, 'take': 4, 'checkpointEvery': 10, 'netDkey': 'netD', 'netPinstance': -1, 'nGANepochs': 1, 'batchSize': 1, 'nc': 3, 'samples': 10, 'lr': 0.0002, 'cuda': True, 'netPexpNum': -1, 'nRegressorEpochs': 1, 'imSize': 32, 'netPkey': ''}
RegressorSize32Col3: inShape is (3, 32, 32)
RegressorSize32Col3: ===Begin epoch 0
RegressorSize32Col3: Iteration 0
RegressorSize32Col3: Iteration 1
RegressorSize32Col3: Iteration 2
RegressorSize32Col3: Iteration 3
RegressorSize32Col3: Iteration 4
RegressorSize32Col3: Iteration 5
RegressorSize32Col3: Iteration 6
RegressorSize32Col3: Iteration 7
RegressorSize32Col3: Epoch 0, loss=75.2072458267, abserror=75.7072458267
RegressorSize32Col3: Testing epoch 0, loss = 90, abserror=91
An exception occurred when running RegressorTrain
<type 'exceptions.TypeError'>
save() takes at least 3 arguments (1 given)
Exiting early
=====
Starting experiment stage2
ID: 40, PID 0/1
09_26_2018_13:06:37
=====
DCGANSize32Col3: {'samples': 10, 'netGkey': 'netG', 'netGinstance': -1, 'ngpu': 0, 'take': 4, 'netGclass': <class 'code.total.models.nnModels.NetG32'>, 'checkpointEvery': 10, 'ngf': 64, 'netDclass': <class 'code.total.models.nnModels.NetD32'>, 'nGANepochs': 1, 'netDexpNum': -1, 'nc': 3, 'nz': 100, 'ndf': 64, 'netGexpNum': -1, 'netDinstance': -1, 'lr': 0.0002, 'cuda': True, 'beta1': 0.5, 'nRegressorEpochs': 1, 'netDkey': 'netD', 'batchSize': 1, 'imSize': 32}
DCGANSize32Col3: outShape is (3, 32, 32)
DCGANSize32Col3: Loading /fs/vulcan-scratch/krusinga/projects/ganProbability/generated/e40/models/netG.pth
DCGANSize32Col3: Loading /fs/vulcan-scratch/krusinga/projects/ganProbability/generated/e40/models/netD.pth
DCGANSize32Col3: Probability sampling 0
DCGANSize32Col3: Probability sampling 1
DCGANSize32Col3: Probability sampling 2
DCGANSize32Col3: Probability sampling 3
DCGANSize32Col3: Probability sampling 4
DCGANSize32Col3: Probability sampling 5
DCGANSize32Col3: Probability sampling 6
DCGANSize32Col3: Probability sampling 7
DCGANSize32Col3: Probability sampling 8
DCGANSize32Col3: Probability sampling 9
SampleGAN: Saving /fs/vulcan-scratch/krusinga/projects/ganProbability/generated/e40/data/samples_0.mat
ZipSamples: Collapsing to process 0
ZipSamples: In Process 0 (this should not be seen by other processes)
ZipSamples: Loading mats
ZipSamples: Saving samples
RegressorSize32Col3: {'netPclass': <class 'code.total.models.nnModels.NetP32'>, 'beta1': 0.5, 'netGkey': 'netG', 'npf': 64, 'ngpu': 0, 'take': 4, 'checkpointEvery': 10, 'netDkey': 'netD', 'netPinstance': -1, 'nGANepochs': 1, 'batchSize': 1, 'nc': 3, 'samples': 10, 'lr': 0.0002, 'cuda': True, 'netPexpNum': -1, 'nRegressorEpochs': 1, 'imSize': 32, 'netPkey': ''}
RegressorSize32Col3: inShape is (3, 32, 32)
RegressorSize32Col3: ===Begin epoch 0
RegressorSize32Col3: Iteration 0
RegressorSize32Col3: Iteration 1
RegressorSize32Col3: Iteration 2
RegressorSize32Col3: Iteration 3
RegressorSize32Col3: Iteration 4
RegressorSize32Col3: Iteration 5
RegressorSize32Col3: Iteration 6
RegressorSize32Col3: Iteration 7
RegressorSize32Col3: Epoch 0, loss=94.7456092834, abserror=95.2456092834
RegressorSize32Col3: Testing epoch 0, loss = 109, abserror=109
RegressorSize32Col3: Saving /fs/vulcan-scratch/krusinga/projects/ganProbability/generated/e40/models/netP.pth
An exception occurred when running RegressorTest
<type 'exceptions.TypeError'>
super(type, obj): obj must be an instance or subtype of type
Exiting early
=====
Starting experiment stage2
ID: 40, PID 0/1
09_26_2018_13:07:11
=====
DCGANSize32Col3: {'samples': 10, 'netGkey': 'netG', 'netGinstance': -1, 'ngpu': 0, 'take': 4, 'netGclass': <class 'code.total.models.nnModels.NetG32'>, 'checkpointEvery': 10, 'ngf': 64, 'netDclass': <class 'code.total.models.nnModels.NetD32'>, 'nGANepochs': 1, 'netDexpNum': -1, 'nc': 3, 'nz': 100, 'ndf': 64, 'netGexpNum': -1, 'netDinstance': -1, 'lr': 0.0002, 'cuda': True, 'beta1': 0.5, 'nRegressorEpochs': 1, 'netDkey': 'netD', 'batchSize': 1, 'imSize': 32}
DCGANSize32Col3: outShape is (3, 32, 32)
DCGANSize32Col3: Loading /fs/vulcan-scratch/krusinga/projects/ganProbability/generated/e40/models/netG.pth
DCGANSize32Col3: Loading /fs/vulcan-scratch/krusinga/projects/ganProbability/generated/e40/models/netD.pth
DCGANSize32Col3: Probability sampling 0
DCGANSize32Col3: Probability sampling 1
DCGANSize32Col3: Probability sampling 2
DCGANSize32Col3: Probability sampling 3
DCGANSize32Col3: Probability sampling 4
DCGANSize32Col3: Probability sampling 5
DCGANSize32Col3: Probability sampling 6
DCGANSize32Col3: Probability sampling 7
DCGANSize32Col3: Probability sampling 8
DCGANSize32Col3: Probability sampling 9
SampleGAN: Saving /fs/vulcan-scratch/krusinga/projects/ganProbability/generated/e40/data/samples_0.mat
ZipSamples: Collapsing to process 0
ZipSamples: In Process 0 (this should not be seen by other processes)
ZipSamples: Loading mats
ZipSamples: Saving samples
RegressorSize32Col3: {'netPclass': <class 'code.total.models.nnModels.NetP32'>, 'beta1': 0.5, 'netGkey': 'netG', 'npf': 64, 'ngpu': 0, 'take': 4, 'checkpointEvery': 10, 'netDkey': 'netD', 'netPinstance': -1, 'nGANepochs': 1, 'batchSize': 1, 'nc': 3, 'samples': 10, 'lr': 0.0002, 'cuda': True, 'netPexpNum': -1, 'nRegressorEpochs': 1, 'imSize': 32, 'netPkey': ''}
RegressorSize32Col3: inShape is (3, 32, 32)
RegressorSize32Col3: ===Begin epoch 0
RegressorSize32Col3: Iteration 0
RegressorSize32Col3: Iteration 1
RegressorSize32Col3: Iteration 2
RegressorSize32Col3: Iteration 3
RegressorSize32Col3: Iteration 4
RegressorSize32Col3: Iteration 5
RegressorSize32Col3: Iteration 6
RegressorSize32Col3: Iteration 7
RegressorSize32Col3: Epoch 0, loss=43.32999897, abserror=43.82999897
RegressorSize32Col3: Testing epoch 0, loss = 57, abserror=58
RegressorSize32Col3: Saving /fs/vulcan-scratch/krusinga/projects/ganProbability/generated/e40/models/netP.pth
An exception occurred when running RegressorTest
<type 'exceptions.TypeError'>
'NoneType' object has no attribute '__getitem__'
Exiting early
=====
Starting experiment stage2
ID: 40, PID 0/1
09_26_2018_13:08:18
=====
DCGANSize32Col3: {'samples': 10, 'netGkey': 'netG', 'netGinstance': -1, 'ngpu': 0, 'take': 4, 'netGclass': <class 'code.total.models.nnModels.NetG32'>, 'checkpointEvery': 10, 'ngf': 64, 'netDclass': <class 'code.total.models.nnModels.NetD32'>, 'nGANepochs': 1, 'netDexpNum': -1, 'nc': 3, 'nz': 100, 'ndf': 64, 'netGexpNum': -1, 'netDinstance': -1, 'lr': 0.0002, 'cuda': True, 'beta1': 0.5, 'nRegressorEpochs': 1, 'netDkey': 'netD', 'batchSize': 1, 'imSize': 32}
DCGANSize32Col3: outShape is (3, 32, 32)
DCGANSize32Col3: Loading /fs/vulcan-scratch/krusinga/projects/ganProbability/generated/e40/models/netG.pth
DCGANSize32Col3: Loading /fs/vulcan-scratch/krusinga/projects/ganProbability/generated/e40/models/netD.pth
DCGANSize32Col3: Probability sampling 0
DCGANSize32Col3: Probability sampling 1
DCGANSize32Col3: Probability sampling 2
DCGANSize32Col3: Probability sampling 3
DCGANSize32Col3: Probability sampling 4
DCGANSize32Col3: Probability sampling 5
DCGANSize32Col3: Probability sampling 6
DCGANSize32Col3: Probability sampling 7
DCGANSize32Col3: Probability sampling 8
DCGANSize32Col3: Probability sampling 9
SampleGAN: Saving /fs/vulcan-scratch/krusinga/projects/ganProbability/generated/e40/data/samples_0.mat
ZipSamples: Collapsing to process 0
ZipSamples: In Process 0 (this should not be seen by other processes)
ZipSamples: Loading mats
ZipSamples: Saving samples
RegressorSize32Col3: {'netPclass': <class 'code.total.models.nnModels.NetP32'>, 'beta1': 0.5, 'netGkey': 'netG', 'npf': 64, 'ngpu': 0, 'take': 4, 'checkpointEvery': 10, 'netDkey': 'netD', 'netPinstance': -1, 'nGANepochs': 1, 'batchSize': 1, 'nc': 3, 'samples': 10, 'lr': 0.0002, 'cuda': True, 'netPexpNum': -1, 'nRegressorEpochs': 1, 'imSize': 32, 'netPkey': ''}
RegressorSize32Col3: inShape is (3, 32, 32)
RegressorSize32Col3: ===Begin epoch 0
RegressorSize32Col3: Iteration 0
RegressorSize32Col3: Iteration 1
RegressorSize32Col3: Iteration 2
RegressorSize32Col3: Iteration 3
RegressorSize32Col3: Iteration 4
RegressorSize32Col3: Iteration 5
RegressorSize32Col3: Iteration 6
RegressorSize32Col3: Iteration 7
RegressorSize32Col3: Epoch 0, loss=35.281242609, abserror=35.781242609
RegressorSize32Col3: Testing epoch 0, loss = 49, abserror=50
RegressorSize32Col3: Saving /fs/vulcan-scratch/krusinga/projects/ganProbability/generated/e40/models/netP.pth
An exception occurred when running RegressorTest
<type 'exceptions.TypeError'>
'NoneType' object has no attribute '__getitem__'
Exiting early
=====
Starting experiment stage2
ID: 40, PID 0/1
09_26_2018_13:08:34
=====
DCGANSize32Col3: {'samples': 10, 'netGkey': 'netG', 'netGinstance': -1, 'ngpu': 0, 'take': 4, 'netGclass': <class 'code.total.models.nnModels.NetG32'>, 'checkpointEvery': 10, 'ngf': 64, 'netDclass': <class 'code.total.models.nnModels.NetD32'>, 'nGANepochs': 1, 'netDexpNum': -1, 'nc': 3, 'nz': 100, 'ndf': 64, 'netGexpNum': -1, 'netDinstance': -1, 'lr': 0.0002, 'cuda': True, 'beta1': 0.5, 'nRegressorEpochs': 1, 'netDkey': 'netD', 'batchSize': 1, 'imSize': 32}
DCGANSize32Col3: outShape is (3, 32, 32)
DCGANSize32Col3: Loading /fs/vulcan-scratch/krusinga/projects/ganProbability/generated/e40/models/netG.pth
DCGANSize32Col3: Loading /fs/vulcan-scratch/krusinga/projects/ganProbability/generated/e40/models/netD.pth
DCGANSize32Col3: Probability sampling 0
DCGANSize32Col3: Probability sampling 1
DCGANSize32Col3: Probability sampling 2
DCGANSize32Col3: Probability sampling 3
DCGANSize32Col3: Probability sampling 4
DCGANSize32Col3: Probability sampling 5
DCGANSize32Col3: Probability sampling 6
DCGANSize32Col3: Probability sampling 7
DCGANSize32Col3: Probability sampling 8
DCGANSize32Col3: Probability sampling 9
SampleGAN: Saving /fs/vulcan-scratch/krusinga/projects/ganProbability/generated/e40/data/samples_0.mat
ZipSamples: Collapsing to process 0
ZipSamples: In Process 0 (this should not be seen by other processes)
ZipSamples: Loading mats
ZipSamples: Saving samples
RegressorSize32Col3: {'netPclass': <class 'code.total.models.nnModels.NetP32'>, 'beta1': 0.5, 'netGkey': 'netG', 'npf': 64, 'ngpu': 0, 'take': 4, 'checkpointEvery': 10, 'netDkey': 'netD', 'netPinstance': -1, 'nGANepochs': 1, 'batchSize': 1, 'nc': 3, 'samples': 10, 'lr': 0.0002, 'cuda': True, 'netPexpNum': -1, 'nRegressorEpochs': 1, 'imSize': 32, 'netPkey': ''}
RegressorSize32Col3: inShape is (3, 32, 32)
RegressorSize32Col3: ===Begin epoch 0
RegressorSize32Col3: Iteration 0
RegressorSize32Col3: Iteration 1
RegressorSize32Col3: Iteration 2
RegressorSize32Col3: Iteration 3
RegressorSize32Col3: Iteration 4
RegressorSize32Col3: Iteration 5
RegressorSize32Col3: Iteration 6
RegressorSize32Col3: Iteration 7
RegressorSize32Col3: Epoch 0, loss=76.9567165375, abserror=77.4567165375
RegressorSize32Col3: Testing epoch 0, loss = 92, abserror=92
RegressorSize32Col3: Saving /fs/vulcan-scratch/krusinga/projects/ganProbability/generated/e40/models/netP.pth
An exception occurred when running RegressorTest
<class 'bdb.BdbQuit'>

Exiting early
=====
Starting experiment stage2
ID: 40, PID 0/1
09_26_2018_13:13:08
=====
DCGANSize32Col3: {'samples': 10, 'netGkey': 'netG', 'netGinstance': -1, 'ngpu': 0, 'take': 4, 'netGclass': <class 'code.total.models.nnModels.NetG32'>, 'checkpointEvery': 10, 'ngf': 64, 'netDclass': <class 'code.total.models.nnModels.NetD32'>, 'nGANepochs': 1, 'netDexpNum': -1, 'nc': 3, 'nz': 100, 'ndf': 64, 'netGexpNum': -1, 'netDinstance': -1, 'lr': 0.0002, 'cuda': True, 'beta1': 0.5, 'nRegressorEpochs': 1, 'netDkey': 'netD', 'batchSize': 1, 'imSize': 32}
DCGANSize32Col3: outShape is (3, 32, 32)
DCGANSize32Col3: Loading /fs/vulcan-scratch/krusinga/projects/ganProbability/generated/e40/models/netG.pth
DCGANSize32Col3: Loading /fs/vulcan-scratch/krusinga/projects/ganProbability/generated/e40/models/netD.pth
DCGANSize32Col3: Probability sampling 0
DCGANSize32Col3: Probability sampling 1
DCGANSize32Col3: Probability sampling 2
DCGANSize32Col3: Probability sampling 3
DCGANSize32Col3: Probability sampling 4
DCGANSize32Col3: Probability sampling 5
DCGANSize32Col3: Probability sampling 6
DCGANSize32Col3: Probability sampling 7
DCGANSize32Col3: Probability sampling 8
DCGANSize32Col3: Probability sampling 9
SampleGAN: Saving /fs/vulcan-scratch/krusinga/projects/ganProbability/generated/e40/data/samples_0.mat
ZipSamples: Collapsing to process 0
ZipSamples: In Process 0 (this should not be seen by other processes)
ZipSamples: Loading mats
ZipSamples: Saving samples
RegressorSize32Col3: {'netPclass': <class 'code.total.models.nnModels.NetP32'>, 'beta1': 0.5, 'netGkey': 'netG', 'npf': 64, 'ngpu': 0, 'take': 4, 'checkpointEvery': 10, 'netDkey': 'netD', 'netPinstance': -1, 'nGANepochs': 1, 'batchSize': 1, 'nc': 3, 'samples': 10, 'lr': 0.0002, 'cuda': True, 'netPexpNum': -1, 'nRegressorEpochs': 1, 'imSize': 32, 'netPkey': ''}
RegressorSize32Col3: inShape is (3, 32, 32)
RegressorSize32Col3: ===Begin epoch 0
RegressorSize32Col3: Iteration 0
RegressorSize32Col3: Iteration 1
RegressorSize32Col3: Iteration 2
RegressorSize32Col3: Iteration 3
RegressorSize32Col3: Iteration 4
RegressorSize32Col3: Iteration 5
RegressorSize32Col3: Iteration 6
RegressorSize32Col3: Iteration 7
RegressorSize32Col3: Epoch 0, loss=84.3412313461, abserror=84.8412313461
RegressorSize32Col3: Testing epoch 0, loss = 99, abserror=99
RegressorSize32Col3: Saving /fs/vulcan-scratch/krusinga/projects/ganProbability/generated/e40/models/netP.pth
An exception occurred when running RegressorTest
<type 'exceptions.NameError'>
global name 'torch' is not defined
Exiting early
=====
Starting experiment stage2
ID: 40, PID 0/1
09_26_2018_13:13:38
=====
DCGANSize32Col3: {'samples': 10, 'netGkey': 'netG', 'netGinstance': -1, 'ngpu': 0, 'take': 4, 'netGclass': <class 'code.total.models.nnModels.NetG32'>, 'checkpointEvery': 10, 'ngf': 64, 'netDclass': <class 'code.total.models.nnModels.NetD32'>, 'nGANepochs': 1, 'netDexpNum': -1, 'nc': 3, 'nz': 100, 'ndf': 64, 'netGexpNum': -1, 'netDinstance': -1, 'lr': 0.0002, 'cuda': True, 'beta1': 0.5, 'nRegressorEpochs': 1, 'netDkey': 'netD', 'batchSize': 1, 'imSize': 32}
DCGANSize32Col3: outShape is (3, 32, 32)
DCGANSize32Col3: Loading /fs/vulcan-scratch/krusinga/projects/ganProbability/generated/e40/models/netG.pth
DCGANSize32Col3: Loading /fs/vulcan-scratch/krusinga/projects/ganProbability/generated/e40/models/netD.pth
DCGANSize32Col3: Probability sampling 0
DCGANSize32Col3: Probability sampling 1
DCGANSize32Col3: Probability sampling 2
DCGANSize32Col3: Probability sampling 3
DCGANSize32Col3: Probability sampling 4
DCGANSize32Col3: Probability sampling 5
DCGANSize32Col3: Probability sampling 6
DCGANSize32Col3: Probability sampling 7
DCGANSize32Col3: Probability sampling 8
DCGANSize32Col3: Probability sampling 9
SampleGAN: Saving /fs/vulcan-scratch/krusinga/projects/ganProbability/generated/e40/data/samples_0.mat
ZipSamples: Collapsing to process 0
ZipSamples: In Process 0 (this should not be seen by other processes)
ZipSamples: Loading mats
ZipSamples: Saving samples
RegressorSize32Col3: {'netPclass': <class 'code.total.models.nnModels.NetP32'>, 'beta1': 0.5, 'netGkey': 'netG', 'npf': 64, 'ngpu': 0, 'take': 4, 'checkpointEvery': 10, 'netDkey': 'netD', 'netPinstance': -1, 'nGANepochs': 1, 'batchSize': 1, 'nc': 3, 'samples': 10, 'lr': 0.0002, 'cuda': True, 'netPexpNum': -1, 'nRegressorEpochs': 1, 'imSize': 32, 'netPkey': ''}
RegressorSize32Col3: inShape is (3, 32, 32)
RegressorSize32Col3: ===Begin epoch 0
RegressorSize32Col3: Iteration 0
RegressorSize32Col3: Iteration 1
RegressorSize32Col3: Iteration 2
RegressorSize32Col3: Iteration 3
RegressorSize32Col3: Iteration 4
RegressorSize32Col3: Iteration 5
RegressorSize32Col3: Iteration 6
RegressorSize32Col3: Iteration 7
RegressorSize32Col3: Epoch 0, loss=89.5660476685, abserror=90.0660476685
RegressorSize32Col3: Testing epoch 0, loss = 103, abserror=104
RegressorSize32Col3: Saving /fs/vulcan-scratch/krusinga/projects/ganProbability/generated/e40/models/netP.pth
An exception occurred when running RegressorTest
<type 'exceptions.RuntimeError'>
cannot call .data on a torch.Tensor: did you intend to use autograd.Variable?
Exiting early
=====
Starting experiment stage2
ID: 40, PID 0/1
09_26_2018_13:16:00
=====
DCGANSize32Col3: {'samples': 10, 'netGkey': 'netG', 'netGinstance': -1, 'ngpu': 0, 'take': 4, 'netGclass': <class 'code.total.models.nnModels.NetG32'>, 'checkpointEvery': 10, 'ngf': 64, 'netDclass': <class 'code.total.models.nnModels.NetD32'>, 'nGANepochs': 1, 'netDexpNum': -1, 'nc': 3, 'nz': 100, 'ndf': 64, 'netGexpNum': -1, 'netDinstance': -1, 'lr': 0.0002, 'cuda': True, 'beta1': 0.5, 'nRegressorEpochs': 1, 'netDkey': 'netD', 'batchSize': 1, 'imSize': 32}
DCGANSize32Col3: outShape is (3, 32, 32)
DCGANSize32Col3: Loading /fs/vulcan-scratch/krusinga/projects/ganProbability/generated/e40/models/netG.pth
DCGANSize32Col3: Loading /fs/vulcan-scratch/krusinga/projects/ganProbability/generated/e40/models/netD.pth
DCGANSize32Col3: Probability sampling 0
DCGANSize32Col3: Probability sampling 1
DCGANSize32Col3: Probability sampling 2
DCGANSize32Col3: Probability sampling 3
DCGANSize32Col3: Probability sampling 4
DCGANSize32Col3: Probability sampling 5
DCGANSize32Col3: Probability sampling 6
DCGANSize32Col3: Probability sampling 7
DCGANSize32Col3: Probability sampling 8
DCGANSize32Col3: Probability sampling 9
SampleGAN: Saving /fs/vulcan-scratch/krusinga/projects/ganProbability/generated/e40/data/samples_0.mat
ZipSamples: Collapsing to process 0
ZipSamples: In Process 0 (this should not be seen by other processes)
ZipSamples: Loading mats
ZipSamples: Saving samples
RegressorSize32Col3: {'netPclass': <class 'code.total.models.nnModels.NetP32'>, 'beta1': 0.5, 'netGkey': 'netG', 'npf': 64, 'ngpu': 0, 'take': 4, 'checkpointEvery': 10, 'netDkey': 'netD', 'netPinstance': -1, 'nGANepochs': 1, 'batchSize': 1, 'nc': 3, 'samples': 10, 'lr': 0.0002, 'cuda': True, 'netPexpNum': -1, 'nRegressorEpochs': 1, 'imSize': 32, 'netPkey': ''}
RegressorSize32Col3: inShape is (3, 32, 32)
RegressorSize32Col3: ===Begin epoch 0
RegressorSize32Col3: Iteration 0
RegressorSize32Col3: Iteration 1
RegressorSize32Col3: Iteration 2
RegressorSize32Col3: Iteration 3
RegressorSize32Col3: Iteration 4
RegressorSize32Col3: Iteration 5
RegressorSize32Col3: Iteration 6
RegressorSize32Col3: Iteration 7
RegressorSize32Col3: Epoch 0, loss=87.877866745, abserror=88.377866745
RegressorSize32Col3: Testing epoch 0, loss = 102, abserror=102
RegressorSize32Col3: Saving /fs/vulcan-scratch/krusinga/projects/ganProbability/generated/e40/models/netP.pth
An exception occurred when running RegressorTest
<class 'bdb.BdbQuit'>

Exiting early
=====
Starting experiment stage2
ID: 40, PID 0/1
09_26_2018_13:17:28
=====
DCGANSize32Col3: {'samples': 10, 'netGkey': 'netG', 'netGinstance': -1, 'ngpu': 0, 'take': 4, 'netGclass': <class 'code.total.models.nnModels.NetG32'>, 'checkpointEvery': 10, 'ngf': 64, 'netDclass': <class 'code.total.models.nnModels.NetD32'>, 'nGANepochs': 1, 'netDexpNum': -1, 'nc': 3, 'nz': 100, 'ndf': 64, 'netGexpNum': -1, 'netDinstance': -1, 'lr': 0.0002, 'cuda': True, 'beta1': 0.5, 'nRegressorEpochs': 1, 'netDkey': 'netD', 'batchSize': 1, 'imSize': 32}
DCGANSize32Col3: outShape is (3, 32, 32)
DCGANSize32Col3: Loading /fs/vulcan-scratch/krusinga/projects/ganProbability/generated/e40/models/netG.pth
DCGANSize32Col3: Loading /fs/vulcan-scratch/krusinga/projects/ganProbability/generated/e40/models/netD.pth
DCGANSize32Col3: Probability sampling 0
DCGANSize32Col3: Probability sampling 1
DCGANSize32Col3: Probability sampling 2
DCGANSize32Col3: Probability sampling 3
DCGANSize32Col3: Probability sampling 4
DCGANSize32Col3: Probability sampling 5
DCGANSize32Col3: Probability sampling 6
DCGANSize32Col3: Probability sampling 7
DCGANSize32Col3: Probability sampling 8
DCGANSize32Col3: Probability sampling 9
SampleGAN: Saving /fs/vulcan-scratch/krusinga/projects/ganProbability/generated/e40/data/samples_0.mat
ZipSamples: Collapsing to process 0
ZipSamples: In Process 0 (this should not be seen by other processes)
ZipSamples: Loading mats
ZipSamples: Saving samples
RegressorSize32Col3: {'netPclass': <class 'code.total.models.nnModels.NetP32'>, 'beta1': 0.5, 'netGkey': 'netG', 'npf': 64, 'ngpu': 0, 'take': 4, 'checkpointEvery': 10, 'netDkey': 'netD', 'netPinstance': -1, 'nGANepochs': 1, 'batchSize': 1, 'nc': 3, 'samples': 10, 'lr': 0.0002, 'cuda': True, 'netPexpNum': -1, 'nRegressorEpochs': 1, 'imSize': 32, 'netPkey': ''}
RegressorSize32Col3: inShape is (3, 32, 32)
RegressorSize32Col3: ===Begin epoch 0
RegressorSize32Col3: Iteration 0
RegressorSize32Col3: Iteration 1
RegressorSize32Col3: Iteration 2
RegressorSize32Col3: Iteration 3
RegressorSize32Col3: Iteration 4
RegressorSize32Col3: Iteration 5
RegressorSize32Col3: Iteration 6
RegressorSize32Col3: Iteration 7
RegressorSize32Col3: Epoch 0, loss=70.9179158211, abserror=71.4179158211
RegressorSize32Col3: Testing epoch 0, loss = 85, abserror=86
RegressorSize32Col3: Saving /fs/vulcan-scratch/krusinga/projects/ganProbability/generated/e40/models/netP.pth
An exception occurred when running RegressorTest
<type 'exceptions.RuntimeError'>
cannot call .data on a torch.Tensor: did you intend to use autograd.Variable?
Exiting early
=====
Starting experiment stage2
ID: 40, PID 0/1
09_26_2018_13:17:56
=====
DCGANSize32Col3: {'samples': 10, 'netGkey': 'netG', 'netGinstance': -1, 'ngpu': 0, 'take': 4, 'netGclass': <class 'code.total.models.nnModels.NetG32'>, 'checkpointEvery': 10, 'ngf': 64, 'netDclass': <class 'code.total.models.nnModels.NetD32'>, 'nGANepochs': 1, 'netDexpNum': -1, 'nc': 3, 'nz': 100, 'ndf': 64, 'netGexpNum': -1, 'netDinstance': -1, 'lr': 0.0002, 'cuda': True, 'beta1': 0.5, 'nRegressorEpochs': 1, 'netDkey': 'netD', 'batchSize': 1, 'imSize': 32}
DCGANSize32Col3: outShape is (3, 32, 32)
DCGANSize32Col3: Loading /fs/vulcan-scratch/krusinga/projects/ganProbability/generated/e40/models/netG.pth
DCGANSize32Col3: Loading /fs/vulcan-scratch/krusinga/projects/ganProbability/generated/e40/models/netD.pth
DCGANSize32Col3: Probability sampling 0
DCGANSize32Col3: Probability sampling 1
DCGANSize32Col3: Probability sampling 2
DCGANSize32Col3: Probability sampling 3
DCGANSize32Col3: Probability sampling 4
DCGANSize32Col3: Probability sampling 5
DCGANSize32Col3: Probability sampling 6
DCGANSize32Col3: Probability sampling 7
DCGANSize32Col3: Probability sampling 8
DCGANSize32Col3: Probability sampling 9
SampleGAN: Saving /fs/vulcan-scratch/krusinga/projects/ganProbability/generated/e40/data/samples_0.mat
ZipSamples: Collapsing to process 0
ZipSamples: In Process 0 (this should not be seen by other processes)
ZipSamples: Loading mats
ZipSamples: Saving samples
RegressorSize32Col3: {'netPclass': <class 'code.total.models.nnModels.NetP32'>, 'beta1': 0.5, 'netGkey': 'netG', 'npf': 64, 'ngpu': 0, 'take': 4, 'checkpointEvery': 10, 'netDkey': 'netD', 'netPinstance': -1, 'nGANepochs': 1, 'batchSize': 1, 'nc': 3, 'samples': 10, 'lr': 0.0002, 'cuda': True, 'netPexpNum': -1, 'nRegressorEpochs': 1, 'imSize': 32, 'netPkey': ''}
RegressorSize32Col3: inShape is (3, 32, 32)
RegressorSize32Col3: ===Begin epoch 0
RegressorSize32Col3: Iteration 0
RegressorSize32Col3: Iteration 1
RegressorSize32Col3: Iteration 2
RegressorSize32Col3: Iteration 3
RegressorSize32Col3: Iteration 4
RegressorSize32Col3: Iteration 5
RegressorSize32Col3: Iteration 6
RegressorSize32Col3: Iteration 7
RegressorSize32Col3: Epoch 0, loss=76.3452472687, abserror=76.8452472687
RegressorSize32Col3: Testing epoch 0, loss = 89, abserror=90
RegressorSize32Col3: Saving /fs/vulcan-scratch/krusinga/projects/ganProbability/generated/e40/models/netP.pth
An exception occurred when running RegressorTest
<type 'exceptions.RuntimeError'>
Expected object of type torch.FloatTensor but found type torch.cuda.FloatTensor for argument #2 'weight'
Exiting early
=====
Starting experiment stage2
ID: 40, PID 0/1
09_26_2018_13:18:32
=====
DCGANSize32Col3: {'samples': 10, 'netGkey': 'netG', 'netGinstance': -1, 'ngpu': 0, 'take': 4, 'netGclass': <class 'code.total.models.nnModels.NetG32'>, 'checkpointEvery': 10, 'ngf': 64, 'netDclass': <class 'code.total.models.nnModels.NetD32'>, 'nGANepochs': 1, 'netDexpNum': -1, 'nc': 3, 'nz': 100, 'ndf': 64, 'netGexpNum': -1, 'netDinstance': -1, 'lr': 0.0002, 'cuda': True, 'beta1': 0.5, 'nRegressorEpochs': 1, 'netDkey': 'netD', 'batchSize': 1, 'imSize': 32}
DCGANSize32Col3: outShape is (3, 32, 32)
DCGANSize32Col3: Loading /fs/vulcan-scratch/krusinga/projects/ganProbability/generated/e40/models/netG.pth
DCGANSize32Col3: Loading /fs/vulcan-scratch/krusinga/projects/ganProbability/generated/e40/models/netD.pth
DCGANSize32Col3: Probability sampling 0
DCGANSize32Col3: Probability sampling 1
DCGANSize32Col3: Probability sampling 2
DCGANSize32Col3: Probability sampling 3
DCGANSize32Col3: Probability sampling 4
DCGANSize32Col3: Probability sampling 5
DCGANSize32Col3: Probability sampling 6
DCGANSize32Col3: Probability sampling 7
DCGANSize32Col3: Probability sampling 8
DCGANSize32Col3: Probability sampling 9
SampleGAN: Saving /fs/vulcan-scratch/krusinga/projects/ganProbability/generated/e40/data/samples_0.mat
ZipSamples: Collapsing to process 0
ZipSamples: In Process 0 (this should not be seen by other processes)
ZipSamples: Loading mats
ZipSamples: Saving samples
RegressorSize32Col3: {'netPclass': <class 'code.total.models.nnModels.NetP32'>, 'beta1': 0.5, 'netGkey': 'netG', 'npf': 64, 'ngpu': 0, 'take': 4, 'checkpointEvery': 10, 'netDkey': 'netD', 'netPinstance': -1, 'nGANepochs': 1, 'batchSize': 1, 'nc': 3, 'samples': 10, 'lr': 0.0002, 'cuda': True, 'netPexpNum': -1, 'nRegressorEpochs': 1, 'imSize': 32, 'netPkey': ''}
RegressorSize32Col3: inShape is (3, 32, 32)
RegressorSize32Col3: ===Begin epoch 0
RegressorSize32Col3: Iteration 0
RegressorSize32Col3: Iteration 1
RegressorSize32Col3: Iteration 2
RegressorSize32Col3: Iteration 3
RegressorSize32Col3: Iteration 4
RegressorSize32Col3: Iteration 5
RegressorSize32Col3: Iteration 6
RegressorSize32Col3: Iteration 7
RegressorSize32Col3: Epoch 0, loss=103.306333542, abserror=103.806333542
RegressorSize32Col3: Testing epoch 0, loss = 118, abserror=118
RegressorSize32Col3: Saving /fs/vulcan-scratch/krusinga/projects/ganProbability/generated/e40/models/netP.pth
An exception occurred when running RegressorTest
<type 'exceptions.NameError'>
global name 'np' is not defined
Exiting early
=====
Starting experiment stage2
ID: 40, PID 0/1
09_26_2018_13:18:55
=====
DCGANSize32Col3: {'samples': 10, 'netGkey': 'netG', 'netGinstance': -1, 'ngpu': 0, 'take': 4, 'netGclass': <class 'code.total.models.nnModels.NetG32'>, 'checkpointEvery': 10, 'ngf': 64, 'netDclass': <class 'code.total.models.nnModels.NetD32'>, 'nGANepochs': 1, 'netDexpNum': -1, 'nc': 3, 'nz': 100, 'ndf': 64, 'netGexpNum': -1, 'netDinstance': -1, 'lr': 0.0002, 'cuda': True, 'beta1': 0.5, 'nRegressorEpochs': 1, 'netDkey': 'netD', 'batchSize': 1, 'imSize': 32}
DCGANSize32Col3: outShape is (3, 32, 32)
DCGANSize32Col3: Loading /fs/vulcan-scratch/krusinga/projects/ganProbability/generated/e40/models/netG.pth
DCGANSize32Col3: Loading /fs/vulcan-scratch/krusinga/projects/ganProbability/generated/e40/models/netD.pth
DCGANSize32Col3: Probability sampling 0
DCGANSize32Col3: Probability sampling 1
DCGANSize32Col3: Probability sampling 2
DCGANSize32Col3: Probability sampling 3
DCGANSize32Col3: Probability sampling 4
DCGANSize32Col3: Probability sampling 5
DCGANSize32Col3: Probability sampling 6
DCGANSize32Col3: Probability sampling 7
DCGANSize32Col3: Probability sampling 8
DCGANSize32Col3: Probability sampling 9
SampleGAN: Saving /fs/vulcan-scratch/krusinga/projects/ganProbability/generated/e40/data/samples_0.mat
ZipSamples: Collapsing to process 0
ZipSamples: In Process 0 (this should not be seen by other processes)
ZipSamples: Loading mats
ZipSamples: Saving samples
RegressorSize32Col3: {'netPclass': <class 'code.total.models.nnModels.NetP32'>, 'beta1': 0.5, 'netGkey': 'netG', 'npf': 64, 'ngpu': 0, 'take': 4, 'checkpointEvery': 10, 'netDkey': 'netD', 'netPinstance': -1, 'nGANepochs': 1, 'batchSize': 1, 'nc': 3, 'samples': 10, 'lr': 0.0002, 'cuda': True, 'netPexpNum': -1, 'nRegressorEpochs': 1, 'imSize': 32, 'netPkey': ''}
RegressorSize32Col3: inShape is (3, 32, 32)
RegressorSize32Col3: ===Begin epoch 0
RegressorSize32Col3: Iteration 0
RegressorSize32Col3: Iteration 1
RegressorSize32Col3: Iteration 2
RegressorSize32Col3: Iteration 3
RegressorSize32Col3: Iteration 4
RegressorSize32Col3: Iteration 5
RegressorSize32Col3: Iteration 6
RegressorSize32Col3: Iteration 7
RegressorSize32Col3: Epoch 0, loss=89.8415985107, abserror=90.3415985107
RegressorSize32Col3: Testing epoch 0, loss = 104, abserror=104
RegressorSize32Col3: Saving /fs/vulcan-scratch/krusinga/projects/ganProbability/generated/e40/models/netP.pth
RegressorTest: Saving /fs/vulcan-scratch/krusinga/projects/ganProbability/generated/e40/data/regressorShiftResults_0.mat
Analyzer: Obtaining data for analysis
Analyzer: Generating /fs/vulcan-scratch/krusinga/projects/ganProbability/experiments/e40/analysis/ganTrainPlot.png with handler for lineplot
Analyzer: Saving data in /fs/vulcan-scratch/krusinga/projects/ganProbability/experiments/e40/analysis/ganTrainPlot.pickle
Analyzer: Generating /fs/vulcan-scratch/krusinga/projects/ganProbability/experiments/e40/analysis/topIms.png with handler for imageArray
Analyzer: Saving data in /fs/vulcan-scratch/krusinga/projects/ganProbability/experiments/e40/analysis/topIms.pickle
Analyzer: Generating /fs/vulcan-scratch/krusinga/projects/ganProbability/experiments/e40/analysis/botIms.png with handler for imageArray
Analyzer: Saving data in /fs/vulcan-scratch/krusinga/projects/ganProbability/experiments/e40/analysis/botIms.pickle
Analyzer: Generating /fs/vulcan-scratch/krusinga/projects/ganProbability/experiments/e40/analysis/lossCurve.png with handler for lineplot
Analyzer: Saving data in /fs/vulcan-scratch/krusinga/projects/ganProbability/experiments/e40/analysis/lossCurve.pickle
Analyzer: Generating /fs/vulcan-scratch/krusinga/projects/ganProbability/experiments/e40/analysis/errorCurve.png with handler for lineplot
Analyzer: Saving data in /fs/vulcan-scratch/krusinga/projects/ganProbability/experiments/e40/analysis/errorCurve.pickle
Module times: [3.115433931350708, 1.142638921737671, 0.007205009460449219, 5.602836608886719e-05, 3.2901763916015625e-05, 0.06217002868652344, 0.43399691581726074, 0.47407102584838867, 0.9609959125518799]
Total time: 6.19663596153
